{"/home/krishna/chatroom-With games/server/index.ts": {"path":"/home/krishna/chatroom-With games/server/index.ts","statementMap":{"0":{"start":{"line":1,"column":0},"end":{"line":1,"column":30}},"1":{"start":{"line":2,"column":0},"end":{"line":2,"column":24}},"2":{"start":{"line":3,"column":0},"end":{"line":3,"column":36}},"3":{"start":{"line":4,"column":0},"end":{"line":4,"column":35}},"4":{"start":{"line":5,"column":0},"end":{"line":5,"column":39}},"5":{"start":{"line":6,"column":0},"end":{"line":6,"column":44}},"6":{"start":{"line":7,"column":0},"end":{"line":7,"column":38}},"7":{"start":{"line":8,"column":0},"end":{"line":8,"column":40}},"8":{"start":{"line":9,"column":0},"end":{"line":9,"column":42}},"9":{"start":{"line":11,"column":0},"end":{"line":11,"column":36}},"10":{"start":{"line":12,"column":0},"end":{"line":12,"column":33}},"11":{"start":{"line":13,"column":0},"end":{"line":13,"column":28}},"12":{"start":{"line":14,"column":0},"end":{"line":14,"column":24}},"13":{"start":{"line":15,"column":0},"end":{"line":15,"column":36}},"14":{"start":{"line":16,"column":0},"end":{"line":16,"column":20}},"15":{"start":{"line":17,"column":0},"end":{"line":17,"column":48}},"16":{"start":{"line":19,"column":12},"end":{"line":19,"column":21}},"17":{"start":{"line":20,"column":19},"end":{"line":20,"column":36}},"18":{"start":{"line":21,"column":11},"end":{"line":26,"column":2}},"19":{"start":{"line":29,"column":2},"end":{"line":42,"column":4}},"20":{"start":{"line":31,"column":41},"end":{"line":39,"column":6}},"21":{"start":{"line":46,"column":2},"end":{"line":57,"column":4}},"22":{"start":{"line":60,"column":0},"end":{"line":60,"column":51}},"23":{"start":{"line":61,"column":0},"end":{"line":61,"column":24}},"24":{"start":{"line":64,"column":16},"end":{"line":77,"column":2}},"25":{"start":{"line":66,"column":22},"end":{"line":66,"column":53}},"26":{"start":{"line":67,"column":4},"end":{"line":69,"column":5}},"27":{"start":{"line":68,"column":6},"end":{"line":68,"column":51}},"28":{"start":{"line":70,"column":4},"end":{"line":70,"column":24}},"29":{"start":{"line":74,"column":25},"end":{"line":74,"column":75}},"30":{"start":{"line":75,"column":4},"end":{"line":75,"column":61}},"31":{"start":{"line":79,"column":15},"end":{"line":79,"column":43}},"32":{"start":{"line":82,"column":19},"end":{"line":82,"column":49}},"33":{"start":{"line":83,"column":18},"end":{"line":83,"column":42}},"34":{"start":{"line":86,"column":0},"end":{"line":86,"column":69}},"35":{"start":{"line":89,"column":0},"end":{"line":99,"column":3}},"36":{"start":{"line":90,"column":2},"end":{"line":92,"column":3}},"37":{"start":{"line":91,"column":4},"end":{"line":91,"column":63}},"38":{"start":{"line":96,"column":18},"end":{"line":96,"column":49}},"39":{"start":{"line":98,"column":2},"end":{"line":98,"column":29}},"40":{"start":{"line":102,"column":0},"end":{"line":104,"column":3}},"41":{"start":{"line":103,"column":2},"end":{"line":103,"column":60}},"42":{"start":{"line":107,"column":0},"end":{"line":131,"column":3}},"43":{"start":{"line":108,"column":17},"end":{"line":108,"column":26}},"44":{"start":{"line":109,"column":2},"end":{"line":111,"column":3}},"45":{"start":{"line":110,"column":4},"end":{"line":110,"column":57}},"46":{"start":{"line":113,"column":18},"end":{"line":128,"column":4}},"47":{"start":{"line":130,"column":2},"end":{"line":130,"column":28}},"48":{"start":{"line":134,"column":0},"end":{"line":165,"column":3}},"49":{"start":{"line":135,"column":17},"end":{"line":135,"column":26}},"50":{"start":{"line":136,"column":2},"end":{"line":138,"column":3}},"51":{"start":{"line":137,"column":4},"end":{"line":137,"column":57}},"52":{"start":{"line":140,"column":18},"end":{"line":162,"column":4}},"53":{"start":{"line":164,"column":2},"end":{"line":164,"column":28}},"54":{"start":{"line":168,"column":0},"end":{"line":180,"column":3}},"55":{"start":{"line":169,"column":2},"end":{"line":179,"column":3}},"56":{"start":{"line":170,"column":23},"end":{"line":170,"column":32}},"57":{"start":{"line":171,"column":4},"end":{"line":173,"column":5}},"58":{"start":{"line":172,"column":6},"end":{"line":172,"column":73}},"59":{"start":{"line":174,"column":4},"end":{"line":174,"column":56}},"60":{"start":{"line":176,"column":4},"end":{"line":178,"column":5}},"61":{"start":{"line":177,"column":6},"end":{"line":177,"column":66}},"62":{"start":{"line":182,"column":0},"end":{"line":884,"column":3}},"63":{"start":{"line":183,"column":2},"end":{"line":183,"column":44}},"64":{"start":{"line":186,"column":2},"end":{"line":202,"column":5}},"65":{"start":{"line":187,"column":4},"end":{"line":201,"column":5}},"66":{"start":{"line":188,"column":21},"end":{"line":188,"column":29}},"67":{"start":{"line":189,"column":23},"end":{"line":189,"column":47}},"68":{"start":{"line":190,"column":19},"end":{"line":190,"column":86}},"69":{"start":{"line":192,"column":6},"end":{"line":198,"column":7}},"70":{"start":{"line":193,"column":8},"end":{"line":193,"column":30}},"71":{"start":{"line":194,"column":9},"end":{"line":194,"column":40}},"72":{"start":{"line":195,"column":8},"end":{"line":195,"column":81}},"73":{"start":{"line":197,"column":8},"end":{"line":197,"column":69}},"74":{"start":{"line":200,"column":6},"end":{"line":200,"column":58}},"75":{"start":{"line":205,"column":2},"end":{"line":227,"column":5}},"76":{"start":{"line":206,"column":4},"end":{"line":226,"column":5}},"77":{"start":{"line":207,"column":21},"end":{"line":207,"column":44}},"78":{"start":{"line":208,"column":19},"end":{"line":208,"column":91}},"79":{"start":{"line":210,"column":6},"end":{"line":223,"column":7}},"80":{"start":{"line":211,"column":8},"end":{"line":211,"column":35}},"81":{"start":{"line":212,"column":9},"end":{"line":212,"column":40}},"82":{"start":{"line":215,"column":8},"end":{"line":218,"column":11}},"83":{"start":{"line":220,"column":8},"end":{"line":220,"column":71}},"84":{"start":{"line":222,"column":8},"end":{"line":222,"column":62}},"85":{"start":{"line":225,"column":6},"end":{"line":225,"column":58}},"86":{"start":{"line":230,"column":2},"end":{"line":232,"column":5}},"87":{"start":{"line":231,"column":4},"end":{"line":231,"column":94}},"88":{"start":{"line":234,"column":2},"end":{"line":236,"column":5}},"89":{"start":{"line":235,"column":4},"end":{"line":235,"column":95}},"90":{"start":{"line":238,"column":2},"end":{"line":240,"column":5}},"91":{"start":{"line":239,"column":4},"end":{"line":239,"column":92}},"92":{"start":{"line":242,"column":2},"end":{"line":244,"column":5}},"93":{"start":{"line":243,"column":4},"end":{"line":243,"column":69}},"94":{"start":{"line":247,"column":2},"end":{"line":262,"column":5}},"95":{"start":{"line":248,"column":4},"end":{"line":261,"column":5}},"96":{"start":{"line":249,"column":6},"end":{"line":249,"column":59}},"97":{"start":{"line":250,"column":23},"end":{"line":250,"column":63}},"98":{"start":{"line":252,"column":6},"end":{"line":258,"column":7}},"99":{"start":{"line":253,"column":8},"end":{"line":253,"column":35}},"100":{"start":{"line":254,"column":9},"end":{"line":254,"column":45}},"101":{"start":{"line":255,"column":8},"end":{"line":255,"column":97}},"102":{"start":{"line":257,"column":8},"end":{"line":257,"column":62}},"103":{"start":{"line":260,"column":6},"end":{"line":260,"column":58}},"104":{"start":{"line":264,"column":2},"end":{"line":284,"column":5}},"105":{"start":{"line":265,"column":4},"end":{"line":283,"column":5}},"106":{"start":{"line":266,"column":27},"end":{"line":266,"column":70}},"107":{"start":{"line":267,"column":6},"end":{"line":269,"column":7}},"108":{"start":{"line":268,"column":8},"end":{"line":268,"column":74}},"109":{"start":{"line":270,"column":21},"end":{"line":270,"column":73}},"110":{"start":{"line":271,"column":6},"end":{"line":273,"column":7}},"111":{"start":{"line":272,"column":8},"end":{"line":272,"column":68}},"112":{"start":{"line":275,"column":6},"end":{"line":278,"column":7}},"113":{"start":{"line":276,"column":8},"end":{"line":276,"column":83}},"114":{"start":{"line":277,"column":8},"end":{"line":277,"column":78}},"115":{"start":{"line":279,"column":6},"end":{"line":279,"column":78}},"116":{"start":{"line":280,"column":6},"end":{"line":280,"column":36}},"117":{"start":{"line":282,"column":6},"end":{"line":282,"column":60}},"118":{"start":{"line":287,"column":2},"end":{"line":299,"column":5}},"119":{"start":{"line":288,"column":17},"end":{"line":288,"column":51}},"120":{"start":{"line":289,"column":4},"end":{"line":298,"column":5}},"121":{"start":{"line":290,"column":6},"end":{"line":290,"column":31}},"122":{"start":{"line":291,"column":6},"end":{"line":295,"column":8}},"123":{"start":{"line":296,"column":6},"end":{"line":296,"column":63}},"124":{"start":{"line":297,"column":6},"end":{"line":297,"column":72}},"125":{"start":{"line":301,"column":2},"end":{"line":308,"column":5}},"126":{"start":{"line":302,"column":17},"end":{"line":302,"column":51}},"127":{"start":{"line":303,"column":4},"end":{"line":307,"column":5}},"128":{"start":{"line":304,"column":6},"end":{"line":304,"column":35}},"129":{"start":{"line":306,"column":6},"end":{"line":306,"column":67}},"130":{"start":{"line":310,"column":2},"end":{"line":319,"column":5}},"131":{"start":{"line":311,"column":18},"end":{"line":311,"column":95}},"132":{"start":{"line":312,"column":4},"end":{"line":318,"column":5}},"133":{"start":{"line":313,"column":19},"end":{"line":313,"column":53}},"134":{"start":{"line":314,"column":6},"end":{"line":317,"column":7}},"135":{"start":{"line":315,"column":8},"end":{"line":315,"column":82}},"136":{"start":{"line":316,"column":8},"end":{"line":316,"column":71}},"137":{"start":{"line":321,"column":2},"end":{"line":339,"column":5}},"138":{"start":{"line":322,"column":19},"end":{"line":322,"column":79}},"139":{"start":{"line":323,"column":4},"end":{"line":338,"column":5}},"140":{"start":{"line":324,"column":19},"end":{"line":324,"column":53}},"141":{"start":{"line":325,"column":6},"end":{"line":337,"column":7}},"142":{"start":{"line":326,"column":8},"end":{"line":326,"column":82}},"143":{"start":{"line":327,"column":8},"end":{"line":327,"column":71}},"144":{"start":{"line":330,"column":8},"end":{"line":336,"column":9}},"145":{"start":{"line":331,"column":27},"end":{"line":331,"column":57}},"146":{"start":{"line":332,"column":27},"end":{"line":332,"column":68}},"147":{"start":{"line":333,"column":10},"end":{"line":335,"column":13}},"148":{"start":{"line":334,"column":12},"end":{"line":334,"column":64}},"149":{"start":{"line":334,"column":21},"end":{"line":334,"column":64}},"150":{"start":{"line":342,"column":2},"end":{"line":355,"column":5}},"151":{"start":{"line":343,"column":4},"end":{"line":354,"column":5}},"152":{"start":{"line":344,"column":22},"end":{"line":344,"column":86}},"153":{"start":{"line":346,"column":6},"end":{"line":351,"column":7}},"154":{"start":{"line":347,"column":8},"end":{"line":347,"column":58}},"155":{"start":{"line":348,"column":8},"end":{"line":348,"column":45}},"156":{"start":{"line":350,"column":8},"end":{"line":350,"column":70}},"157":{"start":{"line":353,"column":6},"end":{"line":353,"column":58}},"158":{"start":{"line":358,"column":2},"end":{"line":379,"column":5}},"159":{"start":{"line":359,"column":4},"end":{"line":378,"column":5}},"160":{"start":{"line":360,"column":19},"end":{"line":360,"column":114}},"161":{"start":{"line":362,"column":6},"end":{"line":375,"column":7}},"162":{"start":{"line":363,"column":21},"end":{"line":363,"column":55}},"163":{"start":{"line":364,"column":8},"end":{"line":369,"column":9}},"164":{"start":{"line":365,"column":10},"end":{"line":365,"column":73}},"165":{"start":{"line":366,"column":10},"end":{"line":368,"column":13}},"166":{"start":{"line":370,"column":8},"end":{"line":370,"column":57}},"167":{"start":{"line":372,"column":8},"end":{"line":372,"column":56}},"168":{"start":{"line":372,"column":22},"end":{"line":372,"column":56}},"169":{"start":{"line":374,"column":8},"end":{"line":374,"column":84}},"170":{"start":{"line":374,"column":22},"end":{"line":374,"column":84}},"171":{"start":{"line":377,"column":6},"end":{"line":377,"column":72}},"172":{"start":{"line":377,"column":20},"end":{"line":377,"column":72}},"173":{"start":{"line":381,"column":2},"end":{"line":401,"column":5}},"174":{"start":{"line":382,"column":4},"end":{"line":400,"column":5}},"175":{"start":{"line":383,"column":22},"end":{"line":383,"column":84}},"176":{"start":{"line":385,"column":6},"end":{"line":397,"column":7}},"177":{"start":{"line":386,"column":8},"end":{"line":386,"column":69}},"178":{"start":{"line":387,"column":21},"end":{"line":387,"column":55}},"179":{"start":{"line":388,"column":8},"end":{"line":393,"column":9}},"180":{"start":{"line":389,"column":10},"end":{"line":389,"column":73}},"181":{"start":{"line":390,"column":10},"end":{"line":392,"column":13}},"182":{"start":{"line":394,"column":8},"end":{"line":394,"column":50}},"183":{"start":{"line":394,"column":22},"end":{"line":394,"column":50}},"184":{"start":{"line":396,"column":8},"end":{"line":396,"column":89}},"185":{"start":{"line":396,"column":22},"end":{"line":396,"column":89}},"186":{"start":{"line":399,"column":6},"end":{"line":399,"column":72}},"187":{"start":{"line":399,"column":20},"end":{"line":399,"column":72}},"188":{"start":{"line":403,"column":2},"end":{"line":414,"column":5}},"189":{"start":{"line":404,"column":20},"end":{"line":404,"column":79}},"190":{"start":{"line":405,"column":4},"end":{"line":405,"column":25}},"191":{"start":{"line":405,"column":18},"end":{"line":405,"column":25}},"192":{"start":{"line":407,"column":17},"end":{"line":407,"column":51}},"193":{"start":{"line":408,"column":4},"end":{"line":413,"column":5}},"194":{"start":{"line":409,"column":6},"end":{"line":411,"column":9}},"195":{"start":{"line":412,"column":6},"end":{"line":412,"column":69}},"196":{"start":{"line":416,"column":2},"end":{"line":426,"column":5}},"197":{"start":{"line":417,"column":17},"end":{"line":417,"column":51}},"198":{"start":{"line":418,"column":4},"end":{"line":425,"column":5}},"199":{"start":{"line":420,"column":6},"end":{"line":422,"column":7}},"200":{"start":{"line":421,"column":8},"end":{"line":421,"column":79}},"201":{"start":{"line":424,"column":6},"end":{"line":424,"column":67}},"202":{"start":{"line":428,"column":2},"end":{"line":445,"column":5}},"203":{"start":{"line":429,"column":4},"end":{"line":444,"column":5}},"204":{"start":{"line":430,"column":16},"end":{"line":430,"column":37}},"205":{"start":{"line":432,"column":22},"end":{"line":438,"column":9}},"206":{"start":{"line":432,"column":60},"end":{"line":438,"column":8}},"207":{"start":{"line":440,"column":6},"end":{"line":440,"column":45}},"208":{"start":{"line":442,"column":6},"end":{"line":442,"column":52}},"209":{"start":{"line":443,"column":6},"end":{"line":443,"column":71}},"210":{"start":{"line":448,"column":2},"end":{"line":472,"column":5}},"211":{"start":{"line":449,"column":4},"end":{"line":471,"column":5}},"212":{"start":{"line":450,"column":19},"end":{"line":450,"column":53}},"213":{"start":{"line":451,"column":6},"end":{"line":451,"column":24}},"214":{"start":{"line":451,"column":17},"end":{"line":451,"column":24}},"215":{"start":{"line":453,"column":27},"end":{"line":453,"column":94}},"216":{"start":{"line":453,"column":69},"end":{"line":453,"column":93}},"217":{"start":{"line":454,"column":29},"end":{"line":454,"column":50}},"218":{"start":{"line":457,"column":6},"end":{"line":468,"column":9}},"219":{"start":{"line":458,"column":27},"end":{"line":458,"column":87}},"220":{"start":{"line":458,"column":69},"end":{"line":458,"column":86}},"221":{"start":{"line":459,"column":8},"end":{"line":467,"column":9}},"222":{"start":{"line":460,"column":10},"end":{"line":466,"column":13}},"223":{"start":{"line":470,"column":6},"end":{"line":470,"column":61}},"224":{"start":{"line":474,"column":2},"end":{"line":508,"column":5}},"225":{"start":{"line":475,"column":4},"end":{"line":507,"column":5}},"226":{"start":{"line":476,"column":19},"end":{"line":476,"column":53}},"227":{"start":{"line":477,"column":6},"end":{"line":477,"column":24}},"228":{"start":{"line":477,"column":17},"end":{"line":477,"column":24}},"229":{"start":{"line":480,"column":6},"end":{"line":480,"column":39}},"230":{"start":{"line":482,"column":6},"end":{"line":499,"column":7}},"231":{"start":{"line":483,"column":8},"end":{"line":483,"column":64}},"232":{"start":{"line":486,"column":28},"end":{"line":486,"column":61}},"233":{"start":{"line":487,"column":8},"end":{"line":487,"column":67}},"234":{"start":{"line":489,"column":8},"end":{"line":494,"column":11}},"235":{"start":{"line":490,"column":31},"end":{"line":490,"column":87}},"236":{"start":{"line":490,"column":73},"end":{"line":490,"column":86}},"237":{"start":{"line":491,"column":12},"end":{"line":493,"column":13}},"238":{"start":{"line":492,"column":16},"end":{"line":492,"column":75}},"239":{"start":{"line":495,"column":13},"end":{"line":499,"column":7}},"240":{"start":{"line":496,"column":8},"end":{"line":496,"column":65}},"241":{"start":{"line":497,"column":13},"end":{"line":499,"column":7}},"242":{"start":{"line":498,"column":8},"end":{"line":498,"column":88}},"243":{"start":{"line":501,"column":6},"end":{"line":504,"column":9}},"244":{"start":{"line":506,"column":6},"end":{"line":506,"column":63}},"245":{"start":{"line":510,"column":2},"end":{"line":517,"column":5}},"246":{"start":{"line":511,"column":4},"end":{"line":516,"column":5}},"247":{"start":{"line":513,"column":6},"end":{"line":513,"column":54}},"248":{"start":{"line":515,"column":6},"end":{"line":515,"column":63}},"249":{"start":{"line":520,"column":2},"end":{"line":562,"column":5}},"250":{"start":{"line":521,"column":4},"end":{"line":561,"column":5}},"251":{"start":{"line":522,"column":19},"end":{"line":522,"column":53}},"252":{"start":{"line":523,"column":6},"end":{"line":526,"column":7}},"253":{"start":{"line":524,"column":8},"end":{"line":524,"column":62}},"254":{"start":{"line":525,"column":8},"end":{"line":525,"column":15}},"255":{"start":{"line":528,"column":6},"end":{"line":528,"column":39}},"256":{"start":{"line":530,"column":6},"end":{"line":551,"column":7}},"257":{"start":{"line":531,"column":8},"end":{"line":531,"column":64}},"258":{"start":{"line":534,"column":28},"end":{"line":534,"column":61}},"259":{"start":{"line":535,"column":8},"end":{"line":535,"column":67}},"260":{"start":{"line":537,"column":8},"end":{"line":542,"column":11}},"261":{"start":{"line":538,"column":31},"end":{"line":538,"column":87}},"262":{"start":{"line":538,"column":73},"end":{"line":538,"column":86}},"263":{"start":{"line":539,"column":12},"end":{"line":541,"column":13}},"264":{"start":{"line":540,"column":16},"end":{"line":540,"column":75}},"265":{"start":{"line":543,"column":13},"end":{"line":551,"column":7}},"266":{"start":{"line":544,"column":8},"end":{"line":544,"column":65}},"267":{"start":{"line":545,"column":13},"end":{"line":551,"column":7}},"268":{"start":{"line":546,"column":8},"end":{"line":549,"column":9}},"269":{"start":{"line":547,"column":10},"end":{"line":547,"column":82}},"270":{"start":{"line":548,"column":10},"end":{"line":548,"column":17}},"271":{"start":{"line":550,"column":8},"end":{"line":550,"column":88}},"272":{"start":{"line":553,"column":6},"end":{"line":556,"column":9}},"273":{"start":{"line":558,"column":6},"end":{"line":558,"column":123}},"274":{"start":{"line":560,"column":6},"end":{"line":560,"column":58}},"275":{"start":{"line":565,"column":2},"end":{"line":610,"column":5}},"276":{"start":{"line":566,"column":4},"end":{"line":609,"column":5}},"277":{"start":{"line":567,"column":19},"end":{"line":567,"column":53}},"278":{"start":{"line":568,"column":6},"end":{"line":571,"column":7}},"279":{"start":{"line":569,"column":8},"end":{"line":569,"column":66}},"280":{"start":{"line":570,"column":8},"end":{"line":570,"column":15}},"281":{"start":{"line":573,"column":21},"end":{"line":573,"column":97}},"282":{"start":{"line":575,"column":6},"end":{"line":604,"column":7}},"283":{"start":{"line":577,"column":28},"end":{"line":577,"column":64}},"284":{"start":{"line":578,"column":8},"end":{"line":578,"column":67}},"285":{"start":{"line":581,"column":8},"end":{"line":586,"column":11}},"286":{"start":{"line":582,"column":31},"end":{"line":582,"column":87}},"287":{"start":{"line":582,"column":73},"end":{"line":582,"column":86}},"288":{"start":{"line":583,"column":12},"end":{"line":585,"column":13}},"289":{"start":{"line":584,"column":16},"end":{"line":584,"column":75}},"290":{"start":{"line":588,"column":8},"end":{"line":591,"column":11}},"291":{"start":{"line":593,"column":23},"end":{"line":593,"column":61}},"292":{"start":{"line":594,"column":8},"end":{"line":603,"column":9}},"293":{"start":{"line":595,"column":10},"end":{"line":595,"column":79}},"294":{"start":{"line":596,"column":31},"end":{"line":596,"column":83}},"295":{"start":{"line":596,"column":67},"end":{"line":596,"column":82}},"296":{"start":{"line":597,"column":10},"end":{"line":602,"column":11}},"297":{"start":{"line":598,"column":13},"end":{"line":601,"column":15}},"298":{"start":{"line":606,"column":6},"end":{"line":606,"column":37}},"299":{"start":{"line":606,"column":20},"end":{"line":606,"column":37}},"300":{"start":{"line":608,"column":6},"end":{"line":608,"column":72}},"301":{"start":{"line":608,"column":20},"end":{"line":608,"column":72}},"302":{"start":{"line":612,"column":2},"end":{"line":644,"column":5}},"303":{"start":{"line":613,"column":4},"end":{"line":643,"column":5}},"304":{"start":{"line":614,"column":19},"end":{"line":614,"column":53}},"305":{"start":{"line":615,"column":6},"end":{"line":618,"column":7}},"306":{"start":{"line":616,"column":8},"end":{"line":616,"column":66}},"307":{"start":{"line":617,"column":8},"end":{"line":617,"column":15}},"308":{"start":{"line":620,"column":21},"end":{"line":620,"column":66}},"309":{"start":{"line":622,"column":6},"end":{"line":638,"column":7}},"310":{"start":{"line":624,"column":28},"end":{"line":624,"column":61}},"311":{"start":{"line":625,"column":8},"end":{"line":625,"column":67}},"312":{"start":{"line":628,"column":8},"end":{"line":633,"column":11}},"313":{"start":{"line":629,"column":31},"end":{"line":629,"column":87}},"314":{"start":{"line":629,"column":73},"end":{"line":629,"column":86}},"315":{"start":{"line":630,"column":12},"end":{"line":632,"column":13}},"316":{"start":{"line":631,"column":16},"end":{"line":631,"column":75}},"317":{"start":{"line":635,"column":8},"end":{"line":637,"column":11}},"318":{"start":{"line":640,"column":6},"end":{"line":640,"column":37}},"319":{"start":{"line":640,"column":20},"end":{"line":640,"column":37}},"320":{"start":{"line":642,"column":6},"end":{"line":642,"column":72}},"321":{"start":{"line":642,"column":20},"end":{"line":642,"column":72}},"322":{"start":{"line":647,"column":2},"end":{"line":669,"column":5}},"323":{"start":{"line":648,"column":4},"end":{"line":668,"column":5}},"324":{"start":{"line":649,"column":19},"end":{"line":649,"column":53}},"325":{"start":{"line":650,"column":6},"end":{"line":653,"column":7}},"326":{"start":{"line":651,"column":8},"end":{"line":651,"column":66}},"327":{"start":{"line":652,"column":8},"end":{"line":652,"column":15}},"328":{"start":{"line":655,"column":21},"end":{"line":655,"column":73}},"329":{"start":{"line":657,"column":6},"end":{"line":663,"column":7}},"330":{"start":{"line":658,"column":8},"end":{"line":662,"column":11}},"331":{"start":{"line":665,"column":6},"end":{"line":665,"column":37}},"332":{"start":{"line":665,"column":20},"end":{"line":665,"column":37}},"333":{"start":{"line":667,"column":6},"end":{"line":667,"column":72}},"334":{"start":{"line":667,"column":20},"end":{"line":667,"column":72}},"335":{"start":{"line":671,"column":2},"end":{"line":698,"column":5}},"336":{"start":{"line":672,"column":4},"end":{"line":697,"column":5}},"337":{"start":{"line":673,"column":19},"end":{"line":673,"column":53}},"338":{"start":{"line":674,"column":6},"end":{"line":677,"column":7}},"339":{"start":{"line":675,"column":8},"end":{"line":675,"column":66}},"340":{"start":{"line":676,"column":8},"end":{"line":676,"column":15}},"341":{"start":{"line":679,"column":21},"end":{"line":679,"column":82}},"342":{"start":{"line":681,"column":6},"end":{"line":692,"column":7}},"343":{"start":{"line":682,"column":8},"end":{"line":687,"column":11}},"344":{"start":{"line":689,"column":8},"end":{"line":691,"column":9}},"345":{"start":{"line":690,"column":10},"end":{"line":690,"column":95}},"346":{"start":{"line":694,"column":6},"end":{"line":694,"column":37}},"347":{"start":{"line":694,"column":20},"end":{"line":694,"column":37}},"348":{"start":{"line":696,"column":6},"end":{"line":696,"column":72}},"349":{"start":{"line":696,"column":20},"end":{"line":696,"column":72}},"350":{"start":{"line":701,"column":2},"end":{"line":734,"column":5}},"351":{"start":{"line":702,"column":4},"end":{"line":733,"column":5}},"352":{"start":{"line":703,"column":19},"end":{"line":703,"column":53}},"353":{"start":{"line":704,"column":6},"end":{"line":707,"column":7}},"354":{"start":{"line":705,"column":8},"end":{"line":705,"column":66}},"355":{"start":{"line":706,"column":8},"end":{"line":706,"column":15}},"356":{"start":{"line":709,"column":24},"end":{"line":709,"column":58}},"357":{"start":{"line":710,"column":22},"end":{"line":710,"column":54}},"358":{"start":{"line":712,"column":21},"end":{"line":712,"column":111}},"359":{"start":{"line":714,"column":6},"end":{"line":728,"column":7}},"360":{"start":{"line":715,"column":8},"end":{"line":720,"column":11}},"361":{"start":{"line":722,"column":8},"end":{"line":727,"column":9}},"362":{"start":{"line":723,"column":10},"end":{"line":726,"column":13}},"363":{"start":{"line":730,"column":6},"end":{"line":730,"column":37}},"364":{"start":{"line":730,"column":20},"end":{"line":730,"column":37}},"365":{"start":{"line":732,"column":6},"end":{"line":732,"column":72}},"366":{"start":{"line":732,"column":20},"end":{"line":732,"column":72}},"367":{"start":{"line":736,"column":2},"end":{"line":758,"column":5}},"368":{"start":{"line":737,"column":4},"end":{"line":757,"column":5}},"369":{"start":{"line":738,"column":19},"end":{"line":738,"column":53}},"370":{"start":{"line":739,"column":6},"end":{"line":742,"column":7}},"371":{"start":{"line":740,"column":8},"end":{"line":740,"column":66}},"372":{"start":{"line":741,"column":8},"end":{"line":741,"column":15}},"373":{"start":{"line":744,"column":21},"end":{"line":744,"column":70}},"374":{"start":{"line":746,"column":6},"end":{"line":752,"column":7}},"375":{"start":{"line":747,"column":8},"end":{"line":751,"column":11}},"376":{"start":{"line":754,"column":6},"end":{"line":754,"column":37}},"377":{"start":{"line":754,"column":20},"end":{"line":754,"column":37}},"378":{"start":{"line":756,"column":6},"end":{"line":756,"column":72}},"379":{"start":{"line":756,"column":20},"end":{"line":756,"column":72}},"380":{"start":{"line":761,"column":2},"end":{"line":793,"column":5}},"381":{"start":{"line":762,"column":4},"end":{"line":792,"column":5}},"382":{"start":{"line":763,"column":23},"end":{"line":763,"column":63}},"383":{"start":{"line":764,"column":6},"end":{"line":764,"column":28}},"384":{"start":{"line":764,"column":21},"end":{"line":764,"column":28}},"385":{"start":{"line":766,"column":23},"end":{"line":766,"column":31}},"386":{"start":{"line":767,"column":26},"end":{"line":767,"column":53}},"387":{"start":{"line":768,"column":23},"end":{"line":768,"column":52}},"388":{"start":{"line":770,"column":21},"end":{"line":770,"column":55}},"389":{"start":{"line":772,"column":6},"end":{"line":789,"column":7}},"390":{"start":{"line":774,"column":8},"end":{"line":788,"column":9}},"391":{"start":{"line":775,"column":10},"end":{"line":775,"column":53}},"392":{"start":{"line":777,"column":26},"end":{"line":777,"column":69}},"393":{"start":{"line":778,"column":10},"end":{"line":780,"column":13}},"394":{"start":{"line":779,"column":12},"end":{"line":779,"column":37}},"395":{"start":{"line":783,"column":10},"end":{"line":783,"column":80}},"396":{"start":{"line":784,"column":10},"end":{"line":784,"column":40}},"397":{"start":{"line":787,"column":10},"end":{"line":787,"column":82}},"398":{"start":{"line":791,"column":6},"end":{"line":791,"column":50}},"399":{"start":{"line":796,"column":2},"end":{"line":815,"column":5}},"400":{"start":{"line":797,"column":4},"end":{"line":814,"column":5}},"401":{"start":{"line":798,"column":19},"end":{"line":798,"column":53}},"402":{"start":{"line":799,"column":6},"end":{"line":799,"column":24}},"403":{"start":{"line":799,"column":17},"end":{"line":799,"column":24}},"404":{"start":{"line":802,"column":6},"end":{"line":802,"column":30}},"405":{"start":{"line":803,"column":6},"end":{"line":803,"column":28}},"406":{"start":{"line":805,"column":6},"end":{"line":807,"column":9}},"407":{"start":{"line":810,"column":6},"end":{"line":810,"column":69}},"408":{"start":{"line":813,"column":6},"end":{"line":813,"column":50}},"409":{"start":{"line":817,"column":2},"end":{"line":850,"column":5}},"410":{"start":{"line":818,"column":4},"end":{"line":818,"column":49}},"411":{"start":{"line":820,"column":4},"end":{"line":849,"column":5}},"412":{"start":{"line":821,"column":22},"end":{"line":821,"column":65}},"413":{"start":{"line":822,"column":6},"end":{"line":822,"column":26}},"414":{"start":{"line":822,"column":19},"end":{"line":822,"column":26}},"415":{"start":{"line":824,"column":23},"end":{"line":824,"column":58}},"416":{"start":{"line":825,"column":6},"end":{"line":825,"column":28}},"417":{"start":{"line":825,"column":21},"end":{"line":825,"column":28}},"418":{"start":{"line":827,"column":23},"end":{"line":827,"column":31}},"419":{"start":{"line":828,"column":32},"end":{"line":828,"column":54}},"420":{"start":{"line":829,"column":23},"end":{"line":829,"column":58}},"421":{"start":{"line":831,"column":21},"end":{"line":831,"column":50}},"422":{"start":{"line":833,"column":6},"end":{"line":846,"column":7}},"423":{"start":{"line":835,"column":8},"end":{"line":845,"column":9}},"424":{"start":{"line":836,"column":10},"end":{"line":836,"column":53}},"425":{"start":{"line":837,"column":26},"end":{"line":837,"column":69}},"426":{"start":{"line":838,"column":10},"end":{"line":840,"column":13}},"427":{"start":{"line":839,"column":12},"end":{"line":839,"column":37}},"428":{"start":{"line":843,"column":10},"end":{"line":843,"column":67}},"429":{"start":{"line":844,"column":10},"end":{"line":844,"column":82}},"430":{"start":{"line":848,"column":6},"end":{"line":848,"column":57}},"431":{"start":{"line":853,"column":2},"end":{"line":883,"column":5}},"432":{"start":{"line":854,"column":4},"end":{"line":882,"column":5}},"433":{"start":{"line":855,"column":19},"end":{"line":855,"column":53}},"434":{"start":{"line":856,"column":6},"end":{"line":859,"column":7}},"435":{"start":{"line":857,"column":8},"end":{"line":857,"column":80}},"436":{"start":{"line":857,"column":22},"end":{"line":857,"column":80}},"437":{"start":{"line":858,"column":8},"end":{"line":858,"column":15}},"438":{"start":{"line":861,"column":21},"end":{"line":861,"column":88}},"439":{"start":{"line":863,"column":6},"end":{"line":877,"column":7}},"440":{"start":{"line":864,"column":28},"end":{"line":864,"column":61}},"441":{"start":{"line":865,"column":8},"end":{"line":865,"column":67}},"442":{"start":{"line":867,"column":25},"end":{"line":867,"column":55}},"443":{"start":{"line":868,"column":24},"end":{"line":868,"column":72}},"444":{"start":{"line":868,"column":51},"end":{"line":868,"column":71}},"445":{"start":{"line":869,"column":23},"end":{"line":869,"column":73}},"446":{"start":{"line":869,"column":50},"end":{"line":869,"column":72}},"447":{"start":{"line":871,"column":8},"end":{"line":876,"column":9}},"448":{"start":{"line":872,"column":13},"end":{"line":875,"column":15}},"449":{"start":{"line":879,"column":6},"end":{"line":879,"column":37}},"450":{"start":{"line":879,"column":20},"end":{"line":879,"column":37}},"451":{"start":{"line":881,"column":6},"end":{"line":881,"column":72}},"452":{"start":{"line":881,"column":20},"end":{"line":881,"column":72}},"453":{"start":{"line":886,"column":13},"end":{"line":886,"column":37}},"454":{"start":{"line":888,"column":0},"end":{"line":911,"column":3}},"455":{"start":{"line":889,"column":2},"end":{"line":889,"column":53}},"456":{"start":{"line":890,"column":2},"end":{"line":890,"column":54}},"457":{"start":{"line":893,"column":15},"end":{"line":893,"column":34}},"458":{"start":{"line":894,"column":30},"end":{"line":894,"column":32}},"459":{"start":{"line":895,"column":2},"end":{"line":904,"column":3}},"460":{"start":{"line":896,"column":16},"end":{"line":896,"column":26}},"461":{"start":{"line":897,"column":4},"end":{"line":903,"column":5}},"462":{"start":{"line":898,"column":6},"end":{"line":902,"column":7}},"463":{"start":{"line":899,"column":8},"end":{"line":901,"column":9}},"464":{"start":{"line":900,"column":10},"end":{"line":900,"column":47}},"465":{"start":{"line":905,"column":2},"end":{"line":909,"column":3}},"466":{"start":{"line":906,"column":4},"end":{"line":908,"column":7}},"467":{"start":{"line":907,"column":6},"end":{"line":907,"column":56}},"468":{"start":{"line":910,"column":2},"end":{"line":910,"column":18}}},"fnMap":{"0":{"name":"getPublicUnoState","decl":{"start":{"line":28,"column":9},"end":{"line":28,"column":26}},"loc":{"start":{"line":28,"column":50},"end":{"line":43,"column":1}}},"1":{"name":"(anonymous_2)","decl":{"start":{"line":31,"column":35},"end":{"line":31,"column":36}},"loc":{"start":{"line":31,"column":41},"end":{"line":39,"column":6}}},"2":{"name":"serializeRoom","decl":{"start":{"line":45,"column":9},"end":{"line":45,"column":22}},"loc":{"start":{"line":45,"column":32},"end":{"line":58,"column":1}}},"3":{"name":"(anonymous_4)","decl":{"start":{"line":65,"column":15},"end":{"line":65,"column":25}},"loc":{"start":{"line":65,"column":40},"end":{"line":71,"column":3}}},"4":{"name":"(anonymous_5)","decl":{"start":{"line":72,"column":12},"end":{"line":72,"column":22}},"loc":{"start":{"line":72,"column":36},"end":{"line":76,"column":3}}},"5":{"name":"(anonymous_6)","decl":{"start":{"line":89,"column":44},"end":{"line":89,"column":45}},"loc":{"start":{"line":89,"column":57},"end":{"line":99,"column":1}}},"6":{"name":"(anonymous_7)","decl":{"start":{"line":102,"column":19},"end":{"line":102,"column":20}},"loc":{"start":{"line":102,"column":33},"end":{"line":104,"column":1}}},"7":{"name":"(anonymous_8)","decl":{"start":{"line":107,"column":24},"end":{"line":107,"column":25}},"loc":{"start":{"line":107,"column":37},"end":{"line":131,"column":1}}},"8":{"name":"(anonymous_9)","decl":{"start":{"line":134,"column":24},"end":{"line":134,"column":25}},"loc":{"start":{"line":134,"column":37},"end":{"line":165,"column":1}}},"9":{"name":"(anonymous_10)","decl":{"start":{"line":168,"column":29},"end":{"line":168,"column":34}},"loc":{"start":{"line":168,"column":48},"end":{"line":180,"column":1}}},"10":{"name":"(anonymous_11)","decl":{"start":{"line":182,"column":20},"end":{"line":182,"column":21}},"loc":{"start":{"line":182,"column":31},"end":{"line":884,"column":1}}},"11":{"name":"(anonymous_12)","decl":{"start":{"line":186,"column":27},"end":{"line":186,"column":28}},"loc":{"start":{"line":186,"column":71},"end":{"line":202,"column":3}}},"12":{"name":"(anonymous_13)","decl":{"start":{"line":205,"column":25},"end":{"line":205,"column":26}},"loc":{"start":{"line":205,"column":104},"end":{"line":227,"column":3}}},"13":{"name":"(anonymous_14)","decl":{"start":{"line":230,"column":28},"end":{"line":230,"column":29}},"loc":{"start":{"line":230,"column":92},"end":{"line":232,"column":3}}},"14":{"name":"(anonymous_15)","decl":{"start":{"line":234,"column":29},"end":{"line":234,"column":30}},"loc":{"start":{"line":234,"column":93},"end":{"line":236,"column":3}}},"15":{"name":"(anonymous_16)","decl":{"start":{"line":238,"column":26},"end":{"line":238,"column":27}},"loc":{"start":{"line":238,"column":96},"end":{"line":240,"column":3}}},"16":{"name":"(anonymous_17)","decl":{"start":{"line":242,"column":35},"end":{"line":242,"column":36}},"loc":{"start":{"line":242,"column":137},"end":{"line":244,"column":3}}},"17":{"name":"(anonymous_18)","decl":{"start":{"line":247,"column":30},"end":{"line":247,"column":31}},"loc":{"start":{"line":247,"column":69},"end":{"line":262,"column":3}}},"18":{"name":"(anonymous_19)","decl":{"start":{"line":264,"column":25},"end":{"line":264,"column":26}},"loc":{"start":{"line":264,"column":70},"end":{"line":284,"column":3}}},"19":{"name":"(anonymous_20)","decl":{"start":{"line":287,"column":29},"end":{"line":287,"column":30}},"loc":{"start":{"line":287,"column":73},"end":{"line":299,"column":3}}},"20":{"name":"(anonymous_21)","decl":{"start":{"line":301,"column":34},"end":{"line":301,"column":35}},"loc":{"start":{"line":301,"column":77},"end":{"line":308,"column":3}}},"21":{"name":"(anonymous_22)","decl":{"start":{"line":310,"column":34},"end":{"line":310,"column":35}},"loc":{"start":{"line":310,"column":108},"end":{"line":319,"column":3}}},"22":{"name":"(anonymous_23)","decl":{"start":{"line":321,"column":37},"end":{"line":321,"column":38}},"loc":{"start":{"line":321,"column":85},"end":{"line":339,"column":3}}},"23":{"name":"(anonymous_24)","decl":{"start":{"line":333,"column":30},"end":{"line":333,"column":31}},"loc":{"start":{"line":333,"column":38},"end":{"line":335,"column":11}}},"24":{"name":"(anonymous_25)","decl":{"start":{"line":342,"column":28},"end":{"line":342,"column":29}},"loc":{"start":{"line":342,"column":102},"end":{"line":355,"column":3}}},"25":{"name":"(anonymous_26)","decl":{"start":{"line":358,"column":28},"end":{"line":358,"column":29}},"loc":{"start":{"line":358,"column":133},"end":{"line":379,"column":3}}},"26":{"name":"(anonymous_27)","decl":{"start":{"line":381,"column":33},"end":{"line":381,"column":34}},"loc":{"start":{"line":381,"column":90},"end":{"line":401,"column":3}}},"27":{"name":"(anonymous_28)","decl":{"start":{"line":403,"column":33},"end":{"line":403,"column":34}},"loc":{"start":{"line":403,"column":79},"end":{"line":414,"column":3}}},"28":{"name":"(anonymous_29)","decl":{"start":{"line":416,"column":34},"end":{"line":416,"column":35}},"loc":{"start":{"line":416,"column":116},"end":{"line":426,"column":3}}},"29":{"name":"(anonymous_30)","decl":{"start":{"line":428,"column":30},"end":{"line":428,"column":35}},"loc":{"start":{"line":428,"column":64},"end":{"line":445,"column":3}}},"30":{"name":"(anonymous_31)","decl":{"start":{"line":432,"column":48},"end":{"line":432,"column":49}},"loc":{"start":{"line":432,"column":60},"end":{"line":438,"column":8}}},"31":{"name":"(anonymous_32)","decl":{"start":{"line":448,"column":36},"end":{"line":448,"column":37}},"loc":{"start":{"line":448,"column":145},"end":{"line":472,"column":3}}},"32":{"name":"(anonymous_33)","decl":{"start":{"line":453,"column":64},"end":{"line":453,"column":65}},"loc":{"start":{"line":453,"column":69},"end":{"line":453,"column":93}}},"33":{"name":"(anonymous_34)","decl":{"start":{"line":457,"column":29},"end":{"line":457,"column":37}},"loc":{"start":{"line":457,"column":40},"end":{"line":468,"column":7}}},"34":{"name":"(anonymous_35)","decl":{"start":{"line":458,"column":64},"end":{"line":458,"column":65}},"loc":{"start":{"line":458,"column":69},"end":{"line":458,"column":86}}},"35":{"name":"(anonymous_36)","decl":{"start":{"line":474,"column":38},"end":{"line":474,"column":39}},"loc":{"start":{"line":474,"column":126},"end":{"line":508,"column":3}}},"36":{"name":"(anonymous_37)","decl":{"start":{"line":489,"column":39},"end":{"line":489,"column":40}},"loc":{"start":{"line":489,"column":50},"end":{"line":494,"column":9}}},"37":{"name":"(anonymous_38)","decl":{"start":{"line":490,"column":68},"end":{"line":490,"column":69}},"loc":{"start":{"line":490,"column":73},"end":{"line":490,"column":86}}},"38":{"name":"(anonymous_39)","decl":{"start":{"line":510,"column":39},"end":{"line":510,"column":40}},"loc":{"start":{"line":510,"column":87},"end":{"line":517,"column":3}}},"39":{"name":"(anonymous_40)","decl":{"start":{"line":520,"column":26},"end":{"line":520,"column":27}},"loc":{"start":{"line":520,"column":124},"end":{"line":562,"column":3}}},"40":{"name":"(anonymous_41)","decl":{"start":{"line":537,"column":39},"end":{"line":537,"column":40}},"loc":{"start":{"line":537,"column":50},"end":{"line":542,"column":9}}},"41":{"name":"(anonymous_42)","decl":{"start":{"line":538,"column":68},"end":{"line":538,"column":69}},"loc":{"start":{"line":538,"column":73},"end":{"line":538,"column":86}}},"42":{"name":"(anonymous_43)","decl":{"start":{"line":565,"column":29},"end":{"line":565,"column":30}},"loc":{"start":{"line":565,"column":121},"end":{"line":610,"column":3}}},"43":{"name":"(anonymous_44)","decl":{"start":{"line":581,"column":42},"end":{"line":581,"column":43}},"loc":{"start":{"line":581,"column":53},"end":{"line":586,"column":9}}},"44":{"name":"(anonymous_45)","decl":{"start":{"line":582,"column":68},"end":{"line":582,"column":69}},"loc":{"start":{"line":582,"column":73},"end":{"line":582,"column":86}}},"45":{"name":"(anonymous_46)","decl":{"start":{"line":596,"column":62},"end":{"line":596,"column":63}},"loc":{"start":{"line":596,"column":67},"end":{"line":596,"column":82}}},"46":{"name":"(anonymous_47)","decl":{"start":{"line":612,"column":29},"end":{"line":612,"column":30}},"loc":{"start":{"line":612,"column":86},"end":{"line":644,"column":3}}},"47":{"name":"(anonymous_48)","decl":{"start":{"line":628,"column":39},"end":{"line":628,"column":40}},"loc":{"start":{"line":628,"column":50},"end":{"line":633,"column":9}}},"48":{"name":"(anonymous_49)","decl":{"start":{"line":629,"column":68},"end":{"line":629,"column":69}},"loc":{"start":{"line":629,"column":73},"end":{"line":629,"column":86}}},"49":{"name":"(anonymous_50)","decl":{"start":{"line":647,"column":30},"end":{"line":647,"column":31}},"loc":{"start":{"line":647,"column":87},"end":{"line":669,"column":3}}},"50":{"name":"(anonymous_51)","decl":{"start":{"line":671,"column":31},"end":{"line":671,"column":32}},"loc":{"start":{"line":671,"column":105},"end":{"line":698,"column":3}}},"51":{"name":"(anonymous_52)","decl":{"start":{"line":701,"column":26},"end":{"line":701,"column":27}},"loc":{"start":{"line":701,"column":129},"end":{"line":734,"column":3}}},"52":{"name":"(anonymous_53)","decl":{"start":{"line":736,"column":28},"end":{"line":736,"column":29}},"loc":{"start":{"line":736,"column":85},"end":{"line":758,"column":3}}},"53":{"name":"(anonymous_54)","decl":{"start":{"line":761,"column":26},"end":{"line":761,"column":31}},"loc":{"start":{"line":761,"column":61},"end":{"line":793,"column":3}}},"54":{"name":"(anonymous_55)","decl":{"start":{"line":778,"column":26},"end":{"line":778,"column":27}},"loc":{"start":{"line":778,"column":30},"end":{"line":780,"column":11}}},"55":{"name":"(anonymous_56)","decl":{"start":{"line":796,"column":26},"end":{"line":796,"column":27}},"loc":{"start":{"line":796,"column":73},"end":{"line":815,"column":3}}},"56":{"name":"(anonymous_57)","decl":{"start":{"line":817,"column":26},"end":{"line":817,"column":31}},"loc":{"start":{"line":817,"column":37},"end":{"line":850,"column":3}}},"57":{"name":"(anonymous_58)","decl":{"start":{"line":838,"column":26},"end":{"line":838,"column":27}},"loc":{"start":{"line":838,"column":30},"end":{"line":840,"column":11}}},"58":{"name":"(anonymous_59)","decl":{"start":{"line":853,"column":33},"end":{"line":853,"column":34}},"loc":{"start":{"line":853,"column":108},"end":{"line":883,"column":3}}},"59":{"name":"(anonymous_60)","decl":{"start":{"line":868,"column":46},"end":{"line":868,"column":47}},"loc":{"start":{"line":868,"column":51},"end":{"line":868,"column":71}}},"60":{"name":"(anonymous_61)","decl":{"start":{"line":869,"column":45},"end":{"line":869,"column":46}},"loc":{"start":{"line":869,"column":50},"end":{"line":869,"column":72}}},"61":{"name":"(anonymous_62)","decl":{"start":{"line":888,"column":43},"end":{"line":888,"column":46}},"loc":{"start":{"line":888,"column":48},"end":{"line":911,"column":1}}},"62":{"name":"(anonymous_63)","decl":{"start":{"line":906,"column":22},"end":{"line":906,"column":26}},"loc":{"start":{"line":906,"column":29},"end":{"line":908,"column":5}}}},"branchMap":{"0":{"loc":{"start":{"line":67,"column":4},"end":{"line":69,"column":5}},"type":"if","locations":[{"start":{"line":67,"column":4},"end":{"line":69,"column":5}}]},"1":{"loc":{"start":{"line":90,"column":2},"end":{"line":92,"column":3}},"type":"if","locations":[{"start":{"line":90,"column":2},"end":{"line":92,"column":3}}]},"2":{"loc":{"start":{"line":109,"column":2},"end":{"line":111,"column":3}},"type":"if","locations":[{"start":{"line":109,"column":2},"end":{"line":111,"column":3}}]},"3":{"loc":{"start":{"line":109,"column":6},"end":{"line":109,"column":35}},"type":"binary-expr","locations":[{"start":{"line":109,"column":6},"end":{"line":109,"column":9}},{"start":{"line":109,"column":13},"end":{"line":109,"column":35}}]},"4":{"loc":{"start":{"line":136,"column":2},"end":{"line":138,"column":3}},"type":"if","locations":[{"start":{"line":136,"column":2},"end":{"line":138,"column":3}}]},"5":{"loc":{"start":{"line":136,"column":6},"end":{"line":136,"column":35}},"type":"binary-expr","locations":[{"start":{"line":136,"column":6},"end":{"line":136,"column":9}},{"start":{"line":136,"column":13},"end":{"line":136,"column":35}}]},"6":{"loc":{"start":{"line":171,"column":4},"end":{"line":173,"column":5}},"type":"if","locations":[{"start":{"line":171,"column":4},"end":{"line":173,"column":5}}]},"7":{"loc":{"start":{"line":171,"column":8},"end":{"line":171,"column":45}},"type":"binary-expr","locations":[{"start":{"line":171,"column":8},"end":{"line":171,"column":15}},{"start":{"line":171,"column":19},"end":{"line":171,"column":45}}]},"8":{"loc":{"start":{"line":176,"column":4},"end":{"line":178,"column":5}},"type":"if","locations":[{"start":{"line":176,"column":4},"end":{"line":178,"column":5}}]},"9":{"loc":{"start":{"line":192,"column":6},"end":{"line":198,"column":7}},"type":"if","locations":[{"start":{"line":192,"column":6},"end":{"line":198,"column":7}},{"start":{"line":196,"column":13},"end":{"line":198,"column":7}}]},"10":{"loc":{"start":{"line":207,"column":21},"end":{"line":207,"column":44}},"type":"binary-expr","locations":[{"start":{"line":207,"column":21},"end":{"line":207,"column":32}},{"start":{"line":207,"column":36},"end":{"line":207,"column":44}}]},"11":{"loc":{"start":{"line":210,"column":6},"end":{"line":223,"column":7}},"type":"if","locations":[{"start":{"line":210,"column":6},"end":{"line":223,"column":7}},{"start":{"line":221,"column":13},"end":{"line":223,"column":7}}]},"12":{"loc":{"start":{"line":252,"column":6},"end":{"line":258,"column":7}},"type":"if","locations":[{"start":{"line":252,"column":6},"end":{"line":258,"column":7}},{"start":{"line":256,"column":13},"end":{"line":258,"column":7}}]},"13":{"loc":{"start":{"line":267,"column":6},"end":{"line":269,"column":7}},"type":"if","locations":[{"start":{"line":267,"column":6},"end":{"line":269,"column":7}}]},"14":{"loc":{"start":{"line":271,"column":6},"end":{"line":273,"column":7}},"type":"if","locations":[{"start":{"line":271,"column":6},"end":{"line":273,"column":7}}]},"15":{"loc":{"start":{"line":271,"column":10},"end":{"line":271,"column":61}},"type":"binary-expr","locations":[{"start":{"line":271,"column":10},"end":{"line":271,"column":25}},{"start":{"line":271,"column":29},"end":{"line":271,"column":41}},{"start":{"line":271,"column":45},"end":{"line":271,"column":61}}]},"16":{"loc":{"start":{"line":275,"column":6},"end":{"line":278,"column":7}},"type":"if","locations":[{"start":{"line":275,"column":6},"end":{"line":278,"column":7}}]},"17":{"loc":{"start":{"line":289,"column":4},"end":{"line":298,"column":5}},"type":"if","locations":[{"start":{"line":289,"column":4},"end":{"line":298,"column":5}}]},"18":{"loc":{"start":{"line":303,"column":4},"end":{"line":307,"column":5}},"type":"if","locations":[{"start":{"line":303,"column":4},"end":{"line":307,"column":5}}]},"19":{"loc":{"start":{"line":312,"column":4},"end":{"line":318,"column":5}},"type":"if","locations":[{"start":{"line":312,"column":4},"end":{"line":318,"column":5}}]},"20":{"loc":{"start":{"line":314,"column":6},"end":{"line":317,"column":7}},"type":"if","locations":[{"start":{"line":314,"column":6},"end":{"line":317,"column":7}}]},"21":{"loc":{"start":{"line":323,"column":4},"end":{"line":338,"column":5}},"type":"if","locations":[{"start":{"line":323,"column":4},"end":{"line":338,"column":5}}]},"22":{"loc":{"start":{"line":325,"column":6},"end":{"line":337,"column":7}},"type":"if","locations":[{"start":{"line":325,"column":6},"end":{"line":337,"column":7}}]},"23":{"loc":{"start":{"line":330,"column":8},"end":{"line":336,"column":9}},"type":"if","locations":[{"start":{"line":330,"column":8},"end":{"line":336,"column":9}}]},"24":{"loc":{"start":{"line":330,"column":12},"end":{"line":330,"column":70}},"type":"binary-expr","locations":[{"start":{"line":330,"column":12},"end":{"line":330,"column":27}},{"start":{"line":330,"column":31},"end":{"line":330,"column":70}}]},"25":{"loc":{"start":{"line":334,"column":12},"end":{"line":334,"column":64}},"type":"if","locations":[{"start":{"line":334,"column":12},"end":{"line":334,"column":64}}]},"26":{"loc":{"start":{"line":346,"column":6},"end":{"line":351,"column":7}},"type":"if","locations":[{"start":{"line":346,"column":6},"end":{"line":351,"column":7}},{"start":{"line":349,"column":13},"end":{"line":351,"column":7}}]},"27":{"loc":{"start":{"line":362,"column":6},"end":{"line":375,"column":7}},"type":"if","locations":[{"start":{"line":362,"column":6},"end":{"line":375,"column":7}},{"start":{"line":373,"column":13},"end":{"line":375,"column":7}}]},"28":{"loc":{"start":{"line":364,"column":8},"end":{"line":369,"column":9}},"type":"if","locations":[{"start":{"line":364,"column":8},"end":{"line":369,"column":9}}]},"29":{"loc":{"start":{"line":372,"column":8},"end":{"line":372,"column":56}},"type":"if","locations":[{"start":{"line":372,"column":8},"end":{"line":372,"column":56}}]},"30":{"loc":{"start":{"line":374,"column":8},"end":{"line":374,"column":84}},"type":"if","locations":[{"start":{"line":374,"column":8},"end":{"line":374,"column":84}}]},"31":{"loc":{"start":{"line":377,"column":6},"end":{"line":377,"column":72}},"type":"if","locations":[{"start":{"line":377,"column":6},"end":{"line":377,"column":72}}]},"32":{"loc":{"start":{"line":385,"column":6},"end":{"line":397,"column":7}},"type":"if","locations":[{"start":{"line":385,"column":6},"end":{"line":397,"column":7}},{"start":{"line":395,"column":13},"end":{"line":397,"column":7}}]},"33":{"loc":{"start":{"line":388,"column":8},"end":{"line":393,"column":9}},"type":"if","locations":[{"start":{"line":388,"column":8},"end":{"line":393,"column":9}}]},"34":{"loc":{"start":{"line":394,"column":8},"end":{"line":394,"column":50}},"type":"if","locations":[{"start":{"line":394,"column":8},"end":{"line":394,"column":50}}]},"35":{"loc":{"start":{"line":396,"column":8},"end":{"line":396,"column":89}},"type":"if","locations":[{"start":{"line":396,"column":8},"end":{"line":396,"column":89}}]},"36":{"loc":{"start":{"line":399,"column":6},"end":{"line":399,"column":72}},"type":"if","locations":[{"start":{"line":399,"column":6},"end":{"line":399,"column":72}}]},"37":{"loc":{"start":{"line":405,"column":4},"end":{"line":405,"column":25}},"type":"if","locations":[{"start":{"line":405,"column":4},"end":{"line":405,"column":25}}]},"38":{"loc":{"start":{"line":408,"column":4},"end":{"line":413,"column":5}},"type":"if","locations":[{"start":{"line":408,"column":4},"end":{"line":413,"column":5}}]},"39":{"loc":{"start":{"line":418,"column":4},"end":{"line":425,"column":5}},"type":"if","locations":[{"start":{"line":418,"column":4},"end":{"line":425,"column":5}}]},"40":{"loc":{"start":{"line":420,"column":6},"end":{"line":422,"column":7}},"type":"if","locations":[{"start":{"line":420,"column":6},"end":{"line":422,"column":7}}]},"41":{"loc":{"start":{"line":451,"column":6},"end":{"line":451,"column":24}},"type":"if","locations":[{"start":{"line":451,"column":6},"end":{"line":451,"column":24}}]},"42":{"loc":{"start":{"line":454,"column":29},"end":{"line":454,"column":50}},"type":"binary-expr","locations":[{"start":{"line":454,"column":29},"end":{"line":454,"column":44}},{"start":{"line":454,"column":48},"end":{"line":454,"column":50}}]},"43":{"loc":{"start":{"line":459,"column":8},"end":{"line":467,"column":9}},"type":"if","locations":[{"start":{"line":459,"column":8},"end":{"line":467,"column":9}}]},"44":{"loc":{"start":{"line":459,"column":12},"end":{"line":459,"column":59}},"type":"binary-expr","locations":[{"start":{"line":459,"column":12},"end":{"line":459,"column":22}},{"start":{"line":459,"column":26},"end":{"line":459,"column":59}}]},"45":{"loc":{"start":{"line":477,"column":6},"end":{"line":477,"column":24}},"type":"if","locations":[{"start":{"line":477,"column":6},"end":{"line":477,"column":24}}]},"46":{"loc":{"start":{"line":482,"column":6},"end":{"line":499,"column":7}},"type":"if","locations":[{"start":{"line":482,"column":6},"end":{"line":499,"column":7}},{"start":{"line":495,"column":13},"end":{"line":499,"column":7}}]},"47":{"loc":{"start":{"line":491,"column":12},"end":{"line":493,"column":13}},"type":"if","locations":[{"start":{"line":491,"column":12},"end":{"line":493,"column":13}}]},"48":{"loc":{"start":{"line":495,"column":13},"end":{"line":499,"column":7}},"type":"if","locations":[{"start":{"line":495,"column":13},"end":{"line":499,"column":7}},{"start":{"line":497,"column":13},"end":{"line":499,"column":7}}]},"49":{"loc":{"start":{"line":497,"column":13},"end":{"line":499,"column":7}},"type":"if","locations":[{"start":{"line":497,"column":13},"end":{"line":499,"column":7}}]},"50":{"loc":{"start":{"line":503,"column":19},"end":{"line":503,"column":95}},"type":"cond-expr","locations":[{"start":{"line":503,"column":45},"end":{"line":503,"column":78}},{"start":{"line":503,"column":81},"end":{"line":503,"column":95}}]},"51":{"loc":{"start":{"line":523,"column":6},"end":{"line":526,"column":7}},"type":"if","locations":[{"start":{"line":523,"column":6},"end":{"line":526,"column":7}}]},"52":{"loc":{"start":{"line":530,"column":6},"end":{"line":551,"column":7}},"type":"if","locations":[{"start":{"line":530,"column":6},"end":{"line":551,"column":7}},{"start":{"line":543,"column":13},"end":{"line":551,"column":7}}]},"53":{"loc":{"start":{"line":539,"column":12},"end":{"line":541,"column":13}},"type":"if","locations":[{"start":{"line":539,"column":12},"end":{"line":541,"column":13}}]},"54":{"loc":{"start":{"line":543,"column":13},"end":{"line":551,"column":7}},"type":"if","locations":[{"start":{"line":543,"column":13},"end":{"line":551,"column":7}},{"start":{"line":545,"column":13},"end":{"line":551,"column":7}}]},"55":{"loc":{"start":{"line":545,"column":13},"end":{"line":551,"column":7}},"type":"if","locations":[{"start":{"line":545,"column":13},"end":{"line":551,"column":7}}]},"56":{"loc":{"start":{"line":546,"column":8},"end":{"line":549,"column":9}},"type":"if","locations":[{"start":{"line":546,"column":8},"end":{"line":549,"column":9}}]},"57":{"loc":{"start":{"line":555,"column":19},"end":{"line":555,"column":95}},"type":"cond-expr","locations":[{"start":{"line":555,"column":45},"end":{"line":555,"column":78}},{"start":{"line":555,"column":81},"end":{"line":555,"column":95}}]},"58":{"loc":{"start":{"line":558,"column":43},"end":{"line":558,"column":119}},"type":"cond-expr","locations":[{"start":{"line":558,"column":69},"end":{"line":558,"column":102}},{"start":{"line":558,"column":105},"end":{"line":558,"column":119}}]},"59":{"loc":{"start":{"line":568,"column":6},"end":{"line":571,"column":7}},"type":"if","locations":[{"start":{"line":568,"column":6},"end":{"line":571,"column":7}}]},"60":{"loc":{"start":{"line":568,"column":10},"end":{"line":568,"column":45}},"type":"binary-expr","locations":[{"start":{"line":568,"column":10},"end":{"line":568,"column":15}},{"start":{"line":568,"column":19},"end":{"line":568,"column":45}}]},"61":{"loc":{"start":{"line":575,"column":6},"end":{"line":604,"column":7}},"type":"if","locations":[{"start":{"line":575,"column":6},"end":{"line":604,"column":7}}]},"62":{"loc":{"start":{"line":583,"column":12},"end":{"line":585,"column":13}},"type":"if","locations":[{"start":{"line":583,"column":12},"end":{"line":585,"column":13}}]},"63":{"loc":{"start":{"line":594,"column":8},"end":{"line":603,"column":9}},"type":"if","locations":[{"start":{"line":594,"column":8},"end":{"line":603,"column":9}}]},"64":{"loc":{"start":{"line":597,"column":10},"end":{"line":602,"column":11}},"type":"if","locations":[{"start":{"line":597,"column":10},"end":{"line":602,"column":11}}]},"65":{"loc":{"start":{"line":606,"column":6},"end":{"line":606,"column":37}},"type":"if","locations":[{"start":{"line":606,"column":6},"end":{"line":606,"column":37}}]},"66":{"loc":{"start":{"line":608,"column":6},"end":{"line":608,"column":72}},"type":"if","locations":[{"start":{"line":608,"column":6},"end":{"line":608,"column":72}}]},"67":{"loc":{"start":{"line":615,"column":6},"end":{"line":618,"column":7}},"type":"if","locations":[{"start":{"line":615,"column":6},"end":{"line":618,"column":7}}]},"68":{"loc":{"start":{"line":615,"column":10},"end":{"line":615,"column":45}},"type":"binary-expr","locations":[{"start":{"line":615,"column":10},"end":{"line":615,"column":15}},{"start":{"line":615,"column":19},"end":{"line":615,"column":45}}]},"69":{"loc":{"start":{"line":622,"column":6},"end":{"line":638,"column":7}},"type":"if","locations":[{"start":{"line":622,"column":6},"end":{"line":638,"column":7}}]},"70":{"loc":{"start":{"line":630,"column":12},"end":{"line":632,"column":13}},"type":"if","locations":[{"start":{"line":630,"column":12},"end":{"line":632,"column":13}}]},"71":{"loc":{"start":{"line":640,"column":6},"end":{"line":640,"column":37}},"type":"if","locations":[{"start":{"line":640,"column":6},"end":{"line":640,"column":37}}]},"72":{"loc":{"start":{"line":642,"column":6},"end":{"line":642,"column":72}},"type":"if","locations":[{"start":{"line":642,"column":6},"end":{"line":642,"column":72}}]},"73":{"loc":{"start":{"line":650,"column":6},"end":{"line":653,"column":7}},"type":"if","locations":[{"start":{"line":650,"column":6},"end":{"line":653,"column":7}}]},"74":{"loc":{"start":{"line":650,"column":10},"end":{"line":650,"column":46}},"type":"binary-expr","locations":[{"start":{"line":650,"column":10},"end":{"line":650,"column":15}},{"start":{"line":650,"column":19},"end":{"line":650,"column":46}}]},"75":{"loc":{"start":{"line":657,"column":6},"end":{"line":663,"column":7}},"type":"if","locations":[{"start":{"line":657,"column":6},"end":{"line":663,"column":7}}]},"76":{"loc":{"start":{"line":665,"column":6},"end":{"line":665,"column":37}},"type":"if","locations":[{"start":{"line":665,"column":6},"end":{"line":665,"column":37}}]},"77":{"loc":{"start":{"line":667,"column":6},"end":{"line":667,"column":72}},"type":"if","locations":[{"start":{"line":667,"column":6},"end":{"line":667,"column":72}}]},"78":{"loc":{"start":{"line":674,"column":6},"end":{"line":677,"column":7}},"type":"if","locations":[{"start":{"line":674,"column":6},"end":{"line":677,"column":7}}]},"79":{"loc":{"start":{"line":674,"column":10},"end":{"line":674,"column":46}},"type":"binary-expr","locations":[{"start":{"line":674,"column":10},"end":{"line":674,"column":15}},{"start":{"line":674,"column":19},"end":{"line":674,"column":46}}]},"80":{"loc":{"start":{"line":681,"column":6},"end":{"line":692,"column":7}},"type":"if","locations":[{"start":{"line":681,"column":6},"end":{"line":692,"column":7}}]},"81":{"loc":{"start":{"line":689,"column":8},"end":{"line":691,"column":9}},"type":"if","locations":[{"start":{"line":689,"column":8},"end":{"line":691,"column":9}}]},"82":{"loc":{"start":{"line":694,"column":6},"end":{"line":694,"column":37}},"type":"if","locations":[{"start":{"line":694,"column":6},"end":{"line":694,"column":37}}]},"83":{"loc":{"start":{"line":696,"column":6},"end":{"line":696,"column":72}},"type":"if","locations":[{"start":{"line":696,"column":6},"end":{"line":696,"column":72}}]},"84":{"loc":{"start":{"line":704,"column":6},"end":{"line":707,"column":7}},"type":"if","locations":[{"start":{"line":704,"column":6},"end":{"line":707,"column":7}}]},"85":{"loc":{"start":{"line":704,"column":10},"end":{"line":704,"column":47}},"type":"binary-expr","locations":[{"start":{"line":704,"column":10},"end":{"line":704,"column":15}},{"start":{"line":704,"column":19},"end":{"line":704,"column":47}}]},"86":{"loc":{"start":{"line":714,"column":6},"end":{"line":728,"column":7}},"type":"if","locations":[{"start":{"line":714,"column":6},"end":{"line":728,"column":7}}]},"87":{"loc":{"start":{"line":722,"column":8},"end":{"line":727,"column":9}},"type":"if","locations":[{"start":{"line":722,"column":8},"end":{"line":727,"column":9}}]},"88":{"loc":{"start":{"line":730,"column":6},"end":{"line":730,"column":37}},"type":"if","locations":[{"start":{"line":730,"column":6},"end":{"line":730,"column":37}}]},"89":{"loc":{"start":{"line":732,"column":6},"end":{"line":732,"column":72}},"type":"if","locations":[{"start":{"line":732,"column":6},"end":{"line":732,"column":72}}]},"90":{"loc":{"start":{"line":739,"column":6},"end":{"line":742,"column":7}},"type":"if","locations":[{"start":{"line":739,"column":6},"end":{"line":742,"column":7}}]},"91":{"loc":{"start":{"line":739,"column":10},"end":{"line":739,"column":47}},"type":"binary-expr","locations":[{"start":{"line":739,"column":10},"end":{"line":739,"column":15}},{"start":{"line":739,"column":19},"end":{"line":739,"column":47}}]},"92":{"loc":{"start":{"line":746,"column":6},"end":{"line":752,"column":7}},"type":"if","locations":[{"start":{"line":746,"column":6},"end":{"line":752,"column":7}}]},"93":{"loc":{"start":{"line":754,"column":6},"end":{"line":754,"column":37}},"type":"if","locations":[{"start":{"line":754,"column":6},"end":{"line":754,"column":37}}]},"94":{"loc":{"start":{"line":756,"column":6},"end":{"line":756,"column":72}},"type":"if","locations":[{"start":{"line":756,"column":6},"end":{"line":756,"column":72}}]},"95":{"loc":{"start":{"line":764,"column":6},"end":{"line":764,"column":28}},"type":"if","locations":[{"start":{"line":764,"column":6},"end":{"line":764,"column":28}}]},"96":{"loc":{"start":{"line":768,"column":23},"end":{"line":768,"column":52}},"type":"binary-expr","locations":[{"start":{"line":768,"column":23},"end":{"line":768,"column":43}},{"start":{"line":768,"column":47},"end":{"line":768,"column":52}}]},"97":{"loc":{"start":{"line":772,"column":6},"end":{"line":789,"column":7}},"type":"if","locations":[{"start":{"line":772,"column":6},"end":{"line":789,"column":7}}]},"98":{"loc":{"start":{"line":774,"column":8},"end":{"line":788,"column":9}},"type":"if","locations":[{"start":{"line":774,"column":8},"end":{"line":788,"column":9}},{"start":{"line":781,"column":15},"end":{"line":788,"column":9}}]},"99":{"loc":{"start":{"line":799,"column":6},"end":{"line":799,"column":24}},"type":"if","locations":[{"start":{"line":799,"column":6},"end":{"line":799,"column":24}}]},"100":{"loc":{"start":{"line":822,"column":6},"end":{"line":822,"column":26}},"type":"if","locations":[{"start":{"line":822,"column":6},"end":{"line":822,"column":26}}]},"101":{"loc":{"start":{"line":825,"column":6},"end":{"line":825,"column":28}},"type":"if","locations":[{"start":{"line":825,"column":6},"end":{"line":825,"column":28}}]},"102":{"loc":{"start":{"line":829,"column":23},"end":{"line":829,"column":58}},"type":"binary-expr","locations":[{"start":{"line":829,"column":23},"end":{"line":829,"column":49}},{"start":{"line":829,"column":53},"end":{"line":829,"column":58}}]},"103":{"loc":{"start":{"line":833,"column":6},"end":{"line":846,"column":7}},"type":"if","locations":[{"start":{"line":833,"column":6},"end":{"line":846,"column":7}}]},"104":{"loc":{"start":{"line":835,"column":8},"end":{"line":845,"column":9}},"type":"if","locations":[{"start":{"line":835,"column":8},"end":{"line":845,"column":9}},{"start":{"line":841,"column":15},"end":{"line":845,"column":9}}]},"105":{"loc":{"start":{"line":856,"column":6},"end":{"line":859,"column":7}},"type":"if","locations":[{"start":{"line":856,"column":6},"end":{"line":859,"column":7}}]},"106":{"loc":{"start":{"line":856,"column":10},"end":{"line":856,"column":45}},"type":"binary-expr","locations":[{"start":{"line":856,"column":10},"end":{"line":856,"column":15}},{"start":{"line":856,"column":19},"end":{"line":856,"column":45}}]},"107":{"loc":{"start":{"line":857,"column":8},"end":{"line":857,"column":80}},"type":"if","locations":[{"start":{"line":857,"column":8},"end":{"line":857,"column":80}}]},"108":{"loc":{"start":{"line":863,"column":6},"end":{"line":877,"column":7}},"type":"if","locations":[{"start":{"line":863,"column":6},"end":{"line":877,"column":7}}]},"109":{"loc":{"start":{"line":871,"column":8},"end":{"line":876,"column":9}},"type":"if","locations":[{"start":{"line":871,"column":8},"end":{"line":876,"column":9}}]},"110":{"loc":{"start":{"line":871,"column":12},"end":{"line":871,"column":29}},"type":"binary-expr","locations":[{"start":{"line":871,"column":12},"end":{"line":871,"column":19}},{"start":{"line":871,"column":23},"end":{"line":871,"column":29}}]},"111":{"loc":{"start":{"line":879,"column":6},"end":{"line":879,"column":37}},"type":"if","locations":[{"start":{"line":879,"column":6},"end":{"line":879,"column":37}}]},"112":{"loc":{"start":{"line":881,"column":6},"end":{"line":881,"column":72}},"type":"if","locations":[{"start":{"line":881,"column":6},"end":{"line":881,"column":72}}]},"113":{"loc":{"start":{"line":886,"column":13},"end":{"line":886,"column":37}},"type":"binary-expr","locations":[{"start":{"line":886,"column":13},"end":{"line":886,"column":29}},{"start":{"line":886,"column":33},"end":{"line":886,"column":37}}]},"114":{"loc":{"start":{"line":897,"column":4},"end":{"line":903,"column":5}},"type":"if","locations":[{"start":{"line":897,"column":4},"end":{"line":903,"column":5}}]},"115":{"loc":{"start":{"line":899,"column":8},"end":{"line":901,"column":9}},"type":"if","locations":[{"start":{"line":899,"column":8},"end":{"line":901,"column":9}}]},"116":{"loc":{"start":{"line":899,"column":12},"end":{"line":899,"column":68}},"type":"binary-expr","locations":[{"start":{"line":899,"column":12},"end":{"line":899,"column":42}},{"start":{"line":899,"column":46},"end":{"line":899,"column":68}}]},"117":{"loc":{"start":{"line":905,"column":2},"end":{"line":909,"column":3}},"type":"if","locations":[{"start":{"line":905,"column":2},"end":{"line":909,"column":3}}]}},"s":{"0":0,"1":0,"2":0,"3":0,"4":0,"5":0,"6":0,"7":0,"8":0,"9":0,"10":0,"11":0,"12":0,"13":0,"14":0,"15":0,"16":0,"17":0,"18":0,"19":0,"20":0,"21":0,"22":0,"23":0,"24":0,"25":0,"26":0,"27":0,"28":0,"29":0,"30":0,"31":0,"32":0,"33":0,"34":0,"35":0,"36":0,"37":0,"38":0,"39":0,"40":0,"41":0,"42":0,"43":0,"44":0,"45":0,"46":0,"47":0,"48":0,"49":0,"50":0,"51":0,"52":0,"53":0,"54":0,"55":0,"56":0,"57":0,"58":0,"59":0,"60":0,"61":0,"62":0,"63":0,"64":0,"65":0,"66":0,"67":0,"68":0,"69":0,"70":0,"71":0,"72":0,"73":0,"74":0,"75":0,"76":0,"77":0,"78":0,"79":0,"80":0,"81":0,"82":0,"83":0,"84":0,"85":0,"86":0,"87":0,"88":0,"89":0,"90":0,"91":0,"92":0,"93":0,"94":0,"95":0,"96":0,"97":0,"98":0,"99":0,"100":0,"101":0,"102":0,"103":0,"104":0,"105":0,"106":0,"107":0,"108":0,"109":0,"110":0,"111":0,"112":0,"113":0,"114":0,"115":0,"116":0,"117":0,"118":0,"119":0,"120":0,"121":0,"122":0,"123":0,"124":0,"125":0,"126":0,"127":0,"128":0,"129":0,"130":0,"131":0,"132":0,"133":0,"134":0,"135":0,"136":0,"137":0,"138":0,"139":0,"140":0,"141":0,"142":0,"143":0,"144":0,"145":0,"146":0,"147":0,"148":0,"149":0,"150":0,"151":0,"152":0,"153":0,"154":0,"155":0,"156":0,"157":0,"158":0,"159":0,"160":0,"161":0,"162":0,"163":0,"164":0,"165":0,"166":0,"167":0,"168":0,"169":0,"170":0,"171":0,"172":0,"173":0,"174":0,"175":0,"176":0,"177":0,"178":0,"179":0,"180":0,"181":0,"182":0,"183":0,"184":0,"185":0,"186":0,"187":0,"188":0,"189":0,"190":0,"191":0,"192":0,"193":0,"194":0,"195":0,"196":0,"197":0,"198":0,"199":0,"200":0,"201":0,"202":0,"203":0,"204":0,"205":0,"206":0,"207":0,"208":0,"209":0,"210":0,"211":0,"212":0,"213":0,"214":0,"215":0,"216":0,"217":0,"218":0,"219":0,"220":0,"221":0,"222":0,"223":0,"224":0,"225":0,"226":0,"227":0,"228":0,"229":0,"230":0,"231":0,"232":0,"233":0,"234":0,"235":0,"236":0,"237":0,"238":0,"239":0,"240":0,"241":0,"242":0,"243":0,"244":0,"245":0,"246":0,"247":0,"248":0,"249":0,"250":0,"251":0,"252":0,"253":0,"254":0,"255":0,"256":0,"257":0,"258":0,"259":0,"260":0,"261":0,"262":0,"263":0,"264":0,"265":0,"266":0,"267":0,"268":0,"269":0,"270":0,"271":0,"272":0,"273":0,"274":0,"275":0,"276":0,"277":0,"278":0,"279":0,"280":0,"281":0,"282":0,"283":0,"284":0,"285":0,"286":0,"287":0,"288":0,"289":0,"290":0,"291":0,"292":0,"293":0,"294":0,"295":0,"296":0,"297":0,"298":0,"299":0,"300":0,"301":0,"302":0,"303":0,"304":0,"305":0,"306":0,"307":0,"308":0,"309":0,"310":0,"311":0,"312":0,"313":0,"314":0,"315":0,"316":0,"317":0,"318":0,"319":0,"320":0,"321":0,"322":0,"323":0,"324":0,"325":0,"326":0,"327":0,"328":0,"329":0,"330":0,"331":0,"332":0,"333":0,"334":0,"335":0,"336":0,"337":0,"338":0,"339":0,"340":0,"341":0,"342":0,"343":0,"344":0,"345":0,"346":0,"347":0,"348":0,"349":0,"350":0,"351":0,"352":0,"353":0,"354":0,"355":0,"356":0,"357":0,"358":0,"359":0,"360":0,"361":0,"362":0,"363":0,"364":0,"365":0,"366":0,"367":0,"368":0,"369":0,"370":0,"371":0,"372":0,"373":0,"374":0,"375":0,"376":0,"377":0,"378":0,"379":0,"380":0,"381":0,"382":0,"383":0,"384":0,"385":0,"386":0,"387":0,"388":0,"389":0,"390":0,"391":0,"392":0,"393":0,"394":0,"395":0,"396":0,"397":0,"398":0,"399":0,"400":0,"401":0,"402":0,"403":0,"404":0,"405":0,"406":0,"407":0,"408":0,"409":0,"410":0,"411":0,"412":0,"413":0,"414":0,"415":0,"416":0,"417":0,"418":0,"419":0,"420":0,"421":0,"422":0,"423":0,"424":0,"425":0,"426":0,"427":0,"428":0,"429":0,"430":0,"431":0,"432":0,"433":0,"434":0,"435":0,"436":0,"437":0,"438":0,"439":0,"440":0,"441":0,"442":0,"443":0,"444":0,"445":0,"446":0,"447":0,"448":0,"449":0,"450":0,"451":0,"452":0,"453":0,"454":0,"455":0,"456":0,"457":0,"458":0,"459":0,"460":0,"461":0,"462":0,"463":0,"464":0,"465":0,"466":0,"467":0,"468":0},"f":{"0":0,"1":0,"2":0,"3":0,"4":0,"5":0,"6":0,"7":0,"8":0,"9":0,"10":0,"11":0,"12":0,"13":0,"14":0,"15":0,"16":0,"17":0,"18":0,"19":0,"20":0,"21":0,"22":0,"23":0,"24":0,"25":0,"26":0,"27":0,"28":0,"29":0,"30":0,"31":0,"32":0,"33":0,"34":0,"35":0,"36":0,"37":0,"38":0,"39":0,"40":0,"41":0,"42":0,"43":0,"44":0,"45":0,"46":0,"47":0,"48":0,"49":0,"50":0,"51":0,"52":0,"53":0,"54":0,"55":0,"56":0,"57":0,"58":0,"59":0,"60":0,"61":0,"62":0},"b":{"0":[0],"1":[0],"2":[0],"3":[0,0],"4":[0],"5":[0,0],"6":[0],"7":[0,0],"8":[0],"9":[0,0],"10":[0,0],"11":[0,0],"12":[0,0],"13":[0],"14":[0],"15":[0,0,0],"16":[0],"17":[0],"18":[0],"19":[0],"20":[0],"21":[0],"22":[0],"23":[0],"24":[0,0],"25":[0],"26":[0,0],"27":[0,0],"28":[0],"29":[0],"30":[0],"31":[0],"32":[0,0],"33":[0],"34":[0],"35":[0],"36":[0],"37":[0],"38":[0],"39":[0],"40":[0],"41":[0],"42":[0,0],"43":[0],"44":[0,0],"45":[0],"46":[0,0],"47":[0],"48":[0,0],"49":[0],"50":[0,0],"51":[0],"52":[0,0],"53":[0],"54":[0,0],"55":[0],"56":[0],"57":[0,0],"58":[0,0],"59":[0],"60":[0,0],"61":[0],"62":[0],"63":[0],"64":[0],"65":[0],"66":[0],"67":[0],"68":[0,0],"69":[0],"70":[0],"71":[0],"72":[0],"73":[0],"74":[0,0],"75":[0],"76":[0],"77":[0],"78":[0],"79":[0,0],"80":[0],"81":[0],"82":[0],"83":[0],"84":[0],"85":[0,0],"86":[0],"87":[0],"88":[0],"89":[0],"90":[0],"91":[0,0],"92":[0],"93":[0],"94":[0],"95":[0],"96":[0,0],"97":[0],"98":[0,0],"99":[0],"100":[0],"101":[0],"102":[0,0],"103":[0],"104":[0,0],"105":[0],"106":[0,0],"107":[0],"108":[0],"109":[0],"110":[0,0],"111":[0],"112":[0],"113":[0,0],"114":[0],"115":[0],"116":[0,0],"117":[0]}}
,"/home/krishna/chatroom-With games/server/roomManager.ts": {"path":"/home/krishna/chatroom-With games/server/roomManager.ts","statementMap":{"0":{"start":{"line":2,"column":0},"end":{"line":2,"column":36}},"1":{"start":{"line":5,"column":10},"end":{"line":5,"column":null}},"2":{"start":{"line":6,"column":10},"end":{"line":6,"column":null}},"3":{"start":{"line":7,"column":19},"end":{"line":7,"column":54}},"4":{"start":{"line":11,"column":4},"end":{"line":11,"column":57}},"5":{"start":{"line":11,"column":22},"end":{"line":11,"column":48}},"6":{"start":{"line":16,"column":4},"end":{"line":18,"column":35}},"7":{"start":{"line":17,"column":6},"end":{"line":17,"column":64}},"8":{"start":{"line":19,"column":4},"end":{"line":19,"column":16}},"9":{"start":{"line":23,"column":17},"end":{"line":23,"column":40}},"10":{"start":{"line":24,"column":23},"end":{"line":41,"column":6}},"11":{"start":{"line":42,"column":4},"end":{"line":42,"column":31}},"12":{"start":{"line":43,"column":4},"end":{"line":43,"column":16}},"13":{"start":{"line":47,"column":21},"end":{"line":47,"column":73}},"14":{"start":{"line":47,"column":63},"end":{"line":47,"column":72}},"15":{"start":{"line":48,"column":4},"end":{"line":54,"column":5}},"16":{"start":{"line":49,"column":20},"end":{"line":49,"column":72}},"17":{"start":{"line":50,"column":6},"end":{"line":53,"column":7}},"18":{"start":{"line":51,"column":8},"end":{"line":51,"column":29}},"19":{"start":{"line":52,"column":8},"end":{"line":52,"column":40}},"20":{"start":{"line":58,"column":17},"end":{"line":58,"column":37}},"21":{"start":{"line":59,"column":4},"end":{"line":59,"column":27}},"22":{"start":{"line":59,"column":15},"end":{"line":59,"column":27}},"23":{"start":{"line":61,"column":24},"end":{"line":61,"column":45}},"24":{"start":{"line":62,"column":23},"end":{"line":62,"column":82}},"25":{"start":{"line":63,"column":4},"end":{"line":63,"column":33}},"26":{"start":{"line":64,"column":4},"end":{"line":64,"column":35}},"27":{"start":{"line":65,"column":4},"end":{"line":65,"column":38}},"28":{"start":{"line":66,"column":4},"end":{"line":66,"column":16}},"29":{"start":{"line":70,"column":21},"end":{"line":70,"column":48}},"30":{"start":{"line":71,"column":4},"end":{"line":71,"column":31}},"31":{"start":{"line":71,"column":19},"end":{"line":71,"column":31}},"32":{"start":{"line":73,"column":17},"end":{"line":73,"column":41}},"33":{"start":{"line":74,"column":4},"end":{"line":74,"column":27}},"34":{"start":{"line":74,"column":15},"end":{"line":74,"column":27}},"35":{"start":{"line":76,"column":4},"end":{"line":76,"column":30}},"36":{"start":{"line":77,"column":4},"end":{"line":77,"column":35}},"37":{"start":{"line":78,"column":4},"end":{"line":78,"column":35}},"38":{"start":{"line":80,"column":4},"end":{"line":80,"column":27}},"39":{"start":{"line":83,"column":4},"end":{"line":86,"column":5}},"40":{"start":{"line":84,"column":6},"end":{"line":84,"column":34}},"41":{"start":{"line":85,"column":6},"end":{"line":85,"column":18}},"42":{"start":{"line":88,"column":4},"end":{"line":88,"column":30}},"43":{"start":{"line":92,"column":4},"end":{"line":92,"column":32}},"44":{"start":{"line":96,"column":17},"end":{"line":96,"column":44}},"45":{"start":{"line":97,"column":4},"end":{"line":97,"column":27}},"46":{"start":{"line":97,"column":15},"end":{"line":97,"column":27}},"47":{"start":{"line":98,"column":17},"end":{"line":98,"column":37}},"48":{"start":{"line":99,"column":4},"end":{"line":99,"column":27}},"49":{"start":{"line":99,"column":15},"end":{"line":99,"column":27}},"50":{"start":{"line":100,"column":4},"end":{"line":100,"column":26}},"51":{"start":{"line":104,"column":21},"end":{"line":104,"column":49}},"52":{"start":{"line":105,"column":4},"end":{"line":105,"column":26}},"53":{"start":{"line":105,"column":19},"end":{"line":105,"column":26}},"54":{"start":{"line":107,"column":17},"end":{"line":107,"column":48}},"55":{"start":{"line":108,"column":4},"end":{"line":111,"column":5}},"56":{"start":{"line":109,"column":6},"end":{"line":109,"column":31}},"57":{"start":{"line":110,"column":6},"end":{"line":110,"column":46}},"58":{"start":{"line":115,"column":21},"end":{"line":115,"column":50}},"59":{"start":{"line":116,"column":4},"end":{"line":116,"column":45}},"60":{"start":{"line":116,"column":19},"end":{"line":116,"column":45}},"61":{"start":{"line":117,"column":27},"end":{"line":117,"column":35}},"62":{"start":{"line":118,"column":18},"end":{"line":118,"column":41}},"63":{"start":{"line":119,"column":19},"end":{"line":119,"column":47}},"64":{"start":{"line":120,"column":4},"end":{"line":120,"column":53}},"65":{"start":{"line":120,"column":27},"end":{"line":120,"column":53}},"66":{"start":{"line":121,"column":4},"end":{"line":121,"column":50}},"67":{"start":{"line":121,"column":24},"end":{"line":121,"column":50}},"68":{"start":{"line":122,"column":4},"end":{"line":122,"column":50}},"69":{"start":{"line":122,"column":24},"end":{"line":122,"column":50}},"70":{"start":{"line":124,"column":4},"end":{"line":124,"column":36}},"71":{"start":{"line":125,"column":4},"end":{"line":125,"column":41}},"72":{"start":{"line":126,"column":4},"end":{"line":126,"column":35}},"73":{"start":{"line":127,"column":4},"end":{"line":127,"column":27}},"74":{"start":{"line":129,"column":4},"end":{"line":129,"column":84}},"75":{"start":{"line":133,"column":17},"end":{"line":133,"column":41}},"76":{"start":{"line":134,"column":4},"end":{"line":134,"column":27}},"77":{"start":{"line":134,"column":15},"end":{"line":134,"column":27}},"78":{"start":{"line":136,"column":17},"end":{"line":136,"column":39}},"79":{"start":{"line":137,"column":4},"end":{"line":137,"column":27}},"80":{"start":{"line":137,"column":15},"end":{"line":137,"column":27}},"81":{"start":{"line":139,"column":18},"end":{"line":146,"column":6}},"82":{"start":{"line":148,"column":4},"end":{"line":148,"column":36}},"83":{"start":{"line":149,"column":4},"end":{"line":149,"column":35}},"84":{"start":{"line":150,"column":4},"end":{"line":150,"column":17}},"85":{"start":{"line":154,"column":17},"end":{"line":154,"column":41}},"86":{"start":{"line":155,"column":4},"end":{"line":155,"column":41}},"87":{"start":{"line":155,"column":15},"end":{"line":155,"column":41}},"88":{"start":{"line":157,"column":23},"end":{"line":157,"column":75}},"89":{"start":{"line":157,"column":58},"end":{"line":157,"column":74}},"90":{"start":{"line":158,"column":4},"end":{"line":158,"column":53}},"91":{"start":{"line":158,"column":27},"end":{"line":158,"column":53}},"92":{"start":{"line":160,"column":18},"end":{"line":160,"column":49}},"93":{"start":{"line":161,"column":4},"end":{"line":161,"column":46}},"94":{"start":{"line":162,"column":4},"end":{"line":162,"column":35}},"95":{"start":{"line":164,"column":4},"end":{"line":164,"column":50}},"96":{"start":{"line":168,"column":17},"end":{"line":168,"column":41}},"97":{"start":{"line":169,"column":4},"end":{"line":169,"column":28}},"98":{"start":{"line":169,"column":15},"end":{"line":169,"column":28}},"99":{"start":{"line":171,"column":4},"end":{"line":173,"column":5}},"100":{"start":{"line":172,"column":6},"end":{"line":172,"column":19}},"101":{"start":{"line":175,"column":4},"end":{"line":175,"column":35}},"102":{"start":{"line":176,"column":4},"end":{"line":176,"column":35}},"103":{"start":{"line":177,"column":4},"end":{"line":177,"column":16}},"104":{"start":{"line":181,"column":17},"end":{"line":181,"column":41}},"105":{"start":{"line":182,"column":4},"end":{"line":182,"column":27}},"106":{"start":{"line":182,"column":15},"end":{"line":182,"column":27}},"107":{"start":{"line":184,"column":17},"end":{"line":184,"column":39}},"108":{"start":{"line":185,"column":4},"end":{"line":185,"column":27}},"109":{"start":{"line":185,"column":15},"end":{"line":185,"column":27}},"110":{"start":{"line":187,"column":29},"end":{"line":193,"column":6}},"111":{"start":{"line":195,"column":4},"end":{"line":195,"column":32}},"112":{"start":{"line":196,"column":4},"end":{"line":196,"column":35}},"113":{"start":{"line":197,"column"
[...]
oc":{"start":{"line":403,"column":8},"end":{"line":403,"column":50}},"type":"binary-expr","locations":[{"start":{"line":403,"column":8},"end":{"line":403,"column":9}},{"start":{"line":403,"column":13},"end":{"line":403,"column":27}},{"start":{"line":403,"column":31},"end":{"line":403,"column":50}}]},"131":{"loc":{"start":{"line":412,"column":4},"end":{"line":412,"column":59}},"type":"if","locations":[{"start":{"line":412,"column":4},"end":{"line":412,"column":59}}]},"132":{"loc":{"start":{"line":412,"column":8},"end":{"line":412,"column":48}},"type":"binary-expr","locations":[{"start":{"line":412,"column":8},"end":{"line":412,"column":9}},{"start":{"line":412,"column":13},"end":{"line":412,"column":27}},{"start":{"line":412,"column":31},"end":{"line":412,"column":48}}]},"133":{"loc":{"start":{"line":419,"column":2},"end":{"line":419,"column":36}},"type":"if","locations":[{"start":{"line":419,"column":2},"end":{"line":419,"column":36}}]},"134":{"loc":{"start":{"line":420,"column":38},"end":{"line":420,"column":63}},"type":"cond-expr","locations":[{"start":{"line":420,"column":54},"end":{"line":420,"column":57}},{"start":{"line":420,"column":60},"end":{"line":420,"column":63}}]},"135":{"loc":{"start":{"line":426,"column":16},"end":{"line":426,"column":43}},"type":"cond-expr","locations":[{"start":{"line":426,"column":34},"end":{"line":426,"column":37}},{"start":{"line":426,"column":40},"end":{"line":426,"column":43}}]},"136":{"loc":{"start":{"line":430,"column":4},"end":{"line":439,"column":5}},"type":"if","locations":[{"start":{"line":430,"column":4},"end":{"line":439,"column":5}}]},"137":{"loc":{"start":{"line":431,"column":19},"end":{"line":431,"column":105}},"type":"cond-expr","locations":[{"start":{"line":431,"column":33},"end":{"line":431,"column":40}},{"start":{"line":431,"column":43},"end":{"line":431,"column":105}}]},"138":{"loc":{"start":{"line":431,"column":43},"end":{"line":431,"column":105}},"type":"cond-expr","locations":[{"start":{"line":431,"column":57},"end":{"line":431,"column":64}},{"start":{"line":431,"column":67},"end":{"line":431,"column":105}}]},"139":{"loc":{"start":{"line":431,"column":67},"end":{"line":431,"column":105}},"type":"cond-expr","locations":[{"start":{"line":431,"column":82},"end":{"line":431,"column":92}},{"start":{"line":431,"column":95},"end":{"line":431,"column":105}}]},"140":{"loc":{"start":{"line":434,"column":8},"end":{"line":436,"column":9}},"type":"if","locations":[{"start":{"line":434,"column":8},"end":{"line":436,"column":9}}]},"141":{"loc":{"start":{"line":438,"column":6},"end":{"line":438,"column":24}},"type":"if","locations":[{"start":{"line":438,"column":6},"end":{"line":438,"column":24}}]},"142":{"loc":{"start":{"line":444,"column":4},"end":{"line":444,"column":52}},"type":"if","locations":[{"start":{"line":444,"column":4},"end":{"line":444,"column":52}}]},"143":{"loc":{"start":{"line":452,"column":2},"end":{"line":455,"column":3}},"type":"if","locations":[{"start":{"line":452,"column":2},"end":{"line":455,"column":3}}]},"144":{"loc":{"start":{"line":453,"column":4},"end":{"line":454,"column":74}},"type":"if","locations":[{"start":{"line":453,"column":4},"end":{"line":454,"column":74}},{"start":{"line":454,"column":9},"end":{"line":454,"column":74}}]}},"s":{"0":1,"1":1,"2":1,"3":1,"4":1,"5":1,"6":1,"7":1,"8":1,"9":1,"10":1,"11":1,"12":1,"13":1,"14":1,"15":6,"16":6,"17":6,"18":0,"19":6,"20":6,"21":6,"22":6,"23":48,"24":48,"25":48,"26":174,"27":42,"28":132,"29":132,"30":132,"31":132,"32":6,"33":6,"34":6,"35":4,"36":6,"37":4,"38":6,"39":4,"40":6,"41":4,"42":6,"43":6,"44":6,"45":6,"46":1,"47":1,"48":1,"49":8,"50":8,"51":8,"52":8,"53":64,"54":64,"55":32,"56":32,"57":0,"58":0,"59":32,"60":32,"61":8,"62":4,"63":8,"64":1,"65":1,"66":1,"67":1,"68":1,"69":1,"70":1,"71":1,"72":1,"73":1,"74":1,"75":1,"76":0,"77":1,"78":1,"79":0,"80":0,"81":0,"82":1,"83":1,"84":1,"85":2675,"86":3707,"87":1679,"88":82,"89":5,"90":5,"91":5,"92":5,"93":320,"94":320,"95":271,"96":49,"97":25,"98":25,"99":5,"100":5,"101":5,"102":5,"103":6,"104":6,"105":3,"106":3,"107":5,"108":5,"109":5,"110":25,"111":25,"112":25,"113":25,"114":25,"115":25,"116":1,"117":4,"118":24,"119":24,"120":21,"121":21,"122":20,"123":25,"124":25,"125":50,"126":50,"127":0,"128":50,"129":50,"130":7,"131":43,"132":43,"133":0,"134":0,"135":0,"136":0,"137":43,"138":1,"139":1,"140":1,"141":1,"142":5,"143":5,"144":40,"145":40,"146":18,"147":22,"148":7,"149":15,"150":15,"151":10,"152":14,"153":14,"154":68,"155":68,"156":68,"157":68,"158":53,"159":53,"160":17,"161":3,"162":36,"163":27,"164":3,"165":47,"166":47,"167":13,"168":34,"169":0,"170":34,"171":13,"172":13,"173":5,"174":5,"175":40,"176":40,"177":13,"178":27,"179":6,"180":21,"181":21,"182":9,"183":5,"184":4,"185":1,"186":4,"187":0,"188":1,"189":0,"190":1,"191":0,"192":85,"193":85,"194":85,"195":2,"196":2,"197":2,"198":83,"199":85,"200":85,"201":85,"202":11,"203":8,"204":8,"205":3,"206":3,"207":11,"208":2,"209":2,"210":2,"211":0,"212":0,"213":0,"214":0,"215":0,"216":0,"217":0,"218":0,"219":0,"220":85,"221":2,"222":0,"223":2,"224":2,"225":2,"226":0,"227":2,"228":0,"229":85,"230":0,"231":0,"232":0,"233":0,"234":0,"235":0,"236":0,"237":0,"238":0,"239":85,"240":85,"241":20,"242":85,"243":51,"244":34,"245":85,"246":3,"247":85,"248":3,"249":3,"250":0,"251":3,"252":3,"253":3,"254":0,"255":3,"256":3,"257":1,"258":1,"259":1,"260":2,"261":3,"262":1,"263":1,"264":1,"265":1,"266":0,"267":0,"268":1,"269":0,"270":0,"271":1,"272":0,"273":0,"274":3,"275":3,"276":3,"277":87,"278":87,"279":174,"280":174,"281":167,"282":167,"283":0,"284":87,"285":87,"286":696,"287":696,"288":325,"289":371,"290":35,"291":336,"292":336,"293":0,"294":87,"295":87,"296":625,"297":625,"298":815,"299":815,"300":815,"301":815,"302":38,"303":777,"304":777,"305":366,"306":23,"307":343,"308":411,"309":64,"310":64,"311":512,"312":512,"313":178,"314":334,"315":18,"316":316,"317":316,"318":0,"319":64,"320":84,"321":84,"322":669,"323":669,"324":84,"325":0,"326":84,"327":84,"328":0,"329":84,"330":5,"331":5,"332":5,"333":5,"334":82,"335":1,"336":1,"337":1,"338":3,"339":0,"340":0,"341":1,"342":0,"343":82,"344":82,"345":82,"346":60,"347":5,"348":2,"349":2,"350":2,"351":2,"352":1,"353":1,"354":0},"f":{"0":6,"1":6,"2":1,"3":0,"4":1,"5":2675,"6":3707,"7":1679,"8":82,"9":5,"10":25,"11":4,"12":0,"13":5,"14":14,"15":5,"16":85,"17":3,"18":87,"19":84,"20":84,"21":5,"22":2},"b":{"0":[0],"1":[0],"2":[42,132],"3":[66,66],"4":[5,1],"5":[4],"6":[4],"7":[4],"8":[4],"9":[5,1],"10":[6,0],"11":[6,0],"12":[32,32],"13":[0],"14":[16,16],"15":[4],"16":[1,0],"17":[1],"18":[1],"19":[1],"20":[1],"21":[0],"22":[1,0],"23":[2675,1922],"24":[271],"25":[320,100],"26":[25,5,5,6,3,5],"27":[25,0],"28":[25,0],"29":[25,0],"30":[25],"31":[25,25],"32":[1,24],"33":[21],"34":[20],"35":[21,21],"36":[25,0],"37":[0],"38":[7],"39":[0,43],"40":[43,2],"41":[0,0],"42":[1],"43":[43,14],"44":[1,0],"45":[1],"46":[1,1,1],"47":[18],"48":[7],"49":[10],"50":[15,5],"51":[10,10],"52":[17,36],"53":[53,44],"54":[3],"55":[27],"56":[36,22,9,9],"57":[3],"58":[13,34],"59":[0],"60":[13],"61":[6],"62":[9],"63":[21,12],"64":[9,9],"65":[4,1],"66":[1],"67":[4,3,1],"68":[0],"69":[4,3,0,0],"70":[0],"71":[1,0,0],"72":[0],"73":[1,0,0,0],"74":[2,83],"75":[2,0],"76":[5,80],"77":[11],"78":[8,3],"79":[2],"80":[2,0],"81":[0,0],"82":[0,0],"83":[0],"84":[2],"85":[0],"86":[2],"87":[0],"88":[0],"89":[0],"90":[85,2],"91":[0],"92":[0],"93":[0],"94":[0],"95":[20],"96":[85,51],"97":[51,34],"98":[85,34],"99":[3],"100":[82,3],"101":[0],"102":[0,3],"103":[0],"104":[1,2],"105":[1,0],"106":[1,0],"107":[2,2],"108":[1],"109":[1],"110":[0],"111":[0],"112":[0],"113":[4,83],"114":[174],"115":[167],"116":[0],"117":[167,120,119],"118":[325],"119":[35],"120":[0],"121":[336,150,2],"122":[38],"123":[815,777],"124":[366],"125":[23],"126":[366,30,30],"127":[178],"128":[18],"129":[0],"130":[316,208,1],"131":[84],"132":[669,395,95],"133":[0],"134":[80,4],"135":[4,1],"136":[1],"137":[1,0],"138":[0,0],"139":[0,0],"140":[0],"141":[0],"142":[60],"143":[2],"144":[1,1]}}
,"/home/krishna/chatroom-With games/src/services/socket.ts": {"path":"/home/krishna/chatroom-With games/src/services/socket.ts","statementMap":{"0":{"start":{"line":1,"column":0},"end":{"line":1,"column":46}},"1":{"start":{"line":4,"column":10},"end":{"line":4,"column":null}},"2":{"start":{"line":7,"column":4},"end":{"line":9,"column":5}},"3":{"start":{"line":8,"column":6},"end":{"line":8,"column":25}},"4":{"start":{"line":12,"column":22},"end":{"line":14,"column":49}},"5":{"start":{"line":16,"column":4},"end":{"line":21,"column":7}},"6":{"start":{"line":23,"column":4},"end":{"line":25,"column":7}},"7":{"start":{"line":24,"column":6},"end":{"line":24,"column":41}},"8":{"start":{"line":27,"column":4},"end":{"line":29,"column":7}},"9":{"start":{"line":28,"column":6},"end":{"line":28,"column":46}},"10":{"start":{"line":31,"column":4},"end":{"line":31,"column":23}},"11":{"start":{"line":35,"column":4},"end":{"line":35,"column":23}},"12":{"start":{"line":39,"column":4},"end":{"line":42,"column":5}},"13":{"start":{"line":40,"column":6},"end":{"line":40,"column":31}},"14":{"start":{"line":41,"column":6},"end":{"line":41,"column":25}},"15":{"start":{"line":46,"column":13},"end":{"line":46,"column":49}}},"fnMap":{"0":{"name":"(anonymous_0)","decl":{"start":{"line":3,"column":0},"end":{"line":3,"column":6}},"loc":{"start":{"line":3,"column":0},"end":{"line":44,"column":1}}},"1":{"name":"(anonymous_1)","decl":{"start":{"line":6,"column":2},"end":{"line":6,"column":9}},"loc":{"start":{"line":6,"column":9},"end":{"line":32,"column":3}}},"2":{"name":"(anonymous_2)","decl":{"start":{"line":23,"column":30},"end":{"line":23,"column":33}},"loc":{"start":{"line":23,"column":35},"end":{"line":25,"column":5}}},"3":{"name":"(anonymous_3)","decl":{"start":{"line":27,"column":33},"end":{"line":27,"column":36}},"loc":{"start":{"line":27,"column":38},"end":{"line":29,"column":5}}},"4":{"name":"(anonymous_4)","decl":{"start":{"line":34,"column":2},"end":{"line":34,"column":11}},"loc":{"start":{"line":34,"column":11},"end":{"line":36,"column":3}}},"5":{"name":"(anonymous_5)","decl":{"start":{"line":38,"column":2},"end":{"line":38,"column":12}},"loc":{"start":{"line":38,"column":12},"end":{"line":43,"column":3}}}},"branchMap":{"0":{"loc":{"start":{"line":7,"column":4},"end":{"line":9,"column":5}},"type":"if","locations":[{"start":{"line":7,"column":4},"end":{"line":9,"column":5}}]},"1":{"loc":{"start":{"line":12,"column":22},"end":{"line":14,"column":49}},"type":"cond-expr","locations":[{"start":{"line":13,"column":8},"end":{"line":13,"column":31}},{"start":{"line":14,"column":8},"end":{"line":14,"column":49}}]},"2":{"loc":{"start":{"line":39,"column":4},"end":{"line":42,"column":5}},"type":"if","locations":[{"start":{"line":39,"column":4},"end":{"line":42,"column":5}}]}},"s":{"0":0,"1":0,"2":0,"3":0,"4":0,"5":0,"6":0,"7":0,"8":0,"9":0,"10":0,"11":0,"12":0,"13":0,"14":0,"15":0},"f":{"0":0,"1":0,"2":0,"3":0,"4":0,"5":0},"b":{"0":[0],"1":[0,0],"2":[0]}}
,"/home/krishna/chatroom-With games/src/workers/aiWorker.ts": {"path":"/home/krishna/chatroom-With games/src/workers/aiWorker.ts","statementMap":{"0":{"start":{"line":1,"column":0},"end":{"line":1,"column":null}},"1":{"start":{"line":6,"column":44},"end":{"line":8,"column":2}},"2":{"start":{"line":11,"column":14},"end":{"line":11,"column":15}},"3":{"start":{"line":12,"column":2},"end":{"line":16,"column":3}},"4":{"start":{"line":13,"column":4},"end":{"line":13,"column":21}},"5":{"start":{"line":13,"column":12},"end":{"line":13,"column":21}},"6":{"start":{"line":14,"column":16},"end":{"line":14,"column":35}},"7":{"start":{"line":15,"column":4},"end":{"line":15,"column":42}},"8":{"start":{"line":18,"column":2},"end":{"line":18,"column":15}},"9":{"start":{"line":22,"column":17},"end":{"line":22,"column":31}},"10":{"start":{"line":23,"column":2},"end":{"line":23,"column":67}},"11":{"start":{"line":23,"column":24},"end":{"line":23,"column":67}},"12":{"start":{"line":24,"column":2},"end":{"line":24,"column":48}},"13":{"start":{"line":24,"column":39},"end":{"line":24,"column":48}},"14":{"start":{"line":25,"column":2},"end":{"line":25,"column":39}},"15":{"start":{"line":25,"column":19},"end":{"line":25,"column":39}},"16":{"start":{"line":27,"column":16},"end":{"line":27,"column":38}},"17":{"start":{"line":29,"column":2},"end":{"line":29,"column":70}},"18":{"start":{"line":29,"column":23},"end":{"line":29,"column":68}},"19":{"start":{"line":31,"column":2},"end":{"line":53,"column":3}},"20":{"start":{"line":32,"column":18},"end":{"line":32,"column":27}},"21":{"start":{"line":33,"column":4},"end":{"line":40,"column":5}},"22":{"start":{"line":34,"column":6},"end":{"line":34,"column":25}},"23":{"start":{"line":35,"column":24},"end":{"line":35,"column":66}},"24":{"start":{"line":36,"column":6},"end":{"line":36,"column":19}},"25":{"start":{"line":37,"column":6},"end":{"line":37,"column":45}},"26":{"start":{"line":38,"column":6},"end":{"line":38,"column":41}},"27":{"start":{"line":39,"column":6},"end":{"line":39,"column":31}},"28":{"start":{"line":39,"column":25},"end":{"line":39,"column":31}},"29":{"start":{"line":41,"column":4},"end":{"line":41,"column":19}},"30":{"start":{"line":43,"column":18},"end":{"line":43,"column":26}},"31":{"start":{"line":44,"column":4},"end":{"line":51,"column":5}},"32":{"start":{"line":45,"column":6},"end":{"line":45,"column":25}},"33":{"start":{"line":46,"column":24},"end":{"line":46,"column":65}},"34":{"start":{"line":47,"column":6},"end":{"line":47,"column":19}},"35":{"start":{"line":48,"column":6},"end":{"line":48,"column":45}},"36":{"start":{"line":49,"column":6},"end":{"line":49,"column":39}},"37":{"start":{"line":50,"column":6},"end":{"line":50,"column":31}},"38":{"start":{"line":50,"column":25},"end":{"line":50,"column":31}},"39":{"start":{"line":52,"column":4},"end":{"line":52,"column":19}},"40":{"start":{"line":56,"column":0},"end":{"line":90,"column":2}},"41":{"start":{"line":57,"column":32},"end":{"line":57,"column":38}},"42":{"start":{"line":58,"column":13},"end":{"line":58,"column":32}},"43":{"start":{"line":60,"column":16},"end":{"line":60,"column":38}},"44":{"start":{"line":61,"column":2},"end":{"line":64,"column":3}},"45":{"start":{"line":62,"column":4},"end":{"line":62,"column":41}},"46":{"start":{"line":63,"column":4},"end":{"line":63,"column":11}},"47":{"start":{"line":66,"column":30},"end":{"line":66,"column":34}},"48":{"start":{"line":67,"column":18},"end":{"line":67,"column":54}},"49":{"start":{"line":68,"column":23},"end":{"line":68,"column":36}},"50":{"start":{"line":71,"column":2},"end":{"line":87,"column":3}},"51":{"start":{"line":72,"column":22},"end":{"line":72,"column":41}},"52":{"start":{"line":73,"column":4},"end":{"line":73,"column":30}},"53":{"start":{"line":74,"column":16},"end":{"line":74,"column":81}},"54":{"start":{"line":76,"column":4},"end":{"line":86,"column":5}},"55":{"start":{"line":77,"column":6},"end":{"line":80,"column":7}},"56":{"start":{"line":78,"column":8},"end":{"line":78,"column":24}},"57":{"start":{"line":79,"column":8},"end":{"line":79,"column":24}},"58":{"start":{"line":82,"column":6},"end":{"line":85,"column":7}},"59":{"start":{"line":83,"column":8},"end":{"line":83,"column":24}},"60":{"start":{"line":84,"column":8},"end":{"line":84,"column":24}},"61":{"start":{"line":89,"column":2},"end":{"line":89,"column":33}}},"fnMap":{"0":{"name":"evaluate","decl":{"start":{"line":10,"column":9},"end":{"line":10,"column":17}},"loc":{"start":{"line":10,"column":31},"end":{"line":19,"column":1}}},"1":{"name":"minimax","decl":{"start":{"line":21,"column":9},"end":{"line":21,"column":16}},"loc":{"start":{"line":21,"column":97},"end":{"line":54,"column":1}}},"2":{"name":"(anonymous_2)","decl":{"start":{"line":29,"column":13},"end":{"line":29,"column":14}},"loc":{"start":{"line":29,"column":23},"end":{"line":29,"column":68}}},"3":{"name":"(anonymous_3)","decl":{"start":{"line":56,"column":17},"end":{"line":56,"column":18}},"loc":{"start":{"line":56,"column":37},"end":{"line":90,"column":1}}}},"branchMap":{"0":{"loc":{"start":{"line":13,"column":4},"end":{"line":13,"column":21}},"type":"if","locations":[{"start":{"line":13,"column":4},"end":{"line":13,"column":21}}]},"1":{"loc":{"start":{"line":15,"column":13},"end":{"line":15,"column":41}},"type":"cond-expr","locations":[{"start":{"line":15,"column":31},"end":{"line":15,"column":34}},{"start":{"line":15,"column":37},"end":{"line":15,"column":41}}]},"2":{"loc":{"start":{"line":23,"column":2},"end":{"line":23,"column":67}},"type":"if","locations":[{"start":{"line":23,"column":2},"end":{"line":23,"column":67}}]},"3":{"loc":{"start":{"line":23,"column":31},"end":{"line":23,"column":66}},"type":"cond-expr","locations":[{"start":{"line":23,"column":46},"end":{"line":23,"column":55}},{"start":{"line":23,"column":58},"end":{"line":23,"column":66}}]},"4":{"loc":{"start":{"line":24,"column":2},"end":{"line":24,"column":48}},"type":"if","locations":[{"start":{"line":24,"column":2},"end":{"line":24,"column":48}}]},"5":{"loc":{"start":{"line":24,"column":6},"end":{"line":24,"column":37}},"type":"binary-expr","locations":[{"start":{"line":24,"column":6},"end":{"line":24,"column":22}},{"start":{"line":24,"column":26},"end":{"line":24,"column":37}}]},"6":{"loc":{"start":{"line":25,"column":2},"end":{"line":25,"column":39}},"type":"if","locations":[{"start":{"line":25,"column":2},"end":{"line":25,"column":39}}]},"7":{"loc":{"start":{"line":29,"column":24},"end":{"line":29,"column":43}},"type":"cond-expr","locations":[{"start":{"line":29,"column":37},"end":{"line":29,"column":39}},{"start":{"line":29,"column":42},"end":{"line":29,"column":43}}]},"8":{"loc":{"start":{"line":29,"column":48},"end":{"line":29,"column":67}},"type":"cond-expr","locations":[{"start":{"line":29,"column":61},"end":{"line":29,"column":63}},{"start":{"line":29,"column":66},"end":{"line":29,"column":67}}]},"9":{"loc":{"start":{"line":31,"column":2},"end":{"line":53,"column":3}},"type":"if","locations":[{"start":{"line":31,"column":2},"end":{"line":53,"column":3}},{"start":{"line":42,"column":9},"end":{"line":53,"column":3}}]},"10":{"loc":{"start":{"line":39,"column":6},"end":{"line":39,"column":31}},"type":"if","locations":[{"start":{"line":39,"column":6},"end":{"line":39,"column":31}}]},"11":{"loc":{"start":{"line":50,"column":6},"end":{"line":50,"column":31}},"type":"if","locations":[{"start":{"line":50,"column":6},"end":{"line":50,"column":31}}]},"12":{"loc":{"start":{"line":61,"column":2},"end":{"line":64,"column":3}},"type":"if","locations":[{"start":{"line":61,"column":2},"end":{"line":64,"column":3}}]},"13":{"loc":{"start":{"line":67,"column":18},"end":{"line":67,"column":54}},"type":"cond-expr","locations":[{"start":{"line":67,"column":34},"end":{"line":67,"column":43}},{"start":{"line":67,"column":46},"end":{"line":67,"column":54}}]},"14":{"loc":{"start":{"line":76,"column":4},"end":{"line":86,"column":5}},"type":"if","locations":[{"start":{"line":76,"column":4},"end":{"line":86,"column":5}},{"start":{"line":81,"column":11},"end":{"line":86,"column":5}}]},"15":{"loc":{"start":{"line":77,"column":6},"end":{"line":80,"column":7}},"type":"if","locations":[{"start":{"line":77,"column":6},"end":{"line":80,"column":7}}]},"16":{"loc":{"start":{"line":82,"column":6},"end":{"line":85,"column":7}},"type":"if","locations":[{"start":{"line":82,"column":6},"end":{"line":85,"column":7}}]}},"s":{"0":0,"1":0,"2":0,"3":0,"4":0,"5":0,"6":0,"7":0,"8":0,"9":0,"10":0,"11":0,"12":0,"13":0,"14":0,"15":0,"16":0,"17":0,"18":0,"19":0,"20":0,"21":0,"22":0,"23":0,"24":0,"25":0,"26":0,"27":0,"28":0,"29":0,"30":0,"31":0,"32":0,"33":0,"34":0,"35":0,"36":0,"37":0,"38":0,"39":0,"40":0,"41":0,"42":0,"43":0,"44":0,"45":0,"46":0,"47":0,"48":0,"49":0,"50":0,"51":0,"52":0,"53":0,"54":0,"55":0,"56":0,"57":0,"58":0,"59":0,"60":0,"61":0},"f":{"0":0,"1":0,"2":0,"3":0},"b":{"0":[0],"1":[0,0],"2":[0],"3":[0,0],"4":[0],"5":[0,0],"6":[0],"7":[0,0],"8":[0,0],"9":[0,0],"10":[0],"11":[0],"12":[0],"13":[0,0],"14":[0,0],"15":[0],"16":[0]}}
}
