TN:
SF:server/index.ts
FN:28,getPublicUnoState
FN:31,(anonymous_2)
FN:45,serializeRoom
FN:65,(anonymous_4)
FN:72,(anonymous_5)
FN:89,(anonymous_6)
FN:102,(anonymous_7)
FN:107,(anonymous_8)
FN:134,(anonymous_9)
FN:168,(anonymous_10)
FN:182,(anonymous_11)
FN:186,(anonymous_12)
FN:205,(anonymous_13)
FN:230,(anonymous_14)
FN:234,(anonymous_15)
FN:238,(anonymous_16)
FN:242,(anonymous_17)
FN:247,(anonymous_18)
FN:264,(anonymous_19)
FN:287,(anonymous_20)
FN:301,(anonymous_21)
FN:310,(anonymous_22)
FN:321,(anonymous_23)
FN:333,(anonymous_24)
FN:342,(anonymous_25)
FN:358,(anonymous_26)
FN:381,(anonymous_27)
FN:403,(anonymous_28)
FN:416,(anonymous_29)
FN:428,(anonymous_30)
FN:432,(anonymous_31)
FN:448,(anonymous_32)
FN:453,(anonymous_33)
FN:457,(anonymous_34)
FN:458,(anonymous_35)
FN:474,(anonymous_36)
FN:489,(anonymous_37)
FN:490,(anonymous_38)
FN:510,(anonymous_39)
FN:520,(anonymous_40)
FN:537,(anonymous_41)
FN:538,(anonymous_42)
FN:565,(anonymous_43)
FN:581,(anonymous_44)
FN:582,(anonymous_45)
FN:596,(anonymous_46)
FN:612,(anonymous_47)
FN:628,(anonymous_48)
FN:629,(anonymous_49)
FN:647,(anonymous_50)
FN:671,(anonymous_51)
FN:701,(anonymous_52)
FN:736,(anonymous_53)
FN:761,(anonymous_54)
FN:778,(anonymous_55)
FN:796,(anonymous_56)
FN:817,(anonymous_57)
FN:838,(anonymous_58)
FN:853,(anonymous_59)
FN:868,(anonymous_60)
FN:869,(anonymous_61)
FN:888,(anonymous_62)
FN:906,(anonymous_63)
FNF:63
FNH:0
FNDA:0,getPublicUnoState
FNDA:0,(anonymous_2)
FNDA:0,serializeRoom
FNDA:0,(anonymous_4)
FNDA:0,(anonymous_5)
FNDA:0,(anonymous_6)
FNDA:0,(anonymous_7)
FNDA:0,(anonymous_8)
FNDA:0,(anonymous_9)
FNDA:0,(anonymous_10)
FNDA:0,(anonymous_11)
FNDA:0,(anonymous_12)
FNDA:0,(anonymous_13)
FNDA:0,(anonymous_14)
FNDA:0,(anonymous_15)
FNDA:0,(anonymous_16)
FNDA:0,(anonymous_17)
FNDA:0,(anonymous_18)
FNDA:0,(anonymous_19)
FNDA:0,(anonymous_20)
FNDA:0,(anonymous_21)
FNDA:0,(anonymous_22)
FNDA:0,(anonymous_23)
FNDA:0,(anonymous_24)
FNDA:0,(anonymous_25)
FNDA:0,(anonymous_26)
FNDA:0,(anonymous_27)
FNDA:0,(anonymous_28)
FNDA:0,(anonymous_29)
FNDA:0,(anonymous_30)
FNDA:0,(anonymous_31)
FNDA:0,(anonymous_32)
FNDA:0,(anonymous_33)
FNDA:0,(anonymous_34)
FNDA:0,(anonymous_35)
FNDA:0,(anonymous_36)
FNDA:0,(anonymous_37)
FNDA:0,(anonymous_38)
FNDA:0,(anonymous_39)
FNDA:0,(anonymous_40)
FNDA:0,(anonymous_41)
FNDA:0,(anonymous_42)
FNDA:0,(anonymous_43)
FNDA:0,(anonymous_44)
FNDA:0,(anonymous_45)
FNDA:0,(anonymous_46)
FNDA:0,(anonymous_47)
FNDA:0,(anonymous_48)
FNDA:0,(anonymous_49)
FNDA:0,(anonymous_50)
FNDA:0,(anonymous_51)
FNDA:0,(anonymous_52)
FNDA:0,(anonymous_53)
FNDA:0,(anonymous_54)
FNDA:0,(anonymous_55)
FNDA:0,(anonymous_56)
FNDA:0,(anonymous_57)
FNDA:0,(anonymous_58)
FNDA:0,(anonymous_59)
FNDA:0,(anonymous_60)
FNDA:0,(anonymous_61)
FNDA:0,(anonymous_62)
FNDA:0,(anonymous_63)
DA:1,0
DA:2,0
DA:3,0
DA:4,0
DA:5,0
DA:6,0
DA:7,0
DA:8,0
DA:9,0
DA:11,0
DA:12,0
DA:13,0
DA:14,0
DA:15,0
DA:16,0
DA:17,0
DA:19,0
DA:20,0
DA:21,0
DA:29,0
DA:31,0
DA:46,0
DA:60,0
DA:61,0
DA:64,0
DA:66,0
DA:67,0
DA:68,0
DA:70,0
DA:74,0
DA:75,0
DA:79,0
DA:82,0
DA:83,0
DA:86,0
DA:89,0
DA:90,0
DA:91,0
DA:96,0
DA:98,0
DA:102,0
DA:103,0
DA:107,0
DA:108,0
DA:109,0
DA:110,0
DA:113,0
DA:130,0
DA:134,0
DA:135,0
DA:136,0
DA:137,0
DA:140,0
DA:164,0
DA:168,0
DA:169,0
DA:170,0
DA:171,0
DA:172,0
DA:174,0
DA:176,0
DA:177,0
DA:182,0
DA:183,0
DA:186,0
DA:187,0
DA:188,0
DA:189,0
DA:190,0
DA:192,0
DA:193,0
DA:194,0
DA:195,0
DA:197,0
DA:200,0
DA:205,0
DA:206,0
DA:207,0
DA:208,0
DA:210,0
DA:211,0
DA:212,0
DA:215,0
DA:220,0
DA:222,0
DA:225,0
DA:230,0
DA:231,0
DA:234,0
DA:235,0
DA:238,0
DA:239,0
DA:242,0
DA:243,0
DA:247,0
DA:248,0
DA:249,0
DA:250,0
DA:252,0
DA:253,0
DA:254,0
DA:255,0
DA:257,0
DA:260,0
DA:264,0
DA:265,0
DA:266,0
DA:267,0
DA:268,0
DA:270,0
DA:271,0
DA:272,0
DA:275,0
DA:276,0
DA:277,0
DA:279,0
DA:280,0
DA:282,0
DA:287,0
DA:288,0
DA:289,0
DA:290,0
DA:291,0
DA:296,0
DA:297,0
DA:301,0
DA:302,0
DA:303,0
DA:304,0
DA:306,0
DA:310,0
DA:311,0
DA:312,0
DA:313,0
DA:314,0
DA:315,0
DA:316,0
DA:321,0
DA:322,0
DA:323,0
DA:324,0
DA:325,0
DA:326,0
DA:327,0
DA:330,0
DA:331,0
DA:332,0
DA:333,0
DA:334,0
DA:342,0
DA:343,0
DA:344,0
DA:346,0
DA:347,0
DA:348,0
DA:350,0
DA:353,0
DA:358,0
DA:359,0
DA:360,0
DA:362,0
DA:363,0
DA:364,0
DA:365,0
DA:366,0
DA:370,0
DA:372,0
DA:374,0
DA:377,0
DA:381,0
DA:382,0
DA:383,0
DA:385,0
DA:386,0
DA:387,0
DA:388,0
DA:389,0
DA:390,0
DA:394,0
DA:396,0
DA:399,0
DA:403,0
DA:404,0
DA:405,0
DA:407,0
DA:408,0
DA:409,0
DA:412,0
DA:416,0
DA:417,0
DA:418,0
DA:420,0
DA:421,0
DA:424,0
DA:428,0
DA:429,0
DA:430,0
DA:432,0
DA:440,0
DA:442,0
DA:443,0
DA:448,0
DA:449,0
DA:450,0
DA:451,0
DA:453,0
DA:454,0
DA:457,0
DA:458,0
DA:459,0
DA:460,0
DA:470,0
DA:474,0
DA:475,0
DA:476,0
DA:477,0
DA:480,0
DA:482,0
DA:483,0
DA:486,0
DA:487,0
DA:489,0
DA:490,0
DA:491,0
DA:492,0
DA:495,0
DA:496,0
DA:497,0
DA:498,0
DA:501,0
DA:506,0
DA:510,0
DA:511,0
DA:513,0
DA:515,0
DA:520,0
DA:521,0
DA:522,0
DA:523,0
DA:524,0
DA:525,0
DA:528,0
DA:530,0
DA:531,0
DA:534,0
DA:535,0
DA:537,0
DA:538,0
DA:539,0
DA:540,0
DA:543,0
DA:544,0
DA:545,0
DA:546,0
DA:547,0
DA:548,0
DA:550,0
DA:553,0
DA:558,0
DA:560,0
DA:565,0
DA:566,0
DA:567,0
DA:568,0
DA:569,0
DA:570,0
DA:573,0
DA:575,0
DA:577,0
DA:578,0
DA:581,0
DA:582,0
DA:583,0
DA:584,0
DA:588,0
DA:593,0
DA:594,0
DA:595,0
DA:596,0
DA:597,0
DA:598,0
DA:606,0
DA:608,0
DA:612,0
DA:613,0
DA:614,0
DA:615,0
DA:616,0
DA:617,0
DA:620,0
DA:622,0
DA:624,0
DA:625,0
DA:628,0
DA:629,0
DA:630,0
DA:631,0
DA:635,0
DA:640,0
DA:642,0
DA:647,0
DA:648,0
DA:649,0
DA:650,0
DA:651,0
DA:652,0
DA:655,0
DA:657,0
DA:658,0
DA:665,0
DA:667,0
DA:671,0
DA:672,0
DA:673,0
DA:674,0
DA:675,0
DA:676,0
DA:679,0
DA:681,0
DA:682,0
DA:689,0
DA:690,0
DA:694,0
DA:696,0
DA:701,0
DA:702,0
DA:703,0
DA:704,0
DA:705,0
DA:706,0
DA:709,0
DA:710,0
DA:712,0
DA:714,0
DA:715,0
DA:722,0
DA:723,0
DA:730,0
DA:732,0
DA:736,0
DA:737,0
DA:738,0
DA:739,0
DA:740,0
DA:741,0
DA:744,0
DA:746,0
DA:747,0
DA:754,0
DA:756,0
DA:761,0
DA:762,0
DA:763,0
DA:764,0
DA:766,0
DA:767,0
DA:768,0
DA:770,0
DA:772,0
DA:774,0
DA:775,0
DA:777,0
DA:778,0
DA:779,0
DA:783,0
DA:784,0
DA:787,0
DA:791,0
DA:796,0
DA:797,0
DA:798,0
DA:799,0
DA:802,0
DA:803,0
DA:805,0
DA:810,0
DA:813,0
DA:817,0
DA:818,0
DA:820,0
DA:821,0
DA:822,0
DA:824,0
DA:825,0
DA:827,0
DA:828,0
DA:829,0
DA:831,0
DA:833,0
DA:835,0
DA:836,0
DA:837,0
DA:838,0
DA:839,0
DA:843,0
DA:844,0
DA:848,0
DA:853,0
DA:854,0
DA:855,0
DA:856,0
DA:857,0
DA:858,0
DA:861,0
DA:863,0
DA:864,0
DA:865,0
DA:867,0
DA:868,0
DA:869,0
DA:871,0
DA:872,0
DA:879,0
DA:881,0
DA:886,0
DA:888,0
DA:889,0
DA:890,0
DA:893,0
DA:894,0
DA:895,0
DA:896,0
DA:897,0
DA:898,0
DA:899,0
DA:900,0
DA:905,0
DA:906,0
DA:907,0
DA:910,0
LF:430
LH:0
BRDA:67,0,0,0
BRDA:90,1,0,0
BRDA:109,2,0,0
BRDA:109,3,0,0
BRDA:109,3,1,0
BRDA:136,4,0,0
BRDA:136,5,0,0
BRDA:136,5,1,0
BRDA:171,6,0,0
BRDA:171,7,0,0
BRDA:171,7,1,0
BRDA:176,8,0,0
BRDA:192,9,0,0
BRDA:192,9,1,0
BRDA:207,10,0,0
BRDA:207,10,1,0
BRDA:210,11,0,0
BRDA:210,11,1,0
BRDA:252,12,0,0
BRDA:252,12,1,0
BRDA:267,13,0,0
BRDA:271,14,0,0
BRDA:271,15,0,0
BRDA:271,15,1,0
BRDA:271,15,2,0
BRDA:275,16,0,0
BRDA:289,17,0,0
BRDA:303,18,0,0
BRDA:312,19,0,0
BRDA:314,20,0,0
BRDA:323,21,0,0
BRDA:325,22,0,0
BRDA:330,23,0,0
BRDA:330,24,0,0
BRDA:330,24,1,0
BRDA:334,25,0,0
BRDA:346,26,0,0
BRDA:346,26,1,0
BRDA:362,27,0,0
BRDA:362,27,1,0
BRDA:364,28,0,0
BRDA:372,29,0,0
BRDA:374,30,0,0
BRDA:377,31,0,0
BRDA:385,32,0,0
BRDA:385,32,1,0
BRDA:388,33,0,0
BRDA:394,34,0,0
BRDA:396,35,0,0
BRDA:399,36,0,0
BRDA:405,37,0,0
BRDA:408,38,0,0
BRDA:418,39,0,0
BRDA:420,40,0,0
BRDA:451,41,0,0
BRDA:454,42,0,0
BRDA:454,42,1,0
BRDA:459,43,0,0
BRDA:459,44,0,0
BRDA:459,44,1,0
BRDA:477,45,0,0
BRDA:482,46,0,0
BRDA:482,46,1,0
BRDA:491,47,0,0
BRDA:495,48,0,0
BRDA:495,48,1,0
BRDA:497,49,0,0
BRDA:503,50,0,0
BRDA:503,50,1,0
BRDA:523,51,0,0
BRDA:530,52,0,0
BRDA:530,52,1,0
BRDA:539,53,0,0
BRDA:543,54,0,0
BRDA:543,54,1,0
BRDA:545,55,0,0
BRDA:546,56,0,0
BRDA:555,57,0,0
BRDA:555,57,1,0
BRDA:558,58,0,0
BRDA:558,58,1,0
BRDA:568,59,0,0
BRDA:568,60,0,0
BRDA:568,60,1,0
BRDA:575,61,0,0
BRDA:583,62,0,0
BRDA:594,63,0,0
BRDA:597,64,0,0
BRDA:606,65,0,0
BRDA:608,66,0,0
BRDA:615,67,0,0
BRDA:615,68,0,0
BRDA:615,68,1,0
BRDA:622,69,0,0
BRDA:630,70,0,0
BRDA:640,71,0,0
BRDA:642,72,0,0
BRDA:650,73,0,0
BRDA:650,74,0,0
BRDA:650,74,1,0
BRDA:657,75,0,0
BRDA:665,76,0,0
BRDA:667,77,0,0
BRDA:674,78,0,0
BRDA:674,79,0,0
BRDA:674,79,1,0
BRDA:681,80,0,0
BRDA:689,81,0,0
BRDA:694,82,0,0
BRDA:696,83,0,0
BRDA:704,84,0,0
BRDA:704,85,0,0
BRDA:704,85,1,0
BRDA:714,86,0,0
BRDA:722,87,0,0
BRDA:730,88,0,0
BRDA:732,89,0,0
BRDA:739,90,0,0
BRDA:739,91,0,0
BRDA:739,91,1,0
BRDA:746,92,0,0
BRDA:754,93,0,0
BRDA:756,94,0,0
BRDA:764,95,0,0
BRDA:768,96,0,0
BRDA:768,96,1,0
BRDA:772,97,0,0
BRDA:774,98,0,0
BRDA:774,98,1,0
BRDA:799,99,0,0
BRDA:822,100,0,0
BRDA:825,101,0,0
BRDA:829,102,0,0
BRDA:829,102,1,0
BRDA:833,103,0,0
BRDA:835,104,0,0
BRDA:835,104,1,0
BRDA:856,105,0,0
BRDA:856,106,0,0
BRDA:856,106,1,0
BRDA:857,107,0,0
BRDA:863,108,0,0
BRDA:871,109,0,0
BRDA:871,110,0,0
BRDA:871,110,1,0
BRDA:879,111,0,0
BRDA:881,112,0,0
BRDA:886,113,0,0
BRDA:886,113,1,0
BRDA:897,114,0,0
BRDA:899,115,0,0
BRDA:899,116,0,0
BRDA:899,116,1,0
BRDA:905,117,0,0
BRF:154
BRH:0
end_of_record
TN:
SF:server/roomManager.ts
FN:9,(anonymous_0)
FN:11,(anonymous_1)
FN:14,(anonymous_2)
FN:22,(anonymous_3)
FN:46,(anonymous_4)
FN:47,(anonymous_5)
FN:57,(anonymous_6)
FN:69,(anonymous_7)
FN:91,(anonymous_8)
FN:95,(anonymous_9)
FN:103,(anonymous_10)
FN:114,(anonymous_11)
FN:132,(anonymous_12)
FN:153,(anonymous_13)
FN:157,(anonymous_14)
FN:167,(anonymous_15)
FN:180,(anonymous_16)
FN:200,(anonymous_17)
FN:233,(anonymous_18)
FN:237,(anonymous_19)
FN:257,(anonymous_20)
FN:271,(anonymous_21)
FNF:22
FNH:8
FNDA:1,(anonymous_0)
FNDA:0,(anonymous_1)
FNDA:5,(anonymous_2)
FNDA:5,(anonymous_3)
FNDA:2,(anonymous_4)
FNDA:1,(anonymous_5)
FNDA:6,(anonymous_6)
FNDA:2,(anonymous_7)
FNDA:0,(anonymous_8)
FNDA:0,(anonymous_9)
FNDA:0,(anonymous_10)
FNDA:0,(anonymous_11)
FNDA:0,(anonymous_12)
FNDA:0,(anonymous_13)
FNDA:0,(anonymous_14)
FNDA:0,(anonymous_15)
FNDA:1,(anonymous_16)
FNDA:0,(anonymous_17)
FNDA:0,(anonymous_18)
FNDA:0,(anonymous_19)
FNDA:0,(anonymous_20)
FNDA:0,(anonymous_21)
DA:2,1
DA:5,1
DA:6,1
DA:7,1
DA:11,1
DA:16,5
DA:17,5
DA:19,5
DA:23,5
DA:24,5
DA:42,5
DA:43,5
DA:47,2
DA:48,2
DA:49,2
DA:50,2
DA:51,1
DA:52,1
DA:58,6
DA:59,6
DA:61,5
DA:62,5
DA:63,5
DA:64,5
DA:65,5
DA:66,5
DA:70,2
DA:71,2
DA:73,2
DA:74,2
DA:76,2
DA:77,2
DA:78,2
DA:80,2
DA:83,2
DA:84,1
DA:85,1
DA:88,1
DA:92,0
DA:96,0
DA:97,0
DA:98,0
DA:99,0
DA:100,0
DA:104,0
DA:105,0
DA:107,0
DA:108,0
DA:109,0
DA:110,0
DA:115,0
DA:116,0
DA:117,0
DA:118,0
DA:119,0
DA:120,0
DA:121,0
DA:122,0
DA:124,0
DA:125,0
DA:126,0
DA:127,0
DA:129,0
DA:133,0
DA:134,0
DA:136,0
DA:137,0
DA:139,0
DA:148,0
DA:149,0
DA:150,0
DA:154,0
DA:155,0
DA:157,0
DA:158,0
DA:160,0
DA:161,0
DA:162,0
DA:164,0
DA:168,0
DA:169,0
DA:171,0
DA:172,0
DA:175,0
DA:176,0
DA:177,0
DA:181,1
DA:182,1
DA:184,1
DA:185,1
DA:187,1
DA:195,1
DA:196,1
DA:197,1
DA:201,0
DA:202,0
DA:204,0
DA:205,0
DA:207,0
DA:215,0
DA:216,0
DA:217,0
DA:221,0
DA:223,0
DA:224,0
DA:225,0
DA:226,0
DA:229,0
DA:230,0
DA:234,0
DA:235,0
DA:237,0
DA:238,0
DA:240,0
DA:242,0
DA:243,0
DA:244,0
DA:245,0
DA:246,0
DA:247,0
DA:248,0
DA:249,0
DA:250,0
DA:253,0
DA:254,0
DA:258,0
DA:259,0
DA:260,0
DA:262,0
DA:263,0
DA:265,0
DA:266,0
DA:272,0
DA:279,1
LF:134
LH:47
BRDA:48,0,0,2
BRDA:50,1,0,1
BRDA:59,2,0,1
BRDA:71,3,0,0
BRDA:74,4,0,0
BRDA:83,5,0,1
BRDA:97,6,0,0
BRDA:99,7,0,0
BRDA:105,8,0,0
BRDA:108,9,0,0
BRDA:116,10,0,0
BRDA:120,11,0,0
BRDA:120,12,0,0
BRDA:120,12,1,0
BRDA:121,13,0,0
BRDA:122,14,0,0
BRDA:134,15,0,0
BRDA:137,16,0,0
BRDA:155,17,0,0
BRDA:158,18,0,0
BRDA:169,19,0,0
BRDA:171,20,0,0
BRDA:171,21,0,0
BRDA:171,21,1,0
BRDA:182,22,0,0
BRDA:185,23,0,0
BRDA:202,24,0,0
BRDA:205,25,0,0
BRDA:217,26,0,0
BRDA:217,26,1,0
BRDA:217,27,0,0
BRDA:217,27,1,0
BRDA:217,27,2,0
BRDA:223,28,0,0
BRDA:223,28,1,0
BRDA:225,29,0,0
BRDA:235,30,0,0
BRDA:238,31,0,0
BRDA:243,32,0,0
BRDA:243,32,1,0
BRDA:245,33,0,0
BRDA:245,33,1,0
BRDA:247,34,0,0
BRDA:247,34,1,0
BRDA:249,35,0,0
BRDA:260,36,0,0
BRF:46
BRH:4
end_of_record
TN:
SF:server/torrentWorker.ts
FN:10,pickBestFile
FN:11,(anonymous_2)
FN:13,(anonymous_3)
FN:18,cleanupTorrent
FN:29,streamTorrent
FN:30,(anonymous_6)
FN:32,(anonymous_7)
FN:65,(anonymous_8)
FN:69,(anonymous_9)
FN:78,(anonymous_10)
FN:82,(anonymous_11)
FNF:11
FNH:0
FNDA:0,pickBestFile
FNDA:0,(anonymous_2)
FNDA:0,(anonymous_3)
FNDA:0,cleanupTorrent
FNDA:0,streamTorrent
FNDA:0,(anonymous_6)
FNDA:0,(anonymous_7)
FNDA:0,(anonymous_8)
FNDA:0,(anonymous_9)
FNDA:0,(anonymous_10)
FNDA:0,(anonymous_11)
DA:1,0
DA:8,0
DA:11,0
DA:12,0
DA:13,0
DA:15,0
DA:19,0
DA:20,0
DA:21,0
DA:22,0
DA:29,0
DA:30,0
DA:31,0
DA:32,0
DA:33,0
DA:34,0
DA:35,0
DA:36,0
DA:39,0
DA:40,0
DA:41,0
DA:42,0
DA:44,0
DA:45,0
DA:46,0
DA:47,0
DA:48,0
DA:49,0
DA:51,0
DA:52,0
DA:53,0
DA:54,0
DA:55,0
DA:56,0
DA:58,0
DA:59,0
DA:60,0
DA:61,0
DA:63,0
DA:64,0
DA:65,0
DA:66,0
DA:67,0
DA:69,0
DA:70,0
DA:71,0
DA:74,0
DA:75,0
DA:76,0
DA:77,0
DA:78,0
DA:79,0
DA:80,0
DA:82,0
DA:83,0
DA:84,0
DA:89,0
DA:90,0
DA:92,0
LF:59
LH:0
BRDA:12,0,0,0
BRDA:21,1,0,0
BRDA:34,2,0,0
BRDA:44,3,0,0
BRDA:44,3,1,0
BRDA:46,4,0,0
BRDA:52,5,0,0
BRDA:52,5,1,0
BRDA:53,6,0,0
BRDA:53,7,0,0
BRDA:53,7,1,0
BRDA:89,8,0,0
BRDA:89,8,1,0
BRF:13
BRH:0
end_of_record
TN:
SF:server/games/chess.ts
FN:14,(anonymous_0)
FN:43,(anonymous_1)
FN:44,(anonymous_2)
FN:46,(anonymous_3)
FN:47,(anonymous_4)
FN:63,(anonymous_5)
FN:76,(anonymous_6)
FN:113,(anonymous_7)
FN:115,(anonymous_8)
FN:121,(anonymous_9)
FN:147,(anonymous_10)
FN:193,(anonymous_11)
FN:195,(anonymous_12)
FN:200,(anonymous_13)
FN:208,(anonymous_14)
FN:243,(anonymous_15)
FN:269,(anonymous_16)
FN:281,(anonymous_17)
FN:378,(anonymous_18)
FN:384,(anonymous_19)
FN:457,(anonymous_20)
FN:469,(anonymous_21)
FN:473,(anonymous_22)
FN:477,(anonymous_23)
FN:479,(anonymous_24)
FN:482,(anonymous_25)
FN:488,(anonymous_26)
FN:494,(anonymous_27)
FN:496,(anonymous_28)
FN:500,(anonymous_29)
FN:543,(anonymous_30)
FN:558,(anonymous_31)
FN:564,(anonymous_32)
FNF:33
FNH:27
FNDA:4,(anonymous_0)
FNDA:4,(anonymous_1)
FNDA:32,(anonymous_2)
FNDA:16,(anonymous_3)
FNDA:128,(anonymous_4)
FNDA:6,(anonymous_5)
FNDA:74,(anonymous_6)
FNDA:11,(anonymous_7)
FNDA:237,(anonymous_8)
FNDA:11,(anonymous_9)
FNDA:88,(anonymous_10)
FNDA:0,(anonymous_11)
FNDA:0,(anonymous_12)
FNDA:22,(anonymous_13)
FNDA:11,(anonymous_14)
FNDA:55,(anonymous_15)
FNDA:33,(anonymous_16)
FNDA:242,(anonymous_17)
FNDA:253,(anonymous_18)
FNDA:253,(anonymous_19)
FNDA:253,(anonymous_20)
FNDA:7146,(anonymous_21)
FNDA:253,(anonymous_22)
FNDA:4,(anonymous_23)
FNDA:256,(anonymous_24)
FNDA:0,(anonymous_25)
FNDA:4,(anonymous_26)
FNDA:7,(anonymous_27)
FNDA:3,(anonymous_28)
FNDA:9,(anonymous_29)
FNDA:0,(anonymous_30)
FNDA:0,(anonymous_31)
FNDA:0,(anonymous_32)
DA:10,1
DA:12,1
DA:15,4
DA:16,4
DA:44,32
DA:46,4
DA:47,16
DA:48,128
DA:52,4
DA:53,4
DA:55,4
DA:56,4
DA:57,4
DA:58,4
DA:60,4
DA:65,6
DA:67,6
DA:68,6
DA:70,6
DA:71,6
DA:72,6
DA:75,6
DA:76,6
DA:77,74
DA:82,6
DA:85,5
DA:88,5
DA:89,5
DA:91,5
DA:93,5
DA:94,1
DA:95,1
DA:96,1
DA:97,1
DA:99,0
DA:100,0
DA:102,4
DA:103,0
DA:104,0
DA:107,5
DA:108,5
DA:110,5
DA:114,11
DA:115,11
DA:116,237
DA:117,237
DA:122,11
DA:123,11
DA:125,11
DA:126,88
DA:127,704
DA:128,704
DA:129,176
DA:131,176
DA:132,88
DA:133,88
DA:134,22
DA:135,66
DA:136,55
DA:137,11
DA:138,11
DA:144,11
DA:148,88
DA:149,88
DA:150,88
DA:153,88
DA:154,88
DA:155,88
DA:156,0
DA:158,88
DA:160,88
DA:161,82
DA:162,82
DA:163,81
DA:170,88
DA:171,88
DA:172,176
DA:173,176
DA:174,154
DA:175,154
DA:176,0
DA:177,0
DA:179,0
DA:181,154
DA:184,0
DA:185,0
DA:186,0
DA:194,0
DA:195,0
DA:196,0
DA:201,22
DA:205,22
DA:209,11
DA:213,11
DA:216,11
DA:217,10
DA:218,10
DA:221,10
DA:222,10
DA:224,0
DA:226,0
DA:232,10
DA:233,10
DA:234,0
DA:236,0
DA:244,55
DA:245,55
DA:246,33
DA:248,55
DA:249,33
DA:252,55
DA:253,264
DA:254,284
DA:255,284
DA:257,158
DA:258,158
DA:259,138
DA:260,0
DA:262,138
DA:264,20
DA:270,33
DA:271,264
DA:272,264
DA:273,121
DA:274,121
DA:275,48
DA:283,242
DA:284,242
DA:285,242
DA:288,242
DA:289,242
DA:290,242
DA:293,242
DA:295,0
DA:296,0
DA:297,0
DA:298,0
DA:303,242
DA:304,0
DA:305,0
DA:307,0
DA:308,0
DA:309,0
DA:310,0
DA:313,0
DA:314,0
DA:315,0
DA:316,0
DA:321,242
DA:322,0
DA:326,242
DA:327,242
DA:328,84
DA:335,242
DA:336,5
DA:337,3
DA:338,3
DA:340,2
DA:341,2
DA:344,242
DA:345,0
DA:346,0
DA:347,0
DA:348,0
DA:351,242
DA:354,0
DA:355,0
DA:356,0
DA:357,0
DA:360,242
DA:361,5
DA:362,5
DA:364,5
DA:365,4
DA:367,1
DA:370,5
DA:371,2
DA:375,242
DA:379,253
DA:380,253
DA:381,253
DA:389,253
DA:394,253
DA:395,253
DA:396,253
DA:397,253
DA:398,253
DA:400,253
DA:401,253
DA:402,253
DA:407,253
DA:411,253
DA:412,2024
DA:413,2024
DA:414,1022
DA:415,1022
DA:420,253
DA:424,253
DA:425,1982
DA:426,2454
DA:427,2454
DA:428,1649
DA:429,1649
DA:430,1177
DA:431,23
DA:432,23
DA:433,2
DA:434,2
DA:436,1156
DA:442,232
DA:446,232
DA:447,1856
DA:448,1856
DA:449,1172
DA:450,1172
DA:454,232
DA:458,253
DA:459,1127
DA:460,8260
DA:461,8260
DA:462,253
DA:466,0
DA:470,7146
DA:474,253
DA:479,256
DA:480,4
DA:481,4
DA:482,0
DA:483,0
DA:485,4
DA:489,4
DA:494,7
DA:495,4
DA:496,4
DA:497,4
DA:501,9
DA:502,9
DA:503,72
DA:504,72
DA:505,576
DA:506,576
DA:507,288
DA:509,288
DA:510,32
DA:511,32
DA:513,288
DA:514,288
DA:517,72
DA:518,72
DA:521,9
DA:523,9
DA:524,9
DA:525,9
DA:526,9
DA:527,9
DA:528,9
DA:529,9
DA:531,9
DA:532,6
DA:533,6
DA:534,6
DA:536,3
DA:539,9
DA:540,9
DA:544,0
DA:546,0
DA:547,0
DA:549,0
DA:551,0
DA:552,0
DA:553,0
DA:555,0
DA:559,0
DA:560,0
DA:561,0
DA:565,0
DA:566,0
DA:567,0
DA:571,1
LF:279
LH:220
BRDA:65,0,0,0
BRDA:70,1,0,0
BRDA:70,2,0,6
BRDA:70,2,1,2
BRDA:71,3,0,0
BRDA:71,4,0,6
BRDA:71,4,1,4
BRDA:72,5,0,0
BRDA:72,6,0,6
BRDA:72,6,1,2
BRDA:77,7,0,74
BRDA:77,7,1,13
BRDA:77,7,2,13
BRDA:77,7,3,8
BRDA:77,7,4,5
BRDA:77,7,5,0
BRDA:82,8,0,1
BRDA:93,9,0,1
BRDA:93,9,1,4
BRDA:95,10,0,1
BRDA:95,10,1,0
BRDA:97,11,0,0
BRDA:97,11,1,1
BRDA:102,12,0,0
BRDA:102,13,0,4
BRDA:102,13,1,4
BRDA:102,13,2,4
BRDA:128,14,0,176
BRDA:128,15,0,704
BRDA:128,15,1,352
BRDA:131,16,0,88
BRDA:131,16,1,88
BRDA:133,17,0,22
BRDA:133,17,1,66
BRDA:135,18,0,55
BRDA:135,18,1,11
BRDA:135,19,0,66
BRDA:135,19,1,44
BRDA:135,19,2,22
BRDA:137,20,0,11
BRDA:148,21,0,48
BRDA:148,21,1,40
BRDA:149,22,0,48
BRDA:149,22,1,40
BRDA:150,23,0,48
BRDA:150,23,1,40
BRDA:154,24,0,88
BRDA:154,25,0,88
BRDA:154,25,1,88
BRDA:155,26,0,0
BRDA:155,26,1,88
BRDA:160,27,0,82
BRDA:162,28,0,81
BRDA:173,29,0,154
BRDA:175,30,0,0
BRDA:175,30,1,154
BRDA:175,31,0,154
BRDA:175,31,1,6
BRDA:176,32,0,0
BRDA:176,32,1,0
BRDA:181,33,0,0
BRDA:181,34,0,154
BRDA:181,34,1,70
BRDA:181,34,2,10
BRDA:185,35,0,0
BRDA:185,36,0,0
BRDA:185,36,1,0
BRDA:216,37,0,10
BRDA:216,38,0,11
BRDA:216,38,1,11
BRDA:217,39,0,5
BRDA:217,39,1,5
BRDA:221,40,0,10
BRDA:221,41,0,5
BRDA:221,41,1,5
BRDA:222,42,0,0
BRDA:222,43,0,10
BRDA:222,43,1,0
BRDA:224,44,0,0
BRDA:224,45,0,0
BRDA:224,45,1,0
BRDA:232,46,0,10
BRDA:232,47,0,5
BRDA:232,47,1,5
BRDA:233,48,0,0
BRDA:233,49,0,10
BRDA:233,49,1,0
BRDA:233,49,2,0
BRDA:234,50,0,0
BRDA:234,51,0,0
BRDA:234,51,1,0
BRDA:245,52,0,33
BRDA:245,53,0,55
BRDA:245,53,1,33
BRDA:248,54,0,33
BRDA:248,55,0,55
BRDA:248,55,1,33
BRDA:255,56,0,126
BRDA:258,57,0,138
BRDA:259,58,0,0
BRDA:272,59,0,121
BRDA:274,60,0,48
BRDA:274,61,0,121
BRDA:274,61,1,73
BRDA:281,62,0,5
BRDA:293,63,0,0
BRDA:295,64,0,0
BRDA:303,65,0,0
BRDA:305,66,0,0
BRDA:305,66,1,0
BRDA:321,67,0,0
BRDA:327,68,0,84
BRDA:327,69,0,242
BRDA:327,69,1,173
BRDA:335,70,0,5
BRDA:336,71,0,3
BRDA:336,71,1,2
BRDA:344,72,0,0
BRDA:345,73,0,0
BRDA:345,74,0,0
BRDA:345,74,1,0
BRDA:346,75,0,0
BRDA:346,76,0,0
BRDA:346,76,1,0
BRDA:347,77,0,0
BRDA:347,78,0,0
BRDA:347,78,1,0
BRDA:348,79,0,0
BRDA:348,80,0,0
BRDA:348,80,1,0
BRDA:351,81,0,0
BRDA:351,82,0,242
BRDA:351,82,1,0
BRDA:354,83,0,0
BRDA:354,84,0,0
BRDA:354,84,1,0
BRDA:355,85,0,0
BRDA:355,86,0,0
BRDA:355,86,1,0
BRDA:356,87,0,0
BRDA:356,88,0,0
BRDA:356,88,1,0
BRDA:357,89,0,0
BRDA:357,90,0,0
BRDA:357,90,1,0
BRDA:360,91,0,5
BRDA:361,92,0,3
BRDA:361,92,1,2
BRDA:364,93,0,4
BRDA:364,93,1,1
BRDA:364,94,0,5
BRDA:364,94,1,1
BRDA:370,95,0,2
BRDA:380,96,0,0
BRDA:389,97,0,128
BRDA:389,97,1,125
BRDA:395,98,0,253
BRDA:395,99,0,253
BRDA:395,99,1,253
BRDA:396,100,0,253
BRDA:398,101,0,0
BRDA:398,102,0,253
BRDA:398,102,1,226
BRDA:398,102,2,0
BRDA:400,103,0,253
BRDA:402,104,0,0
BRDA:402,105,0,253
BRDA:402,105,1,173
BRDA:402,105,2,0
BRDA:413,106,0,1022
BRDA:415,107,0,0
BRDA:415,108,0,1022
BRDA:415,108,1,533
BRDA:415,108,2,0
BRDA:427,109,0,805
BRDA:429,110,0,1177
BRDA:430,111,0,23
BRDA:431,112,0,23
BRDA:431,112,1,23
BRDA:432,113,0,21
BRDA:433,114,0,0
BRDA:433,115,0,2
BRDA:433,115,1,2
BRDA:434,116,0,0
BRDA:434,117,0,2
BRDA:434,117,1,0
BRDA:448,118,0,1172
BRDA:450,119,0,0
BRDA:450,120,0,1172
BRDA:450,120,1,994
BRDA:450,120,2,0
BRDA:461,121,0,253
BRDA:461,122,0,8260
BRDA:461,122,1,4255
BRDA:461,122,2,378
BRDA:470,123,0,7146
BRDA:470,123,1,7078
BRDA:470,123,2,6976
BRDA:470,123,3,5620
BRDA:474,124,0,125
BRDA:474,124,1,128
BRDA:480,125,0,0
BRDA:481,126,0,0
BRDA:482,127,0,0
BRDA:482,127,1,0
BRDA:483,128,0,0
BRDA:506,129,0,288
BRDA:506,129,1,288
BRDA:509,130,0,32
BRDA:513,131,0,36
BRDA:513,131,1,252
BRDA:514,132,0,144
BRDA:514,132,1,144
BRDA:517,133,0,35
BRDA:518,134,0,63
BRDA:521,135,0,3
BRDA:521,135,1,6
BRDA:524,136,0,9
BRDA:525,137,0,9
BRDA:526,138,0,9
BRDA:527,139,0,9
BRDA:528,140,0,0
BRDA:531,141,0,6
BRDA:531,141,1,3
BRDA:544,142,0,0
BRDA:549,143,0,0
BRDA:549,144,0,0
BRDA:549,144,1,0
BRDA:552,145,0,0
BRDA:552,145,1,0
BRF:230
BRH:145
end_of_record
TN:
SF:server/games/ludo.ts
FN:4,(anonymous_0)
FN:23,(anonymous_1)
FN:25,(anonymous_2)
FN:43,(anonymous_3)
FN:44,(anonymous_4)
FN:51,(anonymous_5)
FN:55,(anonymous_6)
FN:103,(anonymous_7)
FN:119,(anonymous_8)
FN:129,(anonymous_9)
FN:148,(anonymous_10)
FN:212,(anonymous_11)
FN:214,(anonymous_12)
FN:244,(anonymous_13)
FN:253,(anonymous_14)
FNF:15
FNH:0
FNDA:0,(anonymous_0)
FNDA:0,(anonymous_1)
FNDA:0,(anonymous_2)
FNDA:0,(anonymous_3)
FNDA:0,(anonymous_4)
FNDA:0,(anonymous_5)
FNDA:0,(anonymous_6)
FNDA:0,(anonymous_7)
FNDA:0,(anonymous_8)
FNDA:0,(anonymous_9)
FNDA:0,(anonymous_10)
FNDA:0,(anonymous_11)
FNDA:0,(anonymous_12)
FNDA:0,(anonymous_13)
FNDA:0,(anonymous_14)
DA:2,0
DA:4,0
DA:5,0
DA:6,0
DA:7,0
DA:9,0
DA:16,0
DA:24,0
DA:25,0
DA:31,0
DA:44,0
DA:52,0
DA:61,0
DA:62,0
DA:63,0
DA:66,0
DA:67,0
DA:70,0
DA:71,0
DA:74,0
DA:75,0
DA:76,0
DA:78,0
DA:79,0
DA:81,0
DA:83,0
DA:84,0
DA:88,0
DA:90,0
DA:91,0
DA:92,0
DA:95,0
DA:96,0
DA:100,0
DA:109,0
DA:110,0
DA:111,0
DA:114,0
DA:115,0
DA:118,0
DA:119,0
DA:121,0
DA:122,0
DA:126,0
DA:129,0
DA:130,0
DA:131,0
DA:132,0
DA:137,0
DA:139,0
DA:142,0
DA:145,0
DA:149,0
DA:151,0
DA:152,0
DA:153,0
DA:154,0
DA:155,0
DA:161,0
DA:162,0
DA:163,0
DA:165,0
DA:167,0
DA:168,0
DA:169,0
DA:174,0
DA:175,0
DA:183,0
DA:184,0
DA:190,0
DA:191,0
DA:192,0
DA:193,0
DA:194,0
DA:199,0
DA:200,0
DA:209,0
DA:213,0
DA:214,0
DA:215,0
DA:218,0
DA:221,0
DA:222,0
DA:225,0
DA:227,0
DA:228,0
DA:230,0
DA:231,0
DA:233,0
DA:234,0
DA:241,0
DA:245,0
DA:246,0
DA:247,0
DA:249,0
DA:254,0
DA:255,0
DA:256,0
DA:258,0
DA:259,0
DA:260,0
DA:261,0
DA:262,0
DA:264,0
DA:268,0
LF:105
LH:0
BRDA:62,0,0,0
BRDA:66,1,0,0
BRDA:66,2,0,0
BRDA:66,2,1,0
BRDA:74,3,0,0
BRDA:74,3,1,0
BRDA:76,4,0,0
BRDA:90,5,0,0
BRDA:91,6,0,0
BRDA:91,6,1,0
BRDA:110,7,0,0
BRDA:114,8,0,0
BRDA:121,9,0,0
BRDA:129,10,0,0
BRDA:131,11,0,0
BRDA:137,12,0,0
BRDA:137,12,1,0
BRDA:137,13,0,0
BRDA:137,13,1,0
BRDA:152,14,0,0
BRDA:152,14,1,0
BRDA:153,15,0,0
BRDA:161,16,0,0
BRDA:161,16,1,0
BRDA:165,17,0,0
BRDA:165,17,1,0
BRDA:168,18,0,0
BRDA:168,18,1,0
BRDA:174,19,0,0
BRDA:190,20,0,0
BRDA:193,21,0,0
BRDA:193,21,1,0
BRDA:199,22,0,0
BRDA:221,23,0,0
BRDA:225,24,0,0
BRDA:228,25,0,0
BRDA:231,26,0,0
BRDA:231,27,0,0
BRDA:231,27,1,0
BRDA:246,28,0,0
BRDA:246,28,1,0
BRDA:260,29,0,0
BRDA:260,29,1,0
BRF:43
BRH:0
end_of_record
TN:
SF:server/games/uno.ts
FN:10,(anonymous_0)
FN:21,(anonymous_1)
FN:52,(anonymous_2)
FN:61,(anonymous_3)
FN:64,(anonymous_4)
FN:134,(anonymous_5)
FN:139,(anonymous_6)
FN:148,(anonymous_7)
FN:162,(anonymous_8)
FN:163,(anonymous_9)
FN:170,(anonymous_10)
FN:238,(anonymous_11)
FN:239,(anonymous_12)
FN:265,(anonymous_13)
FN:266,(anonymous_14)
FN:283,(anonymous_15)
FN:284,(anonymous_16)
FN:295,(anonymous_17)
FN:296,(anonymous_18)
FN:299,(anonymous_19)
FN:311,(anonymous_20)
FN:316,(anonymous_21)
FN:328,(anonymous_22)
FN:329,(anonymous_23)
FN:344,(anonymous_24)
FNF:25
FNH:17
FNDA:1,(anonymous_0)
FNDA:5,(anonymous_1)
FNDA:3,(anonymous_2)
FNDA:4,(anonymous_3)
FNDA:9,(anonymous_4)
FNDA:3,(anonymous_5)
FNDA:17,(anonymous_6)
FNDA:1,(anonymous_7)
FNDA:2,(anonymous_8)
FNDA:2,(anonymous_9)
FNDA:9,(anonymous_10)
FNDA:1,(anonymous_11)
FNDA:1,(anonymous_12)
FNDA:0,(anonymous_13)
FNDA:0,(anonymous_14)
FNDA:0,(anonymous_15)
FNDA:0,(anonymous_16)
FNDA:0,(anonymous_17)
FNDA:0,(anonymous_18)
FNDA:0,(anonymous_19)
FNDA:1,(anonymous_20)
FNDA:3,(anonymous_21)
FNDA:1,(anonymous_22)
FNDA:1,(anonymous_23)
FNDA:0,(anonymous_24)
DA:8,1
DA:10,1
DA:11,1
DA:22,5
DA:23,5
DA:26,5
DA:27,20
DA:28,20
DA:29,180
DA:30,180
DA:35,5
DA:36,20
DA:37,40
DA:38,40
DA:39,40
DA:44,5
DA:45,20
DA:46,20
DA:49,5
DA:53,3
DA:54,3
DA:55,321
DA:56,321
DA:58,3
DA:62,4
DA:63,4
DA:64,9
DA:74,4
DA:75,28
DA:76,63
DA:77,63
DA:83,4
DA:84,4
DA:85,4
DA:86,0
DA:87,0
DA:88,0
DA:92,4
DA:94,4
DA:95,4
DA:96,0
DA:99,4
DA:117,4
DA:118,0
DA:119,0
DA:120,4
DA:121,0
DA:122,4
DA:123,0
DA:124,0
DA:126,0
DA:127,0
DA:131,4
DA:136,3
DA:137,0
DA:139,17
DA:142,3
DA:143,3
DA:146,3
DA:148,1
DA:149,1
DA:152,2
DA:154,2
DA:156,0
DA:157,0
DA:159,0
DA:163,2
DA:164,2
DA:166,2
DA:167,0
DA:170,9
DA:171,2
DA:172,2
DA:174,2
DA:175,0
DA:179,2
DA:180,2
DA:181,2
DA:182,2
DA:183,2
DA:184,2
DA:185,2
DA:188,2
DA:189,0
DA:190,0
DA:192,2
DA:196,2
DA:197,1
DA:201,2
DA:203,2
DA:204,0
DA:205,0
DA:206,2
DA:207,0
DA:208,0
DA:209,0
DA:211,0
DA:212,0
DA:214,2
DA:215,0
DA:216,0
DA:217,0
DA:218,0
DA:219,2
DA:220,0
DA:221,0
DA:222,0
DA:223,0
DA:226,2
DA:230,2
DA:231,1
DA:232,1
DA:235,1
DA:239,1
DA:240,1
DA:242,1
DA:243,0
DA:246,1
DA:247,0
DA:250,1
DA:251,1
DA:254,1
DA:255,0
DA:256,0
DA:259,1
DA:262,1
DA:266,0
DA:267,0
DA:269,0
DA:270,0
DA:273,0
DA:274,0
DA:277,0
DA:278,0
DA:279,0
DA:280,0
DA:284,0
DA:285,0
DA:287,0
DA:288,0
DA:291,0
DA:292,0
DA:296,0
DA:297,0
DA:299,0
DA:300,0
DA:302,0
DA:304,0
DA:305,0
DA:308,0
DA:312,1
DA:313,0
DA:317,3
DA:318,3
DA:319,3
DA:320,3
DA:322,3
DA:323,3
DA:324,3
DA:329,1
DA:330,1
DA:332,1
DA:333,1
DA:334,0
DA:335,0
DA:337,1
DA:339,1
DA:340,1
DA:345,0
DA:347,0
DA:348,0
DA:349,0
DA:350,0
DA:351,0
DA:353,0
DA:354,0
DA:358,1
LF:177
LH:104
BRDA:61,0,0,4
BRDA:76,1,0,0
BRDA:85,2,0,0
BRDA:95,3,0,0
BRDA:117,4,0,0
BRDA:117,4,1,4
BRDA:120,5,0,0
BRDA:120,5,1,4
BRDA:122,6,0,0
BRDA:123,7,0,0
BRDA:123,7,1,0
BRDA:136,8,0,0
BRDA:136,8,1,3
BRDA:136,9,0,3
BRDA:136,9,1,0
BRDA:137,10,0,0
BRDA:139,11,0,0
BRDA:143,12,0,0
BRDA:146,13,0,1
BRDA:146,14,0,3
BRDA:146,14,1,1
BRDA:148,15,0,1
BRDA:148,15,1,1
BRDA:149,16,0,1
BRDA:152,17,0,0
BRDA:152,18,0,2
BRDA:152,18,1,2
BRDA:154,19,0,2
BRDA:156,20,0,0
BRDA:156,21,0,0
BRDA:156,21,1,0
BRDA:157,22,0,0
BRDA:157,23,0,0
BRDA:157,23,1,0
BRDA:157,23,2,0
BRDA:164,24,0,0
BRDA:166,25,0,0
BRDA:171,26,0,0
BRDA:174,27,0,0
BRDA:188,28,0,0
BRDA:188,28,1,2
BRDA:188,29,0,2
BRDA:188,29,1,2
BRDA:189,30,0,0
BRDA:189,31,0,0
BRDA:189,31,1,0
BRDA:196,32,0,1
BRDA:203,33,0,0
BRDA:203,33,1,2
BRDA:206,34,0,0
BRDA:206,34,1,2
BRDA:207,35,0,0
BRDA:207,35,1,0
BRDA:214,36,0,0
BRDA:214,36,1,2
BRDA:219,37,0,0
BRDA:219,37,1,2
BRDA:230,38,0,1
BRDA:240,39,0,0
BRDA:242,40,0,0
BRDA:246,41,0,0
BRDA:254,42,0,0
BRDA:254,42,1,1
BRDA:267,43,0,0
BRDA:269,44,0,0
BRDA:273,45,0,0
BRDA:285,46,0,0
BRDA:287,47,0,0
BRDA:297,48,0,0
BRDA:300,49,0,0
BRDA:302,50,0,0
BRDA:302,51,0,0
BRDA:302,51,1,0
BRDA:312,52,0,1
BRDA:323,53,0,3
BRDA:330,54,0,0
BRDA:333,55,0,0
BRDA:335,56,0,0
BRDA:339,57,0,1
BRDA:345,58,0,0
BRF:80
BRH:27
end_of_record
TN:
SF:src/App.tsx
FN:8,App
FN:14,(anonymous_2)
FN:22,(anonymous_3)
FN:35,(anonymous_4)
FN:36,(anonymous_5)
FN:45,(anonymous_6)
FN:46,(anonymous_7)
FN:50,(anonymous_8)
FN:55,(anonymous_9)
FN:56,(anonymous_10)
FN:65,(anonymous_11)
FN:66,(anonymous_12)
FN:75,(anonymous_13)
FN:76,(anonymous_14)
FN:80,(anonymous_15)
FN:85,(anonymous_16)
FN:86,(anonymous_17)
FN:97,(anonymous_18)
FN:98,(anonymous_19)
FN:109,(anonymous_20)
FN:110,(anonymous_21)
FN:122,(anonymous_22)
FN:126,(anonymous_23)
FN:130,(anonymous_24)
FN:131,(anonymous_25)
FN:140,(anonymous_26)
FN:141,(anonymous_27)
FN:150,(anonymous_28)
FN:151,(anonymous_29)
FN:160,(anonymous_30)
FN:172,(anonymous_31)
FN:173,(anonymous_32)
FN:183,(anonymous_33)
FN:192,(anonymous_34)
FN:201,(anonymous_35)
FN:202,(anonymous_36)
FN:211,(anonymous_37)
FN:212,(anonymous_38)
FN:221,(anonymous_39)
FN:222,(anonymous_40)
FN:231,(anonymous_41)
FN:232,(anonymous_42)
FN:247,(anonymous_43)
FN:248,(anonymous_44)
FN:257,(anonymous_45)
FN:262,(anonymous_46)
FN:266,(anonymous_47)
FN:277,(anonymous_48)
FN:281,(anonymous_49)
FN:292,(anonymous_50)
FN:305,(anonymous_51)
FNF:51
FNH:0
FNDA:0,App
FNDA:0,(anonymous_2)
FNDA:0,(anonymous_3)
FNDA:0,(anonymous_4)
FNDA:0,(anonymous_5)
FNDA:0,(anonymous_6)
FNDA:0,(anonymous_7)
FNDA:0,(anonymous_8)
FNDA:0,(anonymous_9)
FNDA:0,(anonymous_10)
FNDA:0,(anonymous_11)
FNDA:0,(anonymous_12)
FNDA:0,(anonymous_13)
FNDA:0,(anonymous_14)
FNDA:0,(anonymous_15)
FNDA:0,(anonymous_16)
FNDA:0,(anonymous_17)
FNDA:0,(anonymous_18)
FNDA:0,(anonymous_19)
FNDA:0,(anonymous_20)
FNDA:0,(anonymous_21)
FNDA:0,(anonymous_22)
FNDA:0,(anonymous_23)
FNDA:0,(anonymous_24)
FNDA:0,(anonymous_25)
FNDA:0,(anonymous_26)
FNDA:0,(anonymous_27)
FNDA:0,(anonymous_28)
FNDA:0,(anonymous_29)
FNDA:0,(anonymous_30)
FNDA:0,(anonymous_31)
FNDA:0,(anonymous_32)
FNDA:0,(anonymous_33)
FNDA:0,(anonymous_34)
FNDA:0,(anonymous_35)
FNDA:0,(anonymous_36)
FNDA:0,(anonymous_37)
FNDA:0,(anonymous_38)
FNDA:0,(anonymous_39)
FNDA:0,(anonymous_40)
FNDA:0,(anonymous_41)
FNDA:0,(anonymous_42)
FNDA:0,(anonymous_43)
FNDA:0,(anonymous_44)
FNDA:0,(anonymous_45)
FNDA:0,(anonymous_46)
FNDA:0,(anonymous_47)
FNDA:0,(anonymous_48)
FNDA:0,(anonymous_49)
FNDA:0,(anonymous_50)
FNDA:0,(anonymous_51)
DA:1,0
DA:2,0
DA:3,0
DA:4,0
DA:5,0
DA:9,0
DA:10,0
DA:11,0
DA:12,0
DA:14,0
DA:15,0
DA:18,0
DA:19,0
DA:21,0
DA:22,0
DA:23,0
DA:24,0
DA:25,0
DA:26,0
DA:28,0
DA:29,0
DA:35,0
DA:36,0
DA:37,0
DA:38,0
DA:45,0
DA:46,0
DA:47,0
DA:48,0
DA:50,0
DA:55,0
DA:56,0
DA:57,0
DA:58,0
DA:65,0
DA:66,0
DA:67,0
DA:68,0
DA:75,0
DA:76,0
DA:77,0
DA:78,0
DA:80,0
DA:85,0
DA:86,0
DA:87,0
DA:88,0
DA:97,0
DA:98,0
DA:99,0
DA:101,0
DA:102,0
DA:109,0
DA:110,0
DA:111,0
DA:112,0
DA:122,0
DA:126,0
DA:130,0
DA:131,0
DA:132,0
DA:133,0
DA:140,0
DA:141,0
DA:142,0
DA:143,0
DA:150,0
DA:151,0
DA:152,0
DA:153,0
DA:160,0
DA:169,0
DA:172,0
DA:173,0
DA:174,0
DA:175,0
DA:183,0
DA:184,0
DA:185,0
DA:186,0
DA:187,0
DA:188,0
DA:189,0
DA:192,0
DA:193,0
DA:194,0
DA:195,0
DA:196,0
DA:197,0
DA:198,0
DA:201,0
DA:202,0
DA:203,0
DA:204,0
DA:211,0
DA:212,0
DA:213,0
DA:214,0
DA:221,0
DA:222,0
DA:223,0
DA:224,0
DA:231,0
DA:232,0
DA:233,0
DA:239,0
DA:240,0
DA:243,0
DA:247,0
DA:248,0
DA:249,0
DA:250,0
DA:257,0
DA:258,0
DA:262,0
DA:263,0
DA:264,0
DA:266,0
DA:267,0
DA:268,0
DA:269,0
DA:270,0
DA:271,0
DA:272,0
DA:277,0
DA:278,0
DA:279,0
DA:281,0
DA:282,0
DA:283,0
DA:284,0
DA:285,0
DA:286,0
DA:287,0
DA:292,0
DA:293,0
DA:294,0
DA:296,0
DA:297,0
DA:298,0
DA:299,0
DA:300,0
DA:301,0
DA:304,0
DA:305,0
DA:308,0
DA:325,0
LF:147
LH:0
BRDA:21,0,0,0
BRDA:21,1,0,0
BRDA:21,1,1,0
BRDA:23,2,0,0
BRDA:23,2,1,0
BRDA:37,3,0,0
BRDA:47,4,0,0
BRDA:57,5,0,0
BRDA:67,6,0,0
BRDA:77,7,0,0
BRDA:87,8,0,0
BRDA:99,9,0,0
BRDA:111,10,0,0
BRDA:111,11,0,0
BRDA:111,11,1,0
BRDA:132,12,0,0
BRDA:142,13,0,0
BRDA:152,14,0,0
BRDA:174,15,0,0
BRDA:203,16,0,0
BRDA:213,17,0,0
BRDA:223,18,0,0
BRDA:234,19,0,0
BRDA:234,19,1,0
BRDA:236,20,0,0
BRDA:236,20,1,0
BRDA:236,20,2,0
BRDA:239,21,0,0
BRDA:239,22,0,0
BRDA:239,22,1,0
BRDA:249,23,0,0
BRDA:264,24,0,0
BRDA:267,25,0,0
BRDA:279,26,0,0
BRDA:282,27,0,0
BRDA:294,28,0,0
BRDA:294,29,0,0
BRDA:294,29,1,0
BRDA:304,30,0,0
BRDA:310,31,0,0
BRDA:310,31,1,0
BRDA:310,32,0,0
BRDA:310,32,1,0
BRDA:310,32,2,0
BRF:44
BRH:0
end_of_record
TN:
SF:src/main.tsx
FNF:0
FNH:0
DA:1,0
DA:2,0
DA:3,0
DA:4,0
DA:6,0
LF:5
LH:0
BRF:0
BRH:0
end_of_record
TN:
SF:src/components/AdminPanel.tsx
FN:11,AdminPanel
FN:17,(anonymous_1)
FN:21,(anonymous_2)
FN:30,(anonymous_3)
FN:36,(anonymous_4)
FN:58,(anonymous_5)
FN:84,(anonymous_6)
FN:89,(anonymous_7)
FN:111,(anonymous_8)
FN:138,(anonymous_9)
FN:144,(anonymous_10)
FN:152,(anonymous_11)
FNF:12
FNH:0
FNDA:0,AdminPanel
FNDA:0,(anonymous_1)
FNDA:0,(anonymous_2)
FNDA:0,(anonymous_3)
FNDA:0,(anonymous_4)
FNDA:0,(anonymous_5)
FNDA:0,(anonymous_6)
FNDA:0,(anonymous_7)
FNDA:0,(anonymous_8)
FNDA:0,(anonymous_9)
FNDA:0,(anonymous_10)
FNDA:0,(anonymous_11)
DA:1,0
DA:3,0
DA:11,0
DA:12,0
DA:13,0
DA:15,0
DA:17,0
DA:18,0
DA:19,0
DA:21,0
DA:22,0
DA:23,0
DA:25,0
DA:30,0
DA:32,0
DA:36,0
DA:58,0
DA:84,0
DA:89,0
DA:112,0
DA:138,0
DA:144,0
DA:152,0
LF:23
LH:0
BRDA:15,0,0,0
BRDA:19,1,0,0
BRDA:22,2,0,0
BRDA:22,2,1,0
BRDA:25,3,0,0
BRDA:25,3,1,0
BRDA:45,4,0,0
BRDA:45,4,1,0
BRDA:105,5,0,0
BRDA:105,5,1,0
BRDA:135,6,0,0
BRDA:135,6,1,0
BRF:12
BRH:0
end_of_record
TN:
SF:src/components/BackgroundMusicPlayer.tsx
FN:14,BackgroundMusicPlayer
FN:29,(anonymous_1)
FN:38,(anonymous_2)
FN:42,(anonymous_3)
FN:67,(anonymous_4)
FN:73,(anonymous_5)
FN:79,(anonymous_6)
FN:93,(anonymous_7)
FN:102,(anonymous_8)
FN:111,(anonymous_9)
FN:127,(anonymous_10)
FNF:11
FNH:0
FNDA:0,BackgroundMusicPlayer
FNDA:0,(anonymous_1)
FNDA:0,(anonymous_2)
FNDA:0,(anonymous_3)
FNDA:0,(anonymous_4)
FNDA:0,(anonymous_5)
FNDA:0,(anonymous_6)
FNDA:0,(anonymous_7)
FNDA:0,(anonymous_8)
FNDA:0,(anonymous_9)
FNDA:0,(anonymous_10)
DA:1,0
DA:3,0
DA:14,0
DA:21,0
DA:22,0
DA:23,0
DA:24,0
DA:26,0
DA:29,0
DA:30,0
DA:31,0
DA:33,0
DA:38,0
DA:39,0
DA:40,0
DA:42,0
DA:43,0
DA:44,0
DA:45,0
DA:49,0
DA:50,0
DA:54,0
DA:55,0
DA:56,0
DA:57,0
DA:58,0
DA:67,0
DA:68,0
DA:73,0
DA:74,0
DA:76,0
DA:79,0
DA:80,0
DA:81,0
DA:83,0
DA:84,0
DA:93,0
DA:94,0
DA:95,0
DA:96,0
DA:97,0
DA:98,0
DA:102,0
DA:103,0
DA:104,0
DA:105,0
DA:106,0
DA:107,0
DA:111,0
DA:112,0
DA:113,0
DA:115,0
DA:116,0
DA:117,0
DA:123,0
DA:124,0
DA:127,0
DA:128,0
DA:131,0
DA:133,0
LF:60
LH:0
BRDA:30,0,0,0
BRDA:30,0,1,0
BRDA:40,1,0,0
BRDA:43,2,0,0
BRDA:49,3,0,0
BRDA:54,4,0,0
BRDA:56,5,0,0
BRDA:57,6,0,0
BRDA:57,6,1,0
BRDA:81,7,0,0
BRDA:95,8,0,0
BRDA:104,9,0,0
BRDA:113,10,0,0
BRDA:116,11,0,0
BRDA:116,11,1,0
BRDA:131,12,0,0
BRDA:137,13,0,0
BRDA:137,13,1,0
BRDA:143,14,0,0
BRDA:143,14,1,0
BRDA:149,15,0,0
BRDA:149,15,1,0
BRDA:152,16,0,0
BRDA:152,16,1,0
BRDA:176,17,0,0
BRDA:176,17,1,0
BRDA:183,18,0,0
BRDA:183,18,1,0
BRDA:186,19,0,0
BRDA:186,19,1,0
BRDA:188,20,0,0
BRDA:188,20,1,0
BRDA:189,21,0,0
BRDA:189,21,1,0
BRDA:197,22,0,0
BRDA:197,22,1,0
BRDA:198,23,0,0
BRDA:198,23,1,0
BRDA:203,24,0,0
BRDA:203,24,1,0
BRDA:216,25,0,0
BRDA:216,25,1,0
BRDA:219,26,0,0
BRDA:219,26,1,0
BRDA:221,27,0,0
BRDA:221,27,1,0
BRDA:239,28,0,0
BRDA:239,28,1,0
BRDA:254,29,0,0
BRDA:254,29,1,0
BRF:50
BRH:0
end_of_record
TN:
SF:src/components/Chat.tsx
FN:11,Chat
FN:15,(anonymous_1)
FN:19,(anonymous_2)
FN:23,(anonymous_3)
FN:34,(anonymous_4)
FN:50,(anonymous_5)
FN:85,(anonymous_6)
FNF:7
FNH:0
FNDA:0,Chat
FNDA:0,(anonymous_1)
FNDA:0,(anonymous_2)
FNDA:0,(anonymous_3)
FNDA:0,(anonymous_4)
FNDA:0,(anonymous_5)
FNDA:0,(anonymous_6)
DA:1,0
DA:3,0
DA:11,0
DA:12,0
DA:13,0
DA:15,0
DA:16,0
DA:19,0
DA:20,0
DA:23,0
DA:24,0
DA:25,0
DA:27,0
DA:28,0
DA:30,0
DA:35,0
DA:36,0
DA:41,0
DA:51,0
DA:85,0
LF:20
LH:0
BRDA:25,0,0,0
BRDA:28,1,0,0
BRDA:35,2,0,0
BRDA:44,3,0,0
BRDA:44,3,1,0
BRDA:53,4,0,0
BRDA:53,4,1,0
BRDA:57,5,0,0
BRDA:57,5,1,0
BRDA:62,6,0,0
BRDA:62,6,1,0
BRDA:68,7,0,0
BRDA:68,7,1,0
BRF:13
BRH:0
end_of_record
TN:
SF:src/components/ChessBoard.tsx
FN:21,(anonymous_9)
FN:31,(anonymous_10)
FN:34,(anonymous_11)
FN:38,(anonymous_12)
FN:60,(anonymous_13)
FN:84,(anonymous_14)
FN:95,(anonymous_15)
FN:108,(anonymous_16)
FN:109,(anonymous_17)
FN:124,(anonymous_18)
FN:134,(anonymous_19)
FN:153,(anonymous_20)
FN:154,(anonymous_21)
FN:155,(anonymous_22)
FN:199,(anonymous_23)
FN:201,(anonymous_24)
FNF:16
FNH:0
FNDA:0,(anonymous_9)
FNDA:0,(anonymous_10)
FNDA:0,(anonymous_11)
FNDA:0,(anonymous_12)
FNDA:0,(anonymous_13)
FNDA:0,(anonymous_14)
FNDA:0,(anonymous_15)
FNDA:0,(anonymous_16)
FNDA:0,(anonymous_17)
FNDA:0,(anonymous_18)
FNDA:0,(anonymous_19)
FNDA:0,(anonymous_20)
FNDA:0,(anonymous_21)
FNDA:0,(anonymous_22)
FNDA:0,(anonymous_23)
FNDA:0,(anonymous_24)
DA:1,0
DA:2,0
DA:13,0
DA:17,0
DA:21,0
DA:24,0
DA:25,0
DA:26,0
DA:28,0
DA:29,0
DA:31,0
DA:34,0
DA:35,0
DA:38,0
DA:39,0
DA:40,0
DA:41,0
DA:42,0
DA:44,0
DA:45,0
DA:46,0
DA:48,0
DA:49,0
DA:51,0
DA:54,0
DA:55,0
DA:57,0
DA:60,0
DA:61,0
DA:64,0
DA:66,0
DA:67,0
DA:71,0
DA:73,0
DA:74,0
DA:76,0
DA:79,0
DA:84,0
DA:85,0
DA:86,0
DA:89,0
DA:90,0
DA:91,0
DA:95,0
DA:96,0
DA:98,0
DA:99,0
DA:101,0
DA:102,0
DA:104,0
DA:108,0
DA:109,0
DA:110,0
DA:111,0
DA:112,0
DA:115,0
DA:116,0
DA:117,0
DA:119,0
DA:124,0
DA:125,0
DA:126,0
DA:127,0
DA:129,0
DA:130,0
DA:131,0
DA:132,0
DA:134,0
DA:136,0
DA:144,0
DA:153,0
DA:154,0
DA:155,0
DA:193,0
DA:200,0
DA:201,0
LF:76
LH:0
BRDA:22,0,0,0
BRDA:28,1,0,0
BRDA:28,1,1,0
BRDA:29,2,0,0
BRDA:29,2,1,0
BRDA:39,3,0,0
BRDA:41,4,0,0
BRDA:41,4,1,0
BRDA:42,5,0,0
BRDA:42,5,1,0
BRDA:51,6,0,0
BRDA:51,7,0,0
BRDA:51,7,1,0
BRDA:51,7,2,0
BRDA:51,7,3,0
BRDA:54,8,0,0
BRDA:54,8,1,0
BRDA:55,9,0,0
BRDA:55,9,1,0
BRDA:64,10,0,0
BRDA:64,10,1,0
BRDA:66,11,0,0
BRDA:66,12,0,0
BRDA:66,12,1,0
BRDA:71,13,0,0
BRDA:71,13,1,0
BRDA:74,14,0,0
BRDA:74,14,1,0
BRDA:74,15,0,0
BRDA:74,15,1,0
BRDA:89,16,0,0
BRDA:89,17,0,0
BRDA:89,17,1,0
BRDA:98,18,0,0
BRDA:101,19,0,0
BRDA:101,20,0,0
BRDA:101,20,1,0
BRDA:109,21,0,0
BRDA:109,21,1,0
BRDA:110,22,0,0
BRDA:110,22,1,0
BRDA:116,23,0,0
BRDA:116,23,1,0
BRDA:116,24,0,0
BRDA:116,24,1,0
BRDA:134,25,0,0
BRDA:134,25,1,0
BRDA:134,26,0,0
BRDA:134,26,1,0
BRDA:136,27,0,0
BRDA:136,27,1,0
BRDA:136,28,0,0
BRDA:136,28,1,0
BRDA:137,29,0,0
BRDA:137,29,1,0
BRDA:138,30,0,0
BRDA:138,30,1,0
BRDA:139,31,0,0
BRDA:139,31,1,0
BRDA:140,32,0,0
BRDA:140,32,1,0
BRDA:141,33,0,0
BRDA:141,33,1,0
BRDA:148,34,0,0
BRDA:148,34,1,0
BRDA:149,35,0,0
BRDA:149,35,1,0
BRDA:150,36,0,0
BRDA:150,36,1,0
BRDA:150,37,0,0
BRDA:150,37,1,0
BRDA:151,38,0,0
BRDA:151,38,1,0
BRDA:161,39,0,0
BRDA:161,39,1,0
BRDA:162,40,0,0
BRDA:162,40,1,0
BRDA:166,41,0,0
BRDA:166,41,1,0
BRDA:167,42,0,0
BRDA:167,42,1,0
BRDA:173,43,0,0
BRDA:173,43,1,0
BRDA:174,44,0,0
BRDA:174,44,1,0
BRDA:178,45,0,0
BRDA:178,45,1,0
BRDA:181,46,0,0
BRDA:181,46,1,0
BRF:89
BRH:0
end_of_record
TN:
SF:src/components/GameSelector.tsx
FN:19,GameSelector
FN:24,(anonymous_1)
FN:28,(anonymous_2)
FN:35,(anonymous_3)
FN:39,(anonymous_4)
FN:45,(anonymous_5)
FN:46,(anonymous_6)
FN:48,(anonymous_7)
FN:53,(anonymous_8)
FN:67,(anonymous_9)
FN:77,(anonymous_10)
FN:92,(anonymous_11)
FN:158,(anonymous_12)
FN:174,(anonymous_13)
FN:190,(anonymous_14)
FN:213,(anonymous_15)
FN:225,(anonymous_16)
FNF:17
FNH:0
FNDA:0,GameSelector
FNDA:0,(anonymous_1)
FNDA:0,(anonymous_2)
FNDA:0,(anonymous_3)
FNDA:0,(anonymous_4)
FNDA:0,(anonymous_5)
FNDA:0,(anonymous_6)
FNDA:0,(anonymous_7)
FNDA:0,(anonymous_8)
FNDA:0,(anonymous_9)
FNDA:0,(anonymous_10)
FNDA:0,(anonymous_11)
FNDA:0,(anonymous_12)
FNDA:0,(anonymous_13)
FNDA:0,(anonymous_14)
FNDA:0,(anonymous_15)
FNDA:0,(anonymous_16)
DA:1,0
DA:3,0
DA:19,0
DA:20,0
DA:21,0
DA:22,0
DA:24,0
DA:25,0
DA:26,0
DA:28,0
DA:29,0
DA:30,0
DA:31,0
DA:35,0
DA:36,0
DA:39,0
DA:40,0
DA:41,0
DA:45,0
DA:46,0
DA:47,0
DA:48,0
DA:53,0
DA:54,0
DA:55,0
DA:56,0
DA:59,0
DA:60,0
DA:61,0
DA:64,0
DA:65,0
DA:67,0
DA:69,0
DA:77,0
DA:78,0
DA:80,0
DA:81,0
DA:83,0
DA:89,0
DA:92,0
DA:93,0
DA:95,0
DA:96,0
DA:98,0
DA:103,0
DA:107,0
DA:108,0
DA:148,0
DA:158,0
DA:174,0
DA:190,0
DA:214,0
DA:225,0
LF:53
LH:0
BRDA:26,0,0,0
BRDA:29,1,0,0
BRDA:29,1,1,0
BRDA:30,2,0,0
BRDA:30,3,0,0
BRDA:30,3,1,0
BRDA:47,4,0,0
BRDA:47,4,1,0
BRDA:54,5,0,0
BRDA:54,6,0,0
BRDA:54,6,1,0
BRDA:59,7,0,0
BRDA:65,8,0,0
BRDA:73,9,0,0
BRDA:73,9,1,0
BRDA:78,10,0,0
BRDA:81,11,0,0
BRDA:93,12,0,0
BRDA:96,13,0,0
BRDA:107,14,0,0
BRDA:119,15,0,0
BRDA:119,15,1,0
BRDA:120,16,0,0
BRDA:120,16,1,0
BRDA:123,17,0,0
BRDA:123,17,1,0
BRDA:124,18,0,0
BRDA:124,18,1,0
BRDA:160,19,0,0
BRDA:160,19,1,0
BRDA:176,20,0,0
BRDA:176,20,1,0
BRDA:192,21,0,0
BRDA:192,21,1,0
BRDA:217,22,0,0
BRDA:217,22,1,0
BRDA:228,23,0,0
BRDA:228,23,1,0
BRDA:229,24,0,0
BRDA:229,24,1,0
BRF:40
BRH:0
end_of_record
TN:
SF:src/components/LoadingScreen.tsx
FN:22,LoadingScreen
FN:27,(anonymous_1)
FN:29,(anonymous_2)
FN:30,(anonymous_3)
FN:41,(anonymous_4)
FN:43,(anonymous_5)
FN:44,(anonymous_6)
FN:49,(anonymous_7)
FNF:8
FNH:0
FNDA:0,LoadingScreen
FNDA:0,(anonymous_1)
FNDA:0,(anonymous_2)
FNDA:0,(anonymous_3)
FNDA:0,(anonymous_4)
FNDA:0,(anonymous_5)
FNDA:0,(anonymous_6)
FNDA:0,(anonymous_7)
DA:1,0
DA:3,0
DA:22,0
DA:23,0
DA:24,0
DA:25,0
DA:27,0
DA:29,0
DA:30,0
DA:31,0
DA:32,0
DA:33,0
DA:34,0
DA:36,0
DA:41,0
DA:42,0
DA:43,0
DA:44,0
DA:45,0
DA:49,0
DA:50,0
DA:51,0
DA:55,0
LF:23
LH:0
BRDA:31,0,0,0
BRDA:69,1,0,0
BRDA:69,1,1,0
BRF:3
BRH:0
end_of_record
TN:
SF:src/components/Lobby.tsx
FN:8,Lobby
FN:13,(anonymous_1)
FN:41,(anonymous_2)
FN:51,(anonymous_3)
FN:70,(anonymous_4)
FN:86,(anonymous_5)
FNF:6
FNH:0
FNDA:0,Lobby
FNDA:0,(anonymous_1)
FNDA:0,(anonymous_2)
FNDA:0,(anonymous_3)
FNDA:0,(anonymous_4)
FNDA:0,(anonymous_5)
DA:1,0
DA:8,0
DA:9,0
DA:10,0
DA:11,0
DA:13,0
DA:14,0
DA:15,0
DA:17,0
DA:18,0
DA:20,0
DA:21,0
DA:26,0
DA:41,0
DA:51,0
DA:70,0
DA:86,0
LF:17
LH:0
BRDA:15,0,0,0
BRDA:17,1,0,0
BRDA:17,1,1,0
BRDA:20,2,0,0
BRDA:43,3,0,0
BRDA:43,3,1,0
BRDA:53,4,0,0
BRDA:53,4,1,0
BRDA:78,5,0,0
BRDA:78,5,1,0
BRDA:98,6,0,0
BRDA:98,6,1,0
BRDA:103,7,0,0
BRDA:103,7,1,0
BRF:14
BRH:0
end_of_record
TN:
SF:src/components/MoviePlayer.tsx
FN:4,(anonymous_0)
FN:26,(anonymous_1)
FN:44,(anonymous_2)
FN:47,(anonymous_3)
FN:60,MoviePlayer
FN:67,(anonymous_5)
FN:78,(anonymous_6)
FN:92,(anonymous_7)
FN:93,(anonymous_8)
FN:94,(anonymous_9)
FN:97,(anonymous_10)
FN:98,(anonymous_11)
FN:101,(anonymous_12)
FN:105,(anonymous_13)
FN:109,(anonymous_14)
FN:118,(anonymous_15)
FN:129,(anonymous_16)
FN:135,(anonymous_17)
FN:160,(anonymous_18)
FN:176,(anonymous_19)
FN:181,(anonymous_20)
FN:186,(anonymous_21)
FN:191,(anonymous_22)
FN:196,(anonymous_23)
FN:214,(anonymous_24)
FN:229,(anonymous_25)
FN:310,(anonymous_26)
FNF:27
FNH:0
FNDA:0,(anonymous_0)
FNDA:0,(anonymous_1)
FNDA:0,(anonymous_2)
FNDA:0,(anonymous_3)
FNDA:0,MoviePlayer
FNDA:0,(anonymous_5)
FNDA:0,(anonymous_6)
FNDA:0,(anonymous_7)
FNDA:0,(anonymous_8)
FNDA:0,(anonymous_9)
FNDA:0,(anonymous_10)
FNDA:0,(anonymous_11)
FNDA:0,(anonymous_12)
FNDA:0,(anonymous_13)
FNDA:0,(anonymous_14)
FNDA:0,(anonymous_15)
FNDA:0,(anonymous_16)
FNDA:0,(anonymous_17)
FNDA:0,(anonymous_18)
FNDA:0,(anonymous_19)
FNDA:0,(anonymous_20)
FNDA:0,(anonymous_21)
FNDA:0,(anonymous_22)
FNDA:0,(anonymous_23)
FNDA:0,(anonymous_24)
FNDA:0,(anonymous_25)
FNDA:0,(anonymous_26)
DA:1,0
DA:2,0
DA:4,0
DA:5,0
DA:6,0
DA:7,0
DA:8,0
DA:9,0
DA:11,0
DA:12,0
DA:13,0
DA:14,0
DA:15,0
DA:16,0
DA:17,0
DA:21,0
DA:23,0
DA:26,0
DA:27,0
DA:28,0
DA:29,0
DA:30,0
DA:32,0
DA:33,0
DA:35,0
DA:36,0
DA:39,0
DA:41,0
DA:44,0
DA:45,0
DA:47,0
DA:48,0
DA:60,0
DA:61,0
DA:62,0
DA:63,0
DA:64,0
DA:65,0
DA:67,0
DA:68,0
DA:69,0
DA:70,0
DA:71,0
DA:72,0
DA:74,0
DA:77,0
DA:79,0
DA:80,0
DA:81,0
DA:83,0
DA:84,0
DA:85,0
DA:87,0
DA:92,0
DA:93,0
DA:94,0
DA:95,0
DA:97,0
DA:98,0
DA:99,0
DA:101,0
DA:102,0
DA:105,0
DA:106,0
DA:107,0
DA:109,0
DA:110,0
DA:111,0
DA:113,0
DA:114,0
DA:117,0
DA:118,0
DA:119,0
DA:121,0
DA:122,0
DA:125,0
DA:129,0
DA:130,0
DA:134,0
DA:136,0
DA:137,0
DA:138,0
DA:140,0
DA:141,0
DA:142,0
DA:145,0
DA:151,0
DA:152,0
DA:160,0
DA:161,0
DA:162,0
DA:164,0
DA:165,0
DA:167,0
DA:171,0
DA:176,0
DA:177,0
DA:178,0
DA:181,0
DA:182,0
DA:183,0
DA:186,0
DA:187,0
DA:188,0
DA:191,0
DA:192,0
DA:193,0
DA:196,0
DA:197,0
DA:199,0
DA:200,0
DA:202,0
DA:206,0
DA:214,0
DA:229,0
DA:310,0
LF:116
LH:0
BRDA:8,0,0,0
BRDA:9,1,0,0
BRDA:9,1,1,0
BRDA:11,2,0,0
BRDA:11,3,0,0
BRDA:11,3,1,0
BRDA:13,4,0,0
BRDA:16,5,0,0
BRDA:16,6,0,0
BRDA:16,6,1,0
BRDA:30,7,0,0
BRDA:33,8,0,0
BRDA:33,9,0,0
BRDA:33,9,1,0
BRDA:36,10,0,0
BRDA:61,11,0,0
BRDA:61,11,1,0
BRDA:68,12,0,0
BRDA:70,13,0,0
BRDA:71,14,0,0
BRDA:79,15,0,0
BRDA:80,16,0,0
BRDA:80,17,0,0
BRDA:80,17,1,0
BRDA:83,18,0,0
BRDA:83,18,1,0
BRDA:83,19,0,0
BRDA:83,19,1,0
BRDA:84,20,0,0
BRDA:93,21,0,0
BRDA:93,21,1,0
BRDA:94,22,0,0
BRDA:94,22,1,0
BRDA:97,23,0,0
BRDA:97,23,1,0
BRDA:98,24,0,0
BRDA:98,24,1,0
BRDA:102,25,0,0
BRDA:102,25,1,0
BRDA:107,26,0,0
BRDA:107,27,0,0
BRDA:107,27,1,0
BRDA:107,27,2,0
BRDA:110,28,0,0
BRDA:110,29,0,0
BRDA:110,29,1,0
BRDA:113,30,0,0
BRDA:117,31,0,0
BRDA:117,31,1,0
BRDA:117,32,0,0
BRDA:117,32,1,0
BRDA:121,33,0,0
BRDA:121,34,0,0
BRDA:121,34,1,0
BRDA:135,35,0,0
BRDA:138,36,0,0
BRDA:138,37,0,0
BRDA:138,37,1,0
BRDA:138,37,2,0
BRDA:138,37,3,0
BRDA:141,38,0,0
BRDA:141,39,0,0
BRDA:141,39,1,0
BRDA:146,40,0,0
BRDA:146,40,1,0
BRDA:147,41,0,0
BRDA:147,41,1,0
BRDA:162,42,0,0
BRDA:165,43,0,0
BRDA:177,44,0,0
BRDA:177,45,0,0
BRDA:177,45,1,0
BRDA:177,45,2,0
BRDA:182,46,0,0
BRDA:182,47,0,0
BRDA:182,47,1,0
BRDA:182,47,2,0
BRDA:187,48,0,0
BRDA:187,49,0,0
BRDA:187,49,1,0
BRDA:187,49,2,0
BRDA:192,50,0,0
BRDA:192,51,0,0
BRDA:192,51,1,0
BRDA:192,51,2,0
BRDA:192,51,3,0
BRDA:197,52,0,0
BRDA:199,53,0,0
BRDA:199,53,1,0
BRDA:230,54,0,0
BRDA:230,54,1,0
BRDA:246,55,0,0
BRDA:246,55,1,0
BRDA:248,56,0,0
BRDA:248,56,1,0
BRDA:248,57,0,0
BRDA:248,57,1,0
BRDA:256,58,0,0
BRDA:256,58,1,0
BRDA:256,59,0,0
BRDA:256,59,1,0
BRDA:277,60,0,0
BRDA:277,60,1,0
BRDA:277,60,2,0
BRDA:298,61,0,0
BRDA:298,61,1,0
BRF:106
BRH:0
end_of_record
TN:
SF:src/components/MusicQueue.tsx
FN:21,MusicQueue
FN:26,(anonymous_1)
FN:34,(anonymous_2)
FN:44,(anonymous_3)
FN:53,(anonymous_4)
FN:60,(anonymous_5)
FN:70,(anonymous_6)
FN:77,(anonymous_7)
FN:87,(anonymous_8)
FN:94,(anonymous_9)
FN:119,(anonymous_10)
FN:146,(anonymous_11)
FN:159,(anonymous_12)
FN:177,(anonymous_13)
FN:183,(anonymous_14)
FN:213,(anonymous_15)
FN:255,(anonymous_16)
FN:262,(anonymous_17)
FNF:18
FNH:0
FNDA:0,MusicQueue
FNDA:0,(anonymous_1)
FNDA:0,(anonymous_2)
FNDA:0,(anonymous_3)
FNDA:0,(anonymous_4)
FNDA:0,(anonymous_5)
FNDA:0,(anonymous_6)
FNDA:0,(anonymous_7)
FNDA:0,(anonymous_8)
FNDA:0,(anonymous_9)
FNDA:0,(anonymous_10)
FNDA:0,(anonymous_11)
FNDA:0,(anonymous_12)
FNDA:0,(anonymous_13)
FNDA:0,(anonymous_14)
FNDA:0,(anonymous_15)
FNDA:0,(anonymous_16)
FNDA:0,(anonymous_17)
DA:1,0
DA:3,0
DA:21,0
DA:22,0
DA:23,0
DA:24,0
DA:26,0
DA:27,0
DA:28,0
DA:30,0
DA:31,0
DA:32,0
DA:34,0
DA:35,0
DA:36,0
DA:37,0
DA:39,0
DA:44,0
DA:45,0
DA:46,0
DA:48,0
DA:54,0
DA:60,0
DA:61,0
DA:62,0
DA:64,0
DA:71,0
DA:77,0
DA:78,0
DA:79,0
DA:81,0
DA:88,0
DA:89,0
DA:94,0
DA:95,0
DA:96,0
DA:98,0
DA:104,0
DA:119,0
DA:147,0
DA:159,0
DA:177,0
DA:183,0
DA:214,0
DA:215,0
DA:255,0
DA:262,0
LF:47
LH:0
BRDA:28,0,0,0
BRDA:32,1,0,0
BRDA:36,2,0,0
BRDA:36,2,1,0
BRDA:46,3,0,0
BRDA:54,4,0,0
BRDA:62,5,0,0
BRDA:71,6,0,0
BRDA:79,7,0,0
BRDA:88,8,0,0
BRDA:96,9,0,0
BRDA:128,10,0,0
BRDA:128,10,1,0
BRDA:137,11,0,0
BRDA:137,11,1,0
BRDA:207,12,0,0
BRDA:207,12,1,0
BRDA:220,13,0,0
BRDA:220,13,1,0
BRDA:229,14,0,0
BRDA:229,14,1,0
BRDA:231,15,0,0
BRDA:231,15,1,0
BRDA:243,16,0,0
BRDA:243,16,1,0
BRDA:244,17,0,0
BRDA:244,17,1,0
BRDA:248,18,0,0
BRDA:248,18,1,0
BRDA:248,19,0,0
BRDA:248,19,1,0
BRF:31
BRH:0
end_of_record
TN:
SF:src/components/RoomView.tsx
FN:24,RoomView
FN:28,(anonymous_2)
FN:34,(anonymous_3)
FN:40,(anonymous_4)
FN:78,(anonymous_5)
FN:82,(anonymous_6)
FNF:6
FNH:0
FNDA:0,RoomView
FNDA:0,(anonymous_2)
FNDA:0,(anonymous_3)
FNDA:0,(anonymous_4)
FNDA:0,(anonymous_5)
FNDA:0,(anonymous_6)
DA:1,0
DA:3,0
DA:4,0
DA:5,0
DA:6,0
DA:7,0
DA:8,0
DA:9,0
DA:10,0
DA:11,0
DA:12,0
DA:13,0
DA:14,0
DA:24,0
DA:25,0
DA:26,0
DA:28,0
DA:29,0
DA:30,0
DA:34,0
DA:35,0
DA:36,0
DA:37,0
DA:40,0
DA:41,0
DA:42,0
DA:43,0
DA:44,0
DA:48,0
DA:78,0
DA:83,0
LF:31
LH:0
BRDA:26,0,0,0
BRDA:26,0,1,0
BRDA:29,1,0,0
BRDA:41,2,0,0
BRDA:43,3,0,0
BRDA:65,4,0,0
BRDA:65,4,1,0
BRDA:66,5,0,0
BRDA:66,5,1,0
BRDA:67,6,0,0
BRDA:67,6,1,0
BRDA:68,7,0,0
BRDA:68,7,1,0
BRDA:69,8,0,0
BRDA:69,8,1,0
BRDA:78,9,0,0
BRDA:78,9,1,0
BRDA:86,10,0,0
BRDA:86,10,1,0
BRDA:90,11,0,0
BRDA:90,11,1,0
BRDA:93,12,0,0
BRDA:93,12,1,0
BRDA:96,13,0,0
BRDA:96,13,1,0
BRDA:114,14,0,0
BRDA:114,14,1,0
BRDA:121,15,0,0
BRDA:121,15,1,0
BRDA:130,16,0,0
BRDA:130,16,1,0
BRDA:137,17,0,0
BRDA:137,17,1,0
BRDA:140,18,0,0
BRDA:140,18,1,0
BRDA:142,19,0,0
BRDA:142,19,1,0
BRDA:155,20,0,0
BRDA:155,20,1,0
BRDA:158,21,0,0
BRDA:158,21,1,0
BRDA:161,22,0,0
BRDA:161,22,1,0
BRF:43
BRH:0
end_of_record
TN:
SF:src/components/ScreenMirror.tsx
FN:23,ScreenMirror
FN:37,(anonymous_1)
FN:39,(anonymous_2)
FN:44,(anonymous_3)
FN:45,(anonymous_4)
FN:51,(anonymous_5)
FN:52,(anonymous_6)
FN:55,(anonymous_7)
FN:68,(anonymous_8)
FN:108,(anonymous_9)
FN:133,(anonymous_10)
FN:155,(anonymous_11)
FN:156,(anonymous_12)
FN:181,(anonymous_13)
FN:189,(anonymous_14)
FN:193,(anonymous_15)
FN:203,(anonymous_16)
FN:214,(anonymous_17)
FN:216,(anonymous_18)
FN:217,(anonymous_19)
FN:224,(anonymous_20)
FN:229,(anonymous_21)
FN:230,(anonymous_22)
FN:268,(anonymous_23)
FN:282,(anonymous_24)
FN:290,(anonymous_25)
FN:300,(anonymous_26)
FN:311,(anonymous_27)
FN:322,(anonymous_28)
FN:325,(anonymous_29)
FN:326,(anonymous_30)
FN:327,(anonymous_31)
FN:328,(anonymous_32)
FN:330,(anonymous_33)
FN:342,(anonymous_34)
FN:354,(anonymous_35)
FN:355,(anonymous_36)
FN:452,(anonymous_37)
FN:470,VideoTile
FN:478,(anonymous_39)
FN:481,(anonymous_40)
FN:494,(anonymous_41)
FN:496,(anonymous_42)
FN:502,(anonymous_43)
FNF:44
FNH:0
FNDA:0,ScreenMirror
FNDA:0,(anonymous_1)
FNDA:0,(anonymous_2)
FNDA:0,(anonymous_3)
FNDA:0,(anonymous_4)
FNDA:0,(anonymous_5)
FNDA:0,(anonymous_6)
FNDA:0,(anonymous_7)
FNDA:0,(anonymous_8)
FNDA:0,(anonymous_9)
FNDA:0,(anonymous_10)
FNDA:0,(anonymous_11)
FNDA:0,(anonymous_12)
FNDA:0,(anonymous_13)
FNDA:0,(anonymous_14)
FNDA:0,(anonymous_15)
FNDA:0,(anonymous_16)
FNDA:0,(anonymous_17)
FNDA:0,(anonymous_18)
FNDA:0,(anonymous_19)
FNDA:0,(anonymous_20)
FNDA:0,(anonymous_21)
FNDA:0,(anonymous_22)
FNDA:0,(anonymous_23)
FNDA:0,(anonymous_24)
FNDA:0,(anonymous_25)
FNDA:0,(anonymous_26)
FNDA:0,(anonymous_27)
FNDA:0,(anonymous_28)
FNDA:0,(anonymous_29)
FNDA:0,(anonymous_30)
FNDA:0,(anonymous_31)
FNDA:0,(anonymous_32)
FNDA:0,(anonymous_33)
FNDA:0,(anonymous_34)
FNDA:0,(anonymous_35)
FNDA:0,(anonymous_36)
FNDA:0,(anonymous_37)
FNDA:0,VideoTile
FNDA:0,(anonymous_39)
FNDA:0,(anonymous_40)
FNDA:0,(anonymous_41)
FNDA:0,(anonymous_42)
FNDA:0,(anonymous_43)
DA:1,0
DA:3,0
DA:15,0
DA:23,0
DA:24,0
DA:25,0
DA:26,0
DA:27,0
DA:28,0
DA:29,0
DA:30,0
DA:31,0
DA:32,0
DA:33,0
DA:34,0
DA:35,0
DA:37,0
DA:39,0
DA:44,0
DA:45,0
DA:46,0
DA:47,0
DA:48,0
DA:51,0
DA:52,0
DA:55,0
DA:56,0
DA:58,0
DA:64,0
DA:68,0
DA:69,0
DA:70,0
DA:71,0
DA:72,0
DA:74,0
DA:75,0
DA:76,0
DA:77,0
DA:79,0
DA:80,0
DA:84,0
DA:85,0
DA:88,0
DA:89,0
DA:102,0
DA:103,0
DA:105,0
DA:106,0
DA:107,0
DA:108,0
DA:111,0
DA:113,0
DA:115,0
DA:116,0
DA:117,0
DA:118,0
DA:119,0
DA:120,0
DA:122,0
DA:126,0
DA:127,0
DA:129,0
DA:133,0
DA:134,0
DA:135,0
DA:136,0
DA:139,0
DA:140,0
DA:141,0
DA:143,0
DA:151,0
DA:152,0
DA:155,0
DA:156,0
DA:157,0
DA:158,0
DA:162,0
DA:163,0
DA:165,0
DA:167,0
DA:168,0
DA:169,0
DA:170,0
DA:172,0
DA:175,0
DA:177,0
DA:181,0
DA:182,0
DA:183,0
DA:184,0
DA:185,0
DA:186,0
DA:189,0
DA:190,0
DA:191,0
DA:193,0
DA:194,0
DA:195,0
DA:203,0
DA:204,0
DA:205,0
DA:206,0
DA:207,0
DA:210,0
DA:211,0
DA:214,0
DA:215,0
DA:216,0
DA:217,0
DA:218,0
DA:219,0
DA:224,0
DA:225,0
DA:226,0
DA:229,0
DA:230,0
DA:231,0
DA:233,0
DA:234,0
DA:235,0
DA:238,0
DA:239,0
DA:240,0
DA:243,0
DA:244,0
DA:245,0
DA:247,0
DA:248,0
DA:249,0
DA:250,0
DA:251,0
DA:252,0
DA:259,0
DA:261,0
DA:262,0
DA:264,0
DA:268,0
DA:269,0
DA:270,0
DA:271,0
DA:272,0
DA:273,0
DA:274,0
DA:275,0
DA:282,0
DA:283,0
DA:284,0
DA:285,0
DA:286,0
DA:290,0
DA:291,0
DA:292,0
DA:293,0
DA:294,0
DA:296,0
DA:300,0
DA:301,0
DA:302,0
DA:303,0
DA:305,0
DA:306,0
DA:307,0
DA:311,0
DA:312,0
DA:313,0
DA:314,0
DA:316,0
DA:317,0
DA:318,0
DA:322,0
DA:323,0
DA:325,0
DA:326,0
DA:327,0
DA:328,0
DA:329,0
DA:330,0
DA:337,0
DA:338,0
DA:339,0
DA:340,0
DA:342,0
DA:343,0
DA:344,0
DA:345,0
DA:346,0
DA:347,0
DA:348,0
DA:349,0
DA:354,0
DA:355,0
DA:356,0
DA:359,0
DA:453,0
DA:454,0
DA:475,0
DA:476,0
DA:478,0
DA:479,0
DA:480,0
DA:481,0
DA:485,0
DA:486,0
DA:487,0
DA:488,0
DA:489,0
DA:490,0
DA:491,0
DA:493,0
DA:494,0
DA:495,0
DA:496,0
DA:497,0
DA:498,0
DA:500,0
DA:502,0
DA:503,0
DA:506,0
DA:511,0
LF:219
LH:0
BRDA:37,0,0,0
BRDA:37,0,1,0
BRDA:40,1,0,0
BRDA:40,1,1,0
BRDA:41,2,0,0
BRDA:41,2,1,0
BRDA:74,3,0,0
BRDA:74,4,0,0
BRDA:74,4,1,0
BRDA:76,5,0,0
BRDA:84,6,0,0
BRDA:84,7,0,0
BRDA:84,7,1,0
BRDA:90,8,0,0
BRDA:90,8,1,0
BRDA:95,9,0,0
BRDA:95,9,1,0
BRDA:105,10,0,0
BRDA:111,11,0,0
BRDA:111,11,1,0
BRDA:111,12,0,0
BRDA:111,12,1,0
BRDA:111,13,0,0
BRDA:111,13,1,0
BRDA:115,14,0,0
BRDA:115,14,1,0
BRDA:115,15,0,0
BRDA:115,15,1,0
BRDA:117,16,0,0
BRDA:117,16,1,0
BRDA:117,17,0,0
BRDA:117,17,1,0
BRDA:119,18,0,0
BRDA:119,18,1,0
BRDA:119,19,0,0
BRDA:119,19,1,0
BRDA:122,20,0,0
BRDA:122,20,1,0
BRDA:135,21,0,0
BRDA:135,22,0,0
BRDA:135,22,1,0
BRDA:167,23,0,0
BRDA:167,23,1,0
BRDA:169,24,0,0
BRDA:169,24,1,0
BRDA:172,25,0,0
BRDA:172,25,1,0
BRDA:190,26,0,0
BRDA:194,27,0,0
BRDA:205,28,0,0
BRDA:217,29,0,0
BRDA:217,29,1,0
BRDA:218,30,0,0
BRDA:219,31,0,0
BRDA:219,31,1,0
BRDA:219,32,0,0
BRDA:219,32,1,0
BRDA:219,33,0,0
BRDA:219,33,1,0
BRDA:233,34,0,0
BRDA:238,35,0,0
BRDA:245,36,0,0
BRDA:245,36,1,0
BRDA:259,37,0,0
BRDA:259,37,1,0
BRDA:269,38,0,0
BRDA:283,39,0,0
BRDA:285,40,0,0
BRDA:291,41,0,0
BRDA:305,42,0,0
BRDA:305,43,0,0
BRDA:305,43,1,0
BRDA:316,44,0,0
BRDA:316,45,0,0
BRDA:316,45,1,0
BRDA:329,46,0,0
BRDA:356,47,0,0
BRDA:356,47,1,0
BRDA:367,48,0,0
BRDA:367,48,1,0
BRDA:373,49,0,0
BRDA:373,49,1,0
BRDA:374,50,0,0
BRDA:374,50,1,0
BRDA:381,51,0,0
BRDA:381,51,1,0
BRDA:387,52,0,0
BRDA:387,52,1,0
BRDA:388,53,0,0
BRDA:388,53,1,0
BRDA:392,54,0,0
BRDA:392,54,1,0
BRDA:395,55,0,0
BRDA:395,55,1,0
BRDA:401,56,0,0
BRDA:401,56,1,0
BRDA:402,57,0,0
BRDA:402,57,1,0
BRDA:409,58,0,0
BRDA:409,58,1,0
BRDA:418,59,0,0
BRDA:418,59,1,0
BRDA:418,60,0,0
BRDA:418,60,1,0
BRDA:418,60,2,0
BRDA:429,61,0,0
BRDA:429,61,1,0
BRDA:429,61,2,0
BRDA:443,62,0,0
BRDA:443,62,1,0
BRDA:444,63,0,0
BRDA:444,63,1,0
BRDA:445,64,0,0
BRDA:445,64,1,0
BRDA:453,65,0,0
BRDA:453,65,1,0
BRDA:479,66,0,0
BRDA:485,67,0,0
BRDA:485,68,0,0
BRDA:485,68,1,0
BRDA:513,69,0,0
BRDA:513,69,1,0
BRDA:518,70,0,0
BRDA:518,70,1,0
BRDA:532,71,0,0
BRDA:532,71,1,0
BRDA:536,72,0,0
BRDA:536,72,1,0
BRDA:538,73,0,0
BRDA:538,73,1,0
BRDA:539,74,0,0
BRDA:539,74,1,0
BRDA:540,75,0,0
BRDA:540,75,1,0
BRF:134
BRH:0
end_of_record
TN:
SF:src/components/Sidebar.tsx
FN:10,Sidebar
FN:30,(anonymous_1)
FN:31,(anonymous_2)
FN:51,(anonymous_3)
FN:54,(anonymous_4)
FNF:5
FNH:0
FNDA:0,Sidebar
FNDA:0,(anonymous_1)
FNDA:0,(anonymous_2)
FNDA:0,(anonymous_3)
FNDA:0,(anonymous_4)
DA:1,0
DA:10,0
DA:11,0
DA:13,0
DA:21,0
DA:30,0
DA:31,0
DA:52,0
DA:54,0
LF:9
LH:0
BRDA:27,0,0,0
BRDA:27,0,1,0
BRDA:30,1,0,0
BRDA:30,1,1,0
BRDA:31,2,0,0
BRDA:31,2,1,0
BRDA:35,3,0,0
BRDA:35,3,1,0
BRDA:38,4,0,0
BRDA:38,4,1,0
BRDA:44,5,0,0
BRDA:44,5,1,0
BRDA:57,6,0,0
BRDA:57,6,1,0
BRDA:64,7,0,0
BRDA:64,7,1,0
BRDA:69,8,0,0
BRDA:69,8,1,0
BRDA:73,9,0,0
BRDA:73,9,1,0
BRDA:95,10,0,0
BRDA:95,10,1,0
BRDA:100,11,0,0
BRDA:100,11,1,0
BRF:24
BRH:0
end_of_record
TN:
SF:src/components/StreamPlayer.tsx
FN:19,(anonymous_1)
FN:20,(anonymous_2)
FN:29,StreamPlayer
FN:37,(anonymous_4)
FN:39,(anonymous_5)
FN:53,(anonymous_6)
FN:54,(anonymous_7)
FN:55,(anonymous_8)
FN:69,(anonymous_9)
FN:76,(anonymous_10)
FN:100,(anonymous_11)
FN:103,(anonymous_12)
FN:104,(anonymous_13)
FN:115,(anonymous_14)
FN:131,(anonymous_15)
FN:132,(anonymous_16)
FN:136,(anonymous_17)
FN:141,(anonymous_18)
FN:146,(anonymous_19)
FN:147,(anonymous_20)
FN:153,(anonymous_21)
FN:179,(anonymous_22)
FN:182,(anonymous_23)
FNF:23
FNH:0
FNDA:0,(anonymous_1)
FNDA:0,(anonymous_2)
FNDA:0,StreamPlayer
FNDA:0,(anonymous_4)
FNDA:0,(anonymous_5)
FNDA:0,(anonymous_6)
FNDA:0,(anonymous_7)
FNDA:0,(anonymous_8)
FNDA:0,(anonymous_9)
FNDA:0,(anonymous_10)
FNDA:0,(anonymous_11)
FNDA:0,(anonymous_12)
FNDA:0,(anonymous_13)
FNDA:0,(anonymous_14)
FNDA:0,(anonymous_15)
FNDA:0,(anonymous_16)
FNDA:0,(anonymous_17)
FNDA:0,(anonymous_18)
FNDA:0,(anonymous_19)
FNDA:0,(anonymous_20)
FNDA:0,(anonymous_21)
FNDA:0,(anonymous_22)
FNDA:0,(anonymous_23)
DA:1,0
DA:2,0
DA:3,0
DA:19,0
DA:20,0
DA:21,0
DA:22,0
DA:23,0
DA:24,0
DA:26,0
DA:29,0
DA:30,0
DA:31,0
DA:32,0
DA:33,0
DA:34,0
DA:35,0
DA:37,0
DA:38,0
DA:39,0
DA:40,0
DA:41,0
DA:42,0
DA:43,0
DA:44,0
DA:45,0
DA:46,0
DA:47,0
DA:48,0
DA:49,0
DA:50,0
DA:53,0
DA:54,0
DA:55,0
DA:56,0
DA:57,0
DA:59,0
DA:62,0
DA:63,0
DA:67,0
DA:69,0
DA:70,0
DA:71,0
DA:76,0
DA:77,0
DA:78,0
DA:79,0
DA:81,0
DA:82,0
DA:83,0
DA:85,0
DA:87,0
DA:89,0
DA:90,0
DA:91,0
DA:92,0
DA:93,0
DA:100,0
DA:101,0
DA:102,0
DA:103,0
DA:104,0
DA:105,0
DA:106,0
DA:107,0
DA:108,0
DA:109,0
DA:110,0
DA:111,0
DA:115,0
DA:116,0
DA:117,0
DA:118,0
DA:119,0
DA:122,0
DA:124,0
DA:125,0
DA:126,0
DA:127,0
DA:128,0
DA:129,0
DA:130,0
DA:131,0
DA:132,0
DA:135,0
DA:136,0
DA:138,0
DA:139,0
DA:140,0
DA:141,0
DA:142,0
DA:143,0
DA:144,0
DA:145,0
DA:146,0
DA:147,0
DA:148,0
DA:149,0
DA:150,0
DA:153,0
DA:154,0
DA:155,0
DA:156,0
DA:158,0
DA:164,0
DA:167,0
DA:180,0
DA:182,0
LF:108
LH:0
BRDA:22,0,0,0
BRDA:23,1,0,0
BRDA:23,2,0,0
BRDA:23,2,1,0
BRDA:45,3,0,0
BRDA:46,4,0,0
BRDA:46,4,1,0
BRDA:48,5,0,0
BRDA:53,6,0,0
BRDA:53,6,1,0
BRDA:53,6,2,0
BRDA:56,7,0,0
BRDA:56,7,1,0
BRDA:63,8,0,0
BRDA:77,9,0,0
BRDA:81,10,0,0
BRDA:89,11,0,0
BRDA:102,12,0,0
BRDA:107,13,0,0
BRDA:107,13,1,0
BRDA:108,14,0,0
BRDA:108,14,1,0
BRDA:108,14,2,0
BRDA:117,15,0,0
BRDA:124,16,0,0
BRDA:124,16,1,0
BRDA:126,17,0,0
BRDA:126,17,1,0
BRDA:126,18,0,0
BRDA:126,18,1,0
BRDA:138,19,0,0
BRDA:138,19,1,0
BRDA:142,20,0,0
BRDA:147,21,0,0
BRDA:147,21,1,0
BRDA:147,22,0,0
BRDA:147,22,1,0
BRDA:148,23,0,0
BRDA:154,24,0,0
BRDA:154,24,1,0
BRDA:171,25,0,0
BRDA:171,25,1,0
BRDA:185,26,0,0
BRDA:185,26,1,0
BRDA:185,27,0,0
BRDA:185,27,1,0
BRDA:188,28,0,0
BRDA:188,28,1,0
BRF:48
BRH:0
end_of_record
TN:
SF:src/components/games/ChessGame.tsx
FN:22,ChessGame
FN:23,(anonymous_2)
FN:41,(anonymous_3)
FN:43,(anonymous_4)
FN:50,(anonymous_5)
FN:56,(anonymous_6)
FN:76,(anonymous_7)
FN:87,(anonymous_8)
FN:90,(anonymous_9)
FN:91,(anonymous_10)
FN:100,(anonymous_11)
FN:102,(anonymous_12)
FN:113,(anonymous_13)
FN:120,(anonymous_14)
FN:122,(anonymous_15)
FN:128,(anonymous_16)
FN:134,(anonymous_17)
FN:216,(anonymous_18)
FN:228,(anonymous_19)
FN:246,(anonymous_20)
FN:254,(anonymous_21)
FN:270,(anonymous_22)
FN:296,(anonymous_23)
FN:308,(anonymous_24)
FN:311,(anonymous_25)
FNF:25
FNH:0
FNDA:0,ChessGame
FNDA:0,(anonymous_2)
FNDA:0,(anonymous_3)
FNDA:0,(anonymous_4)
FNDA:0,(anonymous_5)
FNDA:0,(anonymous_6)
FNDA:0,(anonymous_7)
FNDA:0,(anonymous_8)
FNDA:0,(anonymous_9)
FNDA:0,(anonymous_10)
FNDA:0,(anonymous_11)
FNDA:0,(anonymous_12)
FNDA:0,(anonymous_13)
FNDA:0,(anonymous_14)
FNDA:0,(anonymous_15)
FNDA:0,(anonymous_16)
FNDA:0,(anonymous_17)
FNDA:0,(anonymous_18)
FNDA:0,(anonymous_19)
FNDA:0,(anonymous_20)
FNDA:0,(anonymous_21)
FNDA:0,(anonymous_22)
FNDA:0,(anonymous_23)
FNDA:0,(anonymous_24)
FNDA:0,(anonymous_25)
DA:1,0
DA:2,0
DA:3,0
DA:9,0
DA:22,0
DA:23,0
DA:24,0
DA:25,0
DA:27,0
DA:30,0
DA:31,0
DA:32,0
DA:33,0
DA:34,0
DA:35,0
DA:36,0
DA:37,0
DA:39,0
DA:41,0
DA:42,0
DA:43,0
DA:44,0
DA:45,0
DA:46,0
DA:47,0
DA:50,0
DA:51,0
DA:56,0
DA:57,0
DA:58,0
DA:59,0
DA:60,0
DA:63,0
DA:66,0
DA:67,0
DA:68,0
DA:76,0
DA:78,0
DA:79,0
DA:81,0
DA:84,0
DA:85,0
DA:86,0
DA:87,0
DA:90,0
DA:91,0
DA:92,0
DA:94,0
DA:96,0
DA:100,0
DA:101,0
DA:102,0
DA:103,0
DA:107,0
DA:108,0
DA:110,0
DA:113,0
DA:114,0
DA:115,0
DA:116,0
DA:118,0
DA:119,0
DA:120,0
DA:122,0
DA:124,0
DA:125,0
DA:128,0
DA:129,0
DA:130,0
DA:131,0
DA:134,0
DA:135,0
DA:136,0
DA:137,0
DA:140,0
DA:142,0
DA:216,0
DA:228,0
DA:246,0
DA:254,0
DA:271,0
DA:272,0
DA:273,0
DA:296,0
DA:309,0
DA:311,0
LF:86
LH:0
BRDA:25,0,0,0
BRDA:25,0,1,0
BRDA:25,0,2,0
BRDA:46,1,0,0
BRDA:66,2,0,0
BRDA:66,3,0,0
BRDA:66,3,1,0
BRDA:66,3,2,0
BRDA:66,3,3,0
BRDA:66,3,4,0
BRDA:66,3,5,0
BRDA:85,4,0,0
BRDA:85,4,1,0
BRDA:86,5,0,0
BRDA:86,5,1,0
BRDA:86,6,0,0
BRDA:86,6,1,0
BRDA:91,7,0,0
BRDA:91,7,1,0
BRDA:92,8,0,0
BRDA:92,8,1,0
BRDA:101,9,0,0
BRDA:103,10,0,0
BRDA:103,10,1,0
BRDA:103,10,2,0
BRDA:107,11,0,0
BRDA:114,12,0,0
BRDA:118,13,0,0
BRDA:118,13,1,0
BRDA:118,14,0,0
BRDA:118,14,1,0
BRDA:118,14,2,0
BRDA:151,15,0,0
BRDA:151,15,1,0
BRDA:151,16,0,0
BRDA:151,16,1,0
BRDA:152,17,0,0
BRDA:152,17,1,0
BRDA:153,18,0,0
BRDA:153,18,1,0
BRDA:160,19,0,0
BRDA:160,19,1,0
BRDA:161,20,0,0
BRDA:161,20,1,0
BRDA:162,21,0,0
BRDA:162,21,1,0
BRDA:164,22,0,0
BRDA:164,22,1,0
BRDA:166,23,0,0
BRDA:166,23,1,0
BRDA:169,24,0,0
BRDA:169,24,1,0
BRDA:170,25,0,0
BRDA:170,25,1,0
BRDA:174,26,0,0
BRDA:174,26,1,0
BRDA:221,27,0,0
BRDA:221,27,1,0
BRDA:242,28,0,0
BRDA:242,28,1,0
BRDA:250,29,0,0
BRDA:250,29,1,0
BRDA:266,30,0,0
BRDA:266,30,1,0
BRDA:277,31,0,0
BRDA:277,31,1,0
BRDA:303,32,0,0
BRDA:303,32,1,0
BRDA:315,33,0,0
BRDA:315,33,1,0
BRDA:315,34,0,0
BRDA:315,34,1,0
BRDA:315,35,0,0
BRDA:315,35,1,0
BRF:74
BRH:0
end_of_record
TN:
SF:src/components/games/LudoGame.tsx
FN:14,(anonymous_0)
FN:36,(anonymous_1)
FN:66,(anonymous_2)
FN:72,LudoGame
FN:78,(anonymous_4)
FN:80,(anonymous_5)
FN:84,(anonymous_6)
FN:88,(anonymous_7)
FN:101,(anonymous_8)
FN:107,(anonymous_9)
FN:113,(anonymous_10)
FN:126,(anonymous_11)
FN:139,(anonymous_12)
FN:142,(anonymous_13)
FN:142,(anonymous_14)
FN:166,(anonymous_15)
FN:176,(anonymous_16)
FN:190,(anonymous_17)
FN:212,(anonymous_18)
FN:237,(anonymous_19)
FN:238,(anonymous_20)
FN:248,(anonymous_21)
FNF:22
FNH:0
FNDA:0,(anonymous_0)
FNDA:0,(anonymous_1)
FNDA:0,(anonymous_2)
FNDA:0,LudoGame
FNDA:0,(anonymous_4)
FNDA:0,(anonymous_5)
FNDA:0,(anonymous_6)
FNDA:0,(anonymous_7)
FNDA:0,(anonymous_8)
FNDA:0,(anonymous_9)
FNDA:0,(anonymous_10)
FNDA:0,(anonymous_11)
FNDA:0,(anonymous_12)
FNDA:0,(anonymous_13)
FNDA:0,(anonymous_14)
FNDA:0,(anonymous_15)
FNDA:0,(anonymous_16)
FNDA:0,(anonymous_17)
FNDA:0,(anonymous_18)
FNDA:0,(anonymous_19)
FNDA:0,(anonymous_20)
FNDA:0,(anonymous_21)
DA:1,0
DA:3,0
DA:14,0
DA:17,0
DA:32,0
DA:33,0
DA:34,0
DA:36,0
DA:39,0
DA:46,0
DA:53,0
DA:59,0
DA:66,0
DA:67,0
DA:72,0
DA:73,0
DA:74,0
DA:76,0
DA:77,0
DA:78,0
DA:80,0
DA:81,0
DA:82,0
DA:84,0
DA:85,0
DA:87,0
DA:88,0
DA:89,0
DA:90,0
DA:91,0
DA:92,0
DA:93,0
DA:94,0
DA:95,0
DA:101,0
DA:102,0
DA:107,0
DA:108,0
DA:109,0
DA:113,0
DA:114,0
DA:116,0
DA:117,0
DA:118,0
DA:120,0
DA:126,0
DA:127,0
DA:129,0
DA:130,0
DA:132,0
DA:139,0
DA:140,0
DA:142,0
DA:143,0
DA:146,0
DA:147,0
DA:150,0
DA:152,0
DA:153,0
DA:157,0
DA:163,0
DA:166,0
DA:167,0
DA:173,0
DA:176,0
DA:177,0
DA:183,0
DA:186,0
DA:191,0
DA:213,0
DA:214,0
DA:217,0
DA:218,0
DA:225,0
DA:226,0
DA:227,0
DA:228,0
DA:230,0
DA:238,0
DA:239,0
DA:240,0
DA:241,0
DA:243,0
DA:248,0
LF:84
LH:0
BRDA:82,0,0,0
BRDA:91,1,0,0
BRDA:94,2,0,0
BRDA:108,3,0,0
BRDA:114,4,0,0
BRDA:114,5,0,0
BRDA:114,5,1,0
BRDA:118,6,0,0
BRDA:127,7,0,0
BRDA:127,8,0,0
BRDA:127,8,1,0
BRDA:130,9,0,0
BRDA:140,10,0,0
BRDA:142,11,0,0
BRDA:142,11,1,0
BRDA:146,12,0,0
BRDA:150,13,0,0
BRDA:173,14,0,0
BRDA:173,14,1,0
BRDA:183,15,0,0
BRDA:183,15,1,0
BRDA:194,16,0,0
BRDA:194,16,1,0
BRDA:200,17,0,0
BRDA:200,17,1,0
BRDA:225,18,0,0
BRDA:225,19,0,0
BRDA:225,19,1,0
BRDA:226,20,0,0
BRDA:226,21,0,0
BRDA:226,21,1,0
BRDA:227,22,0,0
BRDA:227,23,0,0
BRDA:227,23,1,0
BRDA:228,24,0,0
BRDA:228,25,0,0
BRDA:228,25,1,0
BRDA:232,26,0,0
BRDA:232,26,1,0
BRDA:240,27,0,0
BRDA:240,27,1,0
BRDA:241,28,0,0
BRDA:241,28,1,0
BRDA:249,29,0,0
BRDA:249,29,1,0
BRDA:249,29,2,0
BRDA:251,30,0,0
BRDA:251,30,1,0
BRDA:251,31,0,0
BRDA:251,31,1,0
BRDA:251,31,2,0
BRDA:265,32,0,0
BRDA:265,32,1,0
BRDA:275,33,0,0
BRDA:275,33,1,0
BRDA:278,34,0,0
BRDA:278,34,1,0
BRDA:278,34,2,0
BRDA:280,35,0,0
BRDA:280,35,1,0
BRDA:281,36,0,0
BRDA:281,36,1,0
BRDA:283,37,0,0
BRDA:283,37,1,0
BRDA:286,38,0,0
BRDA:286,38,1,0
BRF:66
BRH:0
end_of_record
TN:
SF:src/components/games/UnoGame.tsx
FN:12,UnoGame
FN:23,(anonymous_1)
FN:26,(anonymous_2)
FN:28,(anonymous_3)
FN:32,(anonymous_4)
FN:37,(anonymous_5)
FN:42,(anonymous_6)
FN:53,(anonymous_7)
FN:63,(anonymous_8)
FN:75,(anonymous_9)
FN:87,(anonymous_10)
FN:107,(anonymous_11)
FN:124,(anonymous_12)
FN:137,(anonymous_13)
FN:150,(anonymous_14)
FN:160,(anonymous_15)
FN:177,(anonymous_16)
FN:203,(anonymous_17)
FN:217,(anonymous_18)
FN:277,(anonymous_19)
FN:282,(anonymous_20)
FN:313,(anonymous_21)
FN:316,(anonymous_22)
FNF:23
FNH:0
FNDA:0,UnoGame
FNDA:0,(anonymous_1)
FNDA:0,(anonymous_2)
FNDA:0,(anonymous_3)
FNDA:0,(anonymous_4)
FNDA:0,(anonymous_5)
FNDA:0,(anonymous_6)
FNDA:0,(anonymous_7)
FNDA:0,(anonymous_8)
FNDA:0,(anonymous_9)
FNDA:0,(anonymous_10)
FNDA:0,(anonymous_11)
FNDA:0,(anonymous_12)
FNDA:0,(anonymous_13)
FNDA:0,(anonymous_14)
FNDA:0,(anonymous_15)
FNDA:0,(anonymous_16)
FNDA:0,(anonymous_17)
FNDA:0,(anonymous_18)
FNDA:0,(anonymous_19)
FNDA:0,(anonymous_20)
FNDA:0,(anonymous_21)
FNDA:0,(anonymous_22)
DA:1,0
DA:3,0
DA:12,0
DA:13,0
DA:14,0
DA:16,0
DA:17,0
DA:18,0
DA:19,0
DA:22,0
DA:23,0
DA:25,0
DA:26,0
DA:28,0
DA:29,0
DA:30,0
DA:32,0
DA:33,0
DA:34,0
DA:37,0
DA:38,0
DA:42,0
DA:43,0
DA:50,0
DA:53,0
DA:54,0
DA:55,0
DA:56,0
DA:57,0
DA:58,0
DA:59,0
DA:60,0
DA:63,0
DA:64,0
DA:67,0
DA:68,0
DA:71,0
DA:74,0
DA:75,0
DA:76,0
DA:79,0
DA:80,0
DA:81,0
DA:82,0
DA:84,0
DA:87,0
DA:88,0
DA:89,0
DA:91,0
DA:92,0
DA:93,0
DA:94,0
DA:97,0
DA:98,0
DA:100,0
DA:107,0
DA:108,0
DA:110,0
DA:111,0
DA:113,0
DA:120,0
DA:121,0
DA:124,0
DA:125,0
DA:126,0
DA:128,0
DA:129,0
DA:131,0
DA:137,0
DA:138,0
DA:139,0
DA:141,0
DA:142,0
DA:144,0
DA:150,0
DA:151,0
DA:152,0
DA:154,0
DA:160,0
DA:161,0
DA:162,0
DA:164,0
DA:171,0
DA:172,0
DA:177,0
DA:186,0
DA:204,0
DA:205,0
DA:206,0
DA:217,0
DA:278,0
DA:279,0
DA:282,0
DA:314,0
DA:316,0
LF:95
LH:0
BRDA:22,0,0,0
BRDA:22,0,1,0
BRDA:26,1,0,0
BRDA:26,1,1,0
BRDA:30,2,0,0
BRDA:50,3,0,0
BRDA:50,3,1,0
BRDA:54,4,0,0
BRDA:55,5,0,0
BRDA:56,6,0,0
BRDA:57,7,0,0
BRDA:58,8,0,0
BRDA:59,9,0,0
BRDA:64,10,0,0
BRDA:67,11,0,0
BRDA:67,12,0,0
BRDA:67,12,1,0
BRDA:71,13,0,0
BRDA:74,14,0,0
BRDA:74,15,0,0
BRDA:74,15,1,0
BRDA:75,16,0,0
BRDA:75,16,1,0
BRDA:76,17,0,0
BRDA:79,18,0,0
BRDA:79,19,0,0
BRDA:79,19,1,0
BRDA:80,20,0,0
BRDA:81,21,0,0
BRDA:81,22,0,0
BRDA:81,22,1,0
BRDA:82,23,0,0
BRDA:82,24,0,0
BRDA:82,24,1,0
BRDA:82,24,2,0
BRDA:88,25,0,0
BRDA:89,26,0,0
BRDA:91,27,0,0
BRDA:91,28,0,0
BRDA:91,28,1,0
BRDA:98,29,0,0
BRDA:108,30,0,0
BRDA:111,31,0,0
BRDA:125,32,0,0
BRDA:126,33,0,0
BRDA:129,34,0,0
BRDA:138,35,0,0
BRDA:139,36,0,0
BRDA:142,37,0,0
BRDA:152,38,0,0
BRDA:162,39,0,0
BRDA:171,40,0,0
BRDA:197,41,0,0
BRDA:197,41,1,0
BRDA:204,42,0,0
BRDA:207,43,0,0
BRDA:207,43,1,0
BRDA:210,44,0,0
BRDA:210,44,1,0
BRDA:215,45,0,0
BRDA:215,45,1,0
BRDA:215,45,2,0
BRDA:233,46,0,0
BRDA:233,46,1,0
BRDA:233,47,0,0
BRDA:233,47,1,0
BRDA:238,48,0,0
BRDA:238,48,1,0
BRDA:238,48,2,0
BRDA:249,49,0,0
BRDA:249,49,1,0
BRDA:264,50,0,0
BRDA:264,50,1,0
BRDA:264,50,2,0
BRDA:264,51,0,0
BRDA:264,51,1,0
BRDA:267,52,0,0
BRDA:267,52,1,0
BRDA:267,53,0,0
BRDA:267,53,1,0
BRDA:267,53,2,0
BRDA:267,54,0,0
BRDA:267,54,1,0
BRDA:286,55,0,0
BRDA:286,55,1,0
BRDA:287,56,0,0
BRDA:287,56,1,0
BRDA:300,57,0,0
BRDA:300,57,1,0
BRDA:302,58,0,0
BRDA:302,58,1,0
BRDA:308,59,0,0
BRDA:308,59,1,0
BRF:93
BRH:0
end_of_record
TN:
SF:src/lib/chessEngine.ts
FN:43,makeEmptyBoard
FN:47,fenToGameState
FN:78,gameStateToFEN
FN:107,squareToAlgebraic
FN:112,algebraicToSquare
FN:125,onBoard
FN:126,fileOf
FN:127,rankOf
FN:129,cloneGameState
FN:141,generatePseudoLegalMoves
FN:159,generatePawnMoves
FN:166,(anonymous_11)
FN:188,(anonymous_12)
FN:202,generateKnightMoves
FN:213,generateSlidingMoves
FN:244,generateKingMoves
FN:262,makeMove
FN:320,undoMove
FN:345,isSquareAttacked
FN:409,findKingSquare
FN:417,inCheck
FN:423,generateLegalMoves
FN:449,gameStatus
FNF:23
FNH:21
FNDA:6,makeEmptyBoard
FNDA:6,fenToGameState
FNDA:1,gameStateToFEN
FNDA:0,squareToAlgebraic
FNDA:1,algebraicToSquare
FNDA:2675,onBoard
FNDA:3707,fileOf
FNDA:1679,rankOf
FNDA:82,cloneGameState
FNDA:5,generatePseudoLegalMoves
FNDA:25,generatePawnMoves
FNDA:4,(anonymous_11)
FNDA:0,(anonymous_12)
FNDA:5,generateKnightMoves
FNDA:14,generateSlidingMoves
FNDA:5,generateKingMoves
FNDA:85,makeMove
FNDA:3,undoMove
FNDA:87,isSquareAttacked
FNDA:84,findKingSquare
FNDA:84,inCheck
FNDA:5,generateLegalMoves
FNDA:2,gameStatus
DA:41,1
DA:43,1
DA:44,6
DA:47,1
DA:48,6
DA:49,6
DA:50,6
DA:51,6
DA:52,6
DA:53,48
DA:54,48
DA:55,48
DA:56,174
DA:57,42
DA:59,132
DA:60,132
DA:61,132
DA:62,132
DA:66,6
DA:67,6
DA:68,6
DA:69,6
DA:70,6
DA:71,6
DA:72,6
DA:73,6
DA:74,6
DA:75,6
DA:78,1
DA:79,1
DA:80,1
DA:81,8
DA:82,8
DA:83,8
DA:84,64
DA:85,64
DA:87,32
DA:88,32
DA:89,32
DA:92,8
DA:93,8
DA:95,1
DA:96,1
DA:97,1
DA:98,1
DA:99,1
DA:100,1
DA:101,1
DA:102,1
DA:103,1
DA:104,1
DA:107,1
DA:108,0
DA:109,0
DA:110,0
DA:112,1
DA:113,1
DA:114,1
DA:115,1
DA:125,2675
DA:126,3707
DA:127,1679
DA:129,1
DA:130,82
DA:141,1
DA:142,5
DA:143,5
DA:144,5
DA:145,320
DA:146,320
DA:147,49
DA:148,25
DA:149,5
DA:150,5
DA:151,6
DA:152,3
DA:153,5
DA:156,5
DA:160,25
DA:161,25
DA:162,25
DA:163,25
DA:164,25
DA:165,25
DA:166,4
DA:168,24
DA:169,24
DA:170,21
DA:171,21
DA:172,20
DA:177,25
DA:178,25
DA:179,50
DA:180,50
DA:182,50
DA:183,50
DA:185,43
DA:186,43
DA:187,0
DA:188,0
DA:190,0
DA:192,43
DA:193,1
DA:194,1
DA:195,1
DA:196,1
DA:203,5
DA:204,5
DA:205,40
DA:206,40
DA:207,22
DA:208,15
DA:209,15
DA:214,14
DA:215,14
DA:216,68
DA:217,68
DA:218,68
DA:220,68
DA:221,53
DA:224,53
DA:225,17
DA:226,36
DA:227,27
DA:230,47
DA:231,47
DA:232,13
DA:234,34
DA:235,34
DA:238,13
DA:239,13
DA:245,5
DA:246,5
DA:247,40
DA:248,40
DA:249,27
DA:250,21
DA:251,21
DA:253,5
DA:254,4
DA:255,4
DA:257,1
DA:258,1
DA:262,1
DA:263,85
DA:270,85
DA:271,85
DA:272,2
DA:273,2
DA:274,2
DA:276,83
DA:278,85
DA:279,85
DA:281,85
DA:282,11
DA:283,3
DA:284,11
DA:285,2
DA:286,2
DA:287,0
DA:288,0
DA:289,0
DA:290,0
DA:291,0
DA:292,0
DA:296,85
DA:297,2
DA:298,2
DA:299,2
DA:300,2
DA:302,85
DA:303,0
DA:304,0
DA:305,0
DA:306,0
DA:307,0
DA:310,85
DA:311,85
DA:312,20
DA:315,85
DA:316,85
DA:317,85
DA:320,1
DA:321,3
DA:322,3
DA:323,3
DA:324,3
DA:325,3
DA:326,3
DA:327,3
DA:328,1
DA:329,1
DA:330,1
DA:332,2
DA:334,3
DA:335,1
DA:336,1
DA:337,1
DA:338,1
DA:340,3
DA:341,3
DA:342,3
DA:345,1
DA:348,87
DA:352,87
DA:353,174
DA:355,174
DA:356,167
DA:357,167
DA:363,87
DA:364,87
DA:365,696
DA:366,696
DA:367,371
DA:368,336
DA:369,336
DA:373,87
DA:378,87
DA:379,625
DA:380,625
DA:382,815
DA:383,815
DA:384,815
DA:385,815
DA:387,777
DA:388,777
DA:389,366
DA:390,343
DA:392,411
DA:397,64
DA:398,64
DA:399,512
DA:400,512
DA:401,334
DA:402,316
DA:403,316
DA:406,64
DA:409,1
DA:410,84
DA:411,669
DA:412,669
DA:414,0
DA:417,1
DA:418,84
DA:419,84
DA:420,84
DA:423,1
DA:424,5
DA:425,5
DA:426,5
DA:428,5
DA:430,82
DA:431,1
DA:432,1
DA:433,1
DA:434,3
DA:435,0
DA:438,1
DA:442,82
DA:443,82
DA:444,82
DA:446,5
DA:449,1
DA:450,2
DA:451,2
DA:452,2
DA:453,2
DA:454,1
DA:456,0
LF:269
LH:249
BRDA:47,0,0,0
BRDA:49,1,0,0
BRDA:56,2,0,42
BRDA:56,2,1,132
BRDA:59,3,0,66
BRDA:59,3,1,66
BRDA:66,4,0,5
BRDA:66,4,1,1
BRDA:68,5,0,4
BRDA:69,6,0,4
BRDA:70,7,0,4
BRDA:71,8,0,4
BRDA:72,9,0,5
BRDA:72,9,1,1
BRDA:73,10,0,6
BRDA:73,10,1,0
BRDA:74,11,0,6
BRDA:74,11,1,0
BRDA:85,12,0,32
BRDA:85,12,1,32
BRDA:87,13,0,0
BRDA:88,14,0,16
BRDA:88,14,1,16
BRDA:92,15,0,4
BRDA:96,16,0,1
BRDA:96,16,1,0
BRDA:98,17,0,1
BRDA:99,18,0,1
BRDA:100,19,0,1
BRDA:101,20,0,1
BRDA:102,21,0,0
BRDA:103,22,0,1
BRDA:103,22,1,0
BRDA:125,23,0,2675
BRDA:125,23,1,1922
BRDA:146,24,0,271
BRDA:146,25,0,320
BRDA:146,25,1,100
BRDA:147,26,0,25
BRDA:147,26,1,5
BRDA:147,26,2,5
BRDA:147,26,3,6
BRDA:147,26,4,3
BRDA:147,26,5,5
BRDA:160,27,0,25
BRDA:160,27,1,0
BRDA:161,28,0,25
BRDA:161,28,1,0
BRDA:162,29,0,25
BRDA:162,29,1,0
BRDA:164,30,0,25
BRDA:164,31,0,25
BRDA:164,31,1,25
BRDA:165,32,0,1
BRDA:165,32,1,24
BRDA:169,33,0,21
BRDA:171,34,0,20
BRDA:171,35,0,21
BRDA:171,35,1,21
BRDA:177,36,0,25
BRDA:177,36,1,0
BRDA:180,37,0,0
BRDA:183,38,0,7
BRDA:186,39,0,0
BRDA:186,39,1,43
BRDA:186,40,0,43
BRDA:186,40,1,2
BRDA:187,41,0,0
BRDA:187,41,1,0
BRDA:192,42,0,1
BRDA:192,43,0,43
BRDA:192,43,1,14
BRDA:193,44,0,1
BRDA:193,44,1,0
BRDA:195,45,0,1
BRDA:195,46,0,1
BRDA:195,46,1,1
BRDA:195,46,2,1
BRDA:206,47,0,18
BRDA:207,48,0,7
BRDA:209,49,0,10
BRDA:209,50,0,15
BRDA:209,50,1,5
BRDA:209,51,0,10
BRDA:209,51,1,10
BRDA:224,52,0,17
BRDA:224,52,1,36
BRDA:224,53,0,53
BRDA:224,53,1,44
BRDA:225,54,0,3
BRDA:226,55,0,27
BRDA:226,56,0,36
BRDA:226,56,1,22
BRDA:226,56,2,9
BRDA:226,56,3,9
BRDA:227,57,0,3
BRDA:231,58,0,13
BRDA:231,58,1,34
BRDA:234,59,0,0
BRDA:248,60,0,13
BRDA:249,61,0,6
BRDA:251,62,0,9
BRDA:251,63,0,21
BRDA:251,63,1,12
BRDA:251,64,0,9
BRDA:251,64,1,9
BRDA:253,65,0,4
BRDA:253,65,1,1
BRDA:254,66,0,1
BRDA:254,67,0,4
BRDA:254,67,1,3
BRDA:254,67,2,1
BRDA:255,68,0,0
BRDA:255,69,0,4
BRDA:255,69,1,3
BRDA:255,69,2,0
BRDA:255,69,3,0
BRDA:257,70,0,0
BRDA:257,71,0,1
BRDA:257,71,1,0
BRDA:257,71,2,0
BRDA:258,72,0,0
BRDA:258,73,0,1
BRDA:258,73,1,0
BRDA:258,73,2,0
BRDA:258,73,3,0
BRDA:271,74,0,2
BRDA:271,74,1,83
BRDA:272,75,0,2
BRDA:272,75,1,0
BRDA:278,76,0,5
BRDA:278,76,1,80
BRDA:281,77,0,11
BRDA:282,78,0,8
BRDA:282,78,1,3
BRDA:284,79,0,2
BRDA:285,80,0,2
BRDA:285,80,1,0
BRDA:287,81,0,0
BRDA:287,81,1,0
BRDA:289,82,0,0
BRDA:289,82,1,0
BRDA:291,83,0,0
BRDA:296,84,0,2
BRDA:297,85,0,0
BRDA:298,86,0,2
BRDA:299,87,0,0
BRDA:300,88,0,0
BRDA:302,89,0,0
BRDA:302,90,0,85
BRDA:302,90,1,2
BRDA:304,91,0,0
BRDA:305,92,0,0
BRDA:306,93,0,0
BRDA:307,94,0,0
BRDA:311,95,0,20
BRDA:311,96,0,85
BRDA:311,96,1,51
BRDA:315,97,0,51
BRDA:315,97,1,34
BRDA:315,98,0,85
BRDA:315,98,1,34
BRDA:316,99,0,3
BRDA:317,100,0,82
BRDA:317,100,1,3
BRDA:322,101,0,0
BRDA:324,102,0,0
BRDA:324,102,1,3
BRDA:325,103,0,0
BRDA:327,104,0,1
BRDA:327,104,1,2
BRDA:328,105,0,1
BRDA:328,105,1,0
BRDA:329,106,0,1
BRDA:329,106,1,0
BRDA:332,107,0,2
BRDA:332,107,1,2
BRDA:334,108,0,1
BRDA:335,109,0,1
BRDA:336,110,0,0
BRDA:337,111,0,0
BRDA:338,112,0,0
BRDA:348,113,0,4
BRDA:348,113,1,83
BRDA:353,114,0,174
BRDA:355,115,0,167
BRDA:357,116,0,0
BRDA:357,117,0,167
BRDA:357,117,1,120
BRDA:357,117,2,119
BRDA:366,118,0,325
BRDA:367,119,0,35
BRDA:369,120,0,0
BRDA:369,121,0,336
BRDA:369,121,1,150
BRDA:369,121,2,2
BRDA:385,122,0,38
BRDA:385,123,0,815
BRDA:385,123,1,777
BRDA:388,124,0,366
BRDA:389,125,0,23
BRDA:389,126,0,366
BRDA:389,126,1,30
BRDA:389,126,2,30
BRDA:400,127,0,178
BRDA:401,128,0,18
BRDA:403,129,0,0
BRDA:403,130,0,316
BRDA:403,130,1,208
BRDA:403,130,2,1
BRDA:412,131,0,84
BRDA:412,132,0,669
BRDA:412,132,1,395
BRDA:412,132,2,95
BRDA:419,133,0,0
BRDA:420,134,0,80
BRDA:420,134,1,4
BRDA:426,135,0,4
BRDA:426,135,1,1
BRDA:430,136,0,1
BRDA:431,137,0,1
BRDA:431,137,1,0
BRDA:431,138,0,0
BRDA:431,138,1,0
BRDA:431,139,0,0
BRDA:431,139,1,0
BRDA:434,140,0,0
BRDA:438,141,0,0
BRDA:444,142,0,60
BRDA:452,143,0,2
BRDA:453,144,0,1
BRDA:453,144,1,1
BRF:232
BRH:170
end_of_record
TN:
SF:src/services/socket.ts
FN:3,(anonymous_0)
FN:6,(anonymous_1)
FN:23,(anonymous_2)
FN:27,(anonymous_3)
FN:34,(anonymous_4)
FN:38,(anonymous_5)
FNF:6
FNH:0
FNDA:0,(anonymous_0)
FNDA:0,(anonymous_1)
FNDA:0,(anonymous_2)
FNDA:0,(anonymous_3)
FNDA:0,(anonymous_4)
FNDA:0,(anonymous_5)
DA:1,0
DA:4,0
DA:7,0
DA:8,0
DA:12,0
DA:16,0
DA:23,0
DA:24,0
DA:27,0
DA:28,0
DA:31,0
DA:35,0
DA:39,0
DA:40,0
DA:41,0
DA:46,0
LF:16
LH:0
BRDA:7,0,0,0
BRDA:12,1,0,0
BRDA:12,1,1,0
BRDA:39,2,0,0
BRF:4
BRH:0
end_of_record
TN:
SF:src/workers/aiWorker.ts
FN:10,evaluate
FN:21,minimax
FN:29,(anonymous_2)
FN:56,(anonymous_3)
FNF:4
FNH:0
FNDA:0,evaluate
FNDA:0,minimax
FNDA:0,(anonymous_2)
FNDA:0,(anonymous_3)
DA:1,0
DA:6,0
DA:11,0
DA:12,0
DA:13,0
DA:14,0
DA:15,0
DA:18,0
DA:22,0
DA:23,0
DA:24,0
DA:25,0
DA:27,0
DA:29,0
DA:31,0
DA:32,0
DA:33,0
DA:34,0
DA:35,0
DA:36,0
DA:37,0
DA:38,0
DA:39,0
DA:41,0
DA:43,0
DA:44,0
DA:45,0
DA:46,0
DA:47,0
DA:48,0
DA:49,0
DA:50,0
DA:52,0
DA:56,0
DA:57,0
DA:58,0
DA:60,0
DA:61,0
DA:62,0
DA:63,0
DA:66,0
DA:67,0
DA:68,0
DA:71,0
DA:72,0
DA:73,0
DA:74,0
DA:76,0
DA:77,0
DA:78,0
DA:79,0
DA:82,0
DA:83,0
DA:84,0
DA:89,0
LF:55
LH:0
BRDA:13,0,0,0
BRDA:15,1,0,0
BRDA:15,1,1,0
BRDA:23,2,0,0
BRDA:23,3,0,0
BRDA:23,3,1,0
BRDA:24,4,0,0
BRDA:24,5,0,0
BRDA:24,5,1,0
BRDA:25,6,0,0
BRDA:29,7,0,0
BRDA:29,7,1,0
BRDA:29,8,0,0
BRDA:29,8,1,0
BRDA:31,9,0,0
BRDA:31,9,1,0
BRDA:39,10,0,0
BRDA:50,11,0,0
BRDA:61,12,0,0
BRDA:67,13,0,0
BRDA:67,13,1,0
BRDA:76,14,0,0
BRDA:76,14,1,0
BRDA:77,15,0,0
BRDA:82,16,0,0
BRF:25
BRH:0
end_of_record
